#
# A fatal error has been detected by the Java Runtime Environment:
#
#  EXCEPTION_ACCESS_VIOLATION (0xc0000005) at pc=0x00007ffcf6c3eb16, pid=8140, tid=18388
#
# JRE version: Java(TM) SE Runtime Environment (9.0+11) (build 9.0.4+11)
# Java VM: Java HotSpot(TM) 64-Bit Server VM (9.0.4+11, mixed mode, tiered, compressed oops, g1 gc, windows-amd64)
# Problematic frame:
# C  [librdi_coregen.dll+0xd9eb16]
#
# No core dump will be written. Minidumps are not enabled by default on client versions of Windows
#
# If you would like to submit a bug report, please visit:
#   http://bugreport.java.com/bugreport/crash.jsp
# The crash happened outside the Java Virtual Machine in native code.
# See problematic frame for where to report the bug.
#

---------------  S U M M A R Y ------------

Command Line: -Dsun.java2d.pmoffscreen=false -Dsun.java2d.xrender=false -Dsun.java2d.d3d=false -Dsun.awt.nopixfmt=true -Dsun.java2d.dpiaware=true -Dsun.java2d.uiScale.enabled=false -Xverify:none -Dswing.aatext=true -XX:-UsePerfData -Djdk.map.althashing.threshold=512 -XX:StringTableSize=4072 --add-opens=java.base/java.nio=ALL-UNNAMED --add-opens=java.desktop/sun.swing=ALL-UNNAMED --add-opens=java.desktop/javax.swing=ALL-UNNAMED --add-opens=java.desktop/javax.swing.tree=ALL-UNNAMED --add-opens=java.desktop/javax.swing.plaf.basic=ALL-UNNAMED --add-opens=java.desktop/javax.swing.plaf.synth=ALL-UNNAMED --add-opens=java.desktop/com.sun.awt=ALL-UNNAMED -XX:NewSize=60m -XX:MaxNewSize=60m -Xms128m -Xmx3072m -Xss5m 

Host: Intel(R) Core(TM) i7-10510U CPU @ 1.80GHz, 8 cores, 15G,  Windows 10 , 64 bit Build 19041 (10.0.19041.1645)
Time: Sun May 15 21:44:44 2022 ?D1¨²¡À¨º¡Á?¨º¡À?? elapsed time: 36 seconds (0d 0h 0m 36s)

---------------  T H R E A D  ---------------

Current thread (0x0000022ec860a000):  JavaThread "AWT-EventQueue-1" [_thread_in_native, id=18388, stack(0x000000d5eff00000,0x000000d5f0400000)]

Stack: [0x000000d5eff00000,0x000000d5f0400000],  sp=0x000000d5f03fcd50,  free space=5107k
Native frames: (J=compiled Java code, j=interpreted, Vv=VM code, C=native code)
C  [librdi_coregen.dll+0xd9eb16]
C  [librdi_coregen.dll+0xda143f]
C  [librdi_coregen.dll+0xe05d2f]
C  [librdi_coregen.dll+0xe0439b]
C  0x0000022eae7f921c

Java frames: (J=compiled Java code, j=interpreted, Vv=VM code)
j  ui.xpeguajni.XPG_JModelJNI.new_XPG_JTop(JLui/xpeguajni/ap;)J+0
j  ui.xpeguajni.ad.<init>(Lui/xpeguajni/ap;)V+6
j  ui.xpeguajni.XPG_JModel.<init>(JJ)V+10
j  ui.b.f.r.cRf()Lui/data/coregen/a/cZ;+22
j  ui.b.f.r.cY()Ljava/awt/Component;+89
j  ui.b.f.r.h(Lui/views/cn;)V+34
j  ui.b.f.r.<init>(Ljava/awt/Component;Lui/views/cn;Lui/project/r;Lui/data/coregen/bh;ZLui/data/common/a/q;Lui/frmwork/T;Z)V+125
j  ui.views.S.a.b.a(Ljava/awt/Component;Lui/frmwork/T;Lui/data/coregen/bh;Z)V+23
j  ui.views.S.a.p.gtX()V+43
j  ui.views.S.a.p.taskEnded(I)V+42
j  ui.views.x.a.y.b(I)V+37
j  ui.views.S.a.p.b(I)V+13
j  ui.b.c.bx.y()V+200
j  ui.b.c.bG.finished()V+4
j  ui.frmwork.x.run()V+11
J 10400 c1 java.awt.event.InvocationEvent.dispatch()V java.desktop@9.0.4 (69 bytes) @ 0x0000022eb08a642c [0x0000022eb08a6220+0x000000000000020c]
J 10443 c1 java.awt.EventQueue.dispatchEventImpl(Ljava/awt/AWTEvent;Ljava/lang/Object;)V java.desktop@9.0.4 (136 bytes) @ 0x0000022eb08c1284 [0x0000022eb08bf8c0+0x00000000000019c4]
J 10441 c1 java.awt.EventQueue$3.run()Ljava/lang/Void; java.desktop@9.0.4 (60 bytes) @ 0x0000022eb08bed24 [0x0000022eb08beb20+0x0000000000000204]
J 10440 c1 java.awt.EventQueue$3.run()Ljava/lang/Object; java.desktop@9.0.4 (5 bytes) @ 0x0000022eb08be744 [0x0000022eb08be6c0+0x0000000000000084]
v  ~StubRoutines::call_stub
J 2924  java.security.AccessController.doPrivileged(Ljava/security/PrivilegedAction;Ljava/security/AccessControlContext;)Ljava/lang/Object; java.base@9.0.4 (0 bytes) @ 0x0000022eb643b2c6 [0x0000022eb643b260+0x0000000000000066]
J 10469 c1 java.awt.EventQueue.dispatchEvent(Ljava/awt/AWTEvent;)V java.desktop@9.0.4 (80 bytes) @ 0x0000022eb08eb31c [0x0000022eb08ea9a0+0x000000000000097c]
J 10331 c1 ui.frmwork.b.d.dispatchEvent(Ljava/awt/AWTEvent;)V (34 bytes) @ 0x0000022eb087bd64 [0x0000022eb087bca0+0x00000000000000c4]
J 10446 c1 java.awt.EventDispatchThread.pumpOneEventForFilters(I)V java.desktop@9.0.4 (218 bytes) @ 0x0000022eb08dd3bc [0x0000022eb08dbfc0+0x00000000000013fc]
j  java.awt.EventDispatchThread.pumpEventsForFilter(ILjava/awt/Conditional;Ljava/awt/EventFilter;)V+35 java.desktop@9.0.4
j  java.awt.EventDispatchThread.pumpEventsForHierarchy(ILjava/awt/Conditional;Ljava/awt/Component;)V+11 java.desktop@9.0.4
j  java.awt.EventDispatchThread.pumpEvents(ILjava/awt/Conditional;)V+4 java.desktop@9.0.4
j  java.awt.EventDispatchThread.pumpEvents(Ljava/awt/Conditional;)V+3 java.desktop@9.0.4
j  java.awt.EventDispatchThread.run()V+9 java.desktop@9.0.4
v  ~StubRoutines::call_stub

siginfo: EXCEPTION_ACCESS_VIOLATION (0xc0000005), reading address 0x00000000000001f0


Register to memory mapping:

RIP=0x00007ffcf6c3eb16 librdi_coregen.dll
RAX=0x0000000000000010 is an unknown value
RBX=0x000000d5f03fcdf8 is pointing into the stack for thread: 0x0000022ec860a000
RCX=0x00000000000001f0 is an unknown value
RDX=0x000000d5f03fcdf8 is pointing into the stack for thread: 0x0000022ec860a000
RSP=0x000000d5f03fcd50 is pointing into the stack for thread: 0x0000022ec860a000
RBP=0x000000d5f03fcfb0 is pointing into the stack for thread: 0x0000022ec860a000
RSI=0x00000000000001f0 is an unknown value
RDI=0x000000d5f03fcde8 is pointing into the stack for thread: 0x0000022ec860a000
R8 =0x0000000000000000 is an unknown value
R9 =0x000000d5f03fcde8 is pointing into the stack for thread: 0x0000022ec860a000
R10=0x0000000000000000 is an unknown value
R11=0xf9bffaf7ff1fddff is an unknown value
R12=0x0000000000000000 is an unknown value
R13={method} {0x0000022edd8d2d20} 'new_XPG_JTop' '(JLui/xpeguajni/ap;)J' in 'ui/xpeguajni/XPG_JModelJNI'
R14=0x000000d5f03fcfe0 is pointing into the stack for thread: 0x0000022ec860a000
R15=0x0000022ec860a000 is a thread


Registers:
RAX=0x0000000000000010, RBX=0x000000d5f03fcdf8, RCX=0x00000000000001f0, RDX=0x000000d5f03fcdf8
RSP=0x000000d5f03fcd50, RBP=0x000000d5f03fcfb0, RSI=0x00000000000001f0, RDI=0x000000d5f03fcde8
R8 =0x0000000000000000, R9 =0x000000d5f03fcde8, R10=0x0000000000000000, R11=0xf9bffaf7ff1fddff
R12=0x0000000000000000, R13=0x0000022edd8d2d18, R14=0x000000d5f03fcfe0, R15=0x0000022ec860a000
RIP=0x00007ffcf6c3eb16, EFLAGS=0x0000000000010206

Top of Stack: (sp=0x000000d5f03fcd50)
0x000000d5f03fcd50:   0000000000000000 0000000000000000
0x000000d5f03fcd60:   0000000000000000 0000022ea7c57440
0x000000d5f03fcd70:   000000000000002f 0000000000000100
0x000000d5f03fcd80:   fffffffffffffffe 0000000000000100
0x000000d5f03fcd90:   0000022eae7eb110 00007ffcf6c4143f
0x000000d5f03fcda0:   000000d5f03fcf00 0000022ed25aec80
0x000000d5f03fcdb0:   0000000040000021 0000022ec860a000
0x000000d5f03fcdc0:   0000022ec860a010 000000d5f03fcfe0
0x000000d5f03fcdd0:   0000022edd8d2d18 0000000000000000
0x000000d5f03fcde0:   0000022eae7eb110 0000022ed25aec80
0x000000d5f03fcdf0:   fffffffffffffffe 00007ffd72acfde6
0x000000d5f03fce00:   0000000000000000 0000000000000020
0x000000d5f03fce10:   0000022ec860a000 0000f92e7e10759f
0x000000d5f03fce20:   0000022eae7eb110 00007ffcf6ca5d2f
0x000000d5f03fce30:   0000000000000020 000000006c7b535c
0x000000d5f03fce40:   0000022ec860a000 000000d5f03fcfe0 

Instructions: (pc=0x00007ffcf6c3eb16)
0x00007ffcf6c3eaf6:   48 c7 44 24 30 fe ff ff ff 48 89 5c 24 58 48 89
0x00007ffcf6c3eb06:   74 24 60 49 8b f9 45 0f b6 d0 48 8b da 48 8b f1
0x00007ffcf6c3eb16:   4c 8b 19 49 8b 43 08 4d 8b cb 41 b0 01 80 78 19
0x00007ffcf6c3eb26:   00 75 35 48 8b 17 0f 1f 40 00 4c 8b c8 45 84 d2 



---------------  P R O C E S S  ---------------

Java Threads: ( => current thread )
  0x0000022ed1926000 JavaThread "Monitor File Timestamp Swing Worker" [_thread_blocked, id=9708, stack(0x000000d5f4f00000,0x000000d5f5400000)]
  0x0000022ed1926800 JavaThread "Timer-1" [_thread_blocked, id=9260, stack(0x000000d5f4500000,0x000000d5f4a00000)]
  0x0000022ed192a800 JavaThread "Image Animator 0" daemon [_thread_blocked, id=13328, stack(0x000000d5f4a00000,0x000000d5f4f00000)]
  0x0000022ed1928000 JavaThread "Monitor File Timestamp Swing Worker" [_thread_blocked, id=5304, stack(0x000000d5f3e00000,0x000000d5f4300000)]
  0x0000022ed192c800 JavaThread "Timer-0" [_thread_blocked, id=12644, stack(0x000000d5f3900000,0x000000d5f3e00000)]
  0x0000022ed1927800 JavaThread "SyntheticaAnimation 50" daemon [_thread_blocked, id=10084, stack(0x000000d5f2000000,0x000000d5f2500000)]
  0x0000022ec845c800 JavaThread "hw_ila_monitor" [_thread_blocked, id=8040, stack(0x000000d5f2f00000,0x000000d5f3400000)]
  0x0000022ec845d000 JavaThread "Update Runs Swing Worker" [_thread_blocked, id=4352, stack(0x000000d5f2a00000,0x000000d5f2f00000)]
  0x0000022ec845b000 JavaThread "Refresh Filesets Swing Worker" [_thread_blocked, id=20072, stack(0x000000d5f0400000,0x000000d5f0900000)]
  0x0000022ec845b800 JavaThread "SyntheticaAnimation 70" daemon [_thread_blocked, id=2148, stack(0x000000d5f2500000,0x000000d5f2a00000)]
  0x0000022ec845e800 JavaThread "SyntheticaAnimation 25" daemon [_thread_blocked, id=19800, stack(0x000000d5f1b00000,0x000000d5f2000000)]
  0x0000022ec845f800 JavaThread "SyntheticaAnimation 50" daemon [_thread_blocked, id=19224, stack(0x000000d5f1600000,0x000000d5f1b00000)]
  0x0000022ec845e000 JavaThread "Monitor HEventQueue" [_thread_blocked, id=11456, stack(0x000000d5f1100000,0x000000d5f1600000)]
  0x0000022ec8459800 JavaThread "Batik CleanerThread" daemon [_thread_blocked, id=9984, stack(0x000000d5f0900000,0x000000d5f0e00000)]
  0x0000022ec8460000 JavaThread "SyntheticaCleanerThread" daemon [_thread_blocked, id=10928, stack(0x000000d5ef500000,0x000000d5efa00000)]
=>0x0000022ec860a000 JavaThread "AWT-EventQueue-1" [_thread_in_native, id=18388, stack(0x000000d5eff00000,0x000000d5f0400000)]
  0x0000022ec83a4800 JavaThread "Process Messages" [_thread_blocked, id=17884, stack(0x000000d5efa00000,0x000000d5eff00000)]
  0x0000022ec8749800 JavaThread "Thread-1" [_thread_in_native, id=11896, stack(0x000000d5e8800000,0x000000d5e9c00000)]
  0x0000022ec894a000 JavaThread "TimerQueue" daemon [_thread_blocked, id=16948, stack(0x000000d5eeb00000,0x000000d5ef000000)]
  0x0000022ea7745800 JavaThread "AWT-Windows" daemon [_thread_in_native, id=11920, stack(0x000000d5ee600000,0x000000d5eeb00000)]
  0x0000022ea7744800 JavaThread "AWT-Shutdown" [_thread_blocked, id=18328, stack(0x000000d5ee100000,0x000000d5ee600000)]
  0x0000022ea7762000 JavaThread "Java2D Disposer" daemon [_thread_blocked, id=1664, stack(0x000000d5edc00000,0x000000d5ee100000)]
  0x0000022ea74dd800 JavaThread "Service Thread" daemon [_thread_blocked, id=12660, stack(0x000000d5ed600000,0x000000d5edb00000)]
  0x0000022ea605f000 JavaThread "Common-Cleaner" daemon [_thread_blocked, id=1564, stack(0x000000d5ed100000,0x000000d5ed600000)]
  0x0000022ea3ab7800 JavaThread "Sweeper thread" daemon [_thread_blocked, id=20456, stack(0x000000d5ecc00000,0x000000d5ed100000)]
  0x0000022ea3ab6800 JavaThread "C1 CompilerThread3" daemon [_thread_blocked, id=5168, stack(0x000000d5ecb00000,0x000000d5ecc00000)]
  0x0000022ea604b800 JavaThread "C2 CompilerThread2" daemon [_thread_in_native, id=18088, stack(0x000000d5eca00000,0x000000d5ecb00000)]
  0x0000022ea604a000 JavaThread "C2 CompilerThread1" daemon [_thread_blocked, id=15980, stack(0x000000d5ec900000,0x000000d5eca00000)]
  0x0000022ea41d9000 JavaThread "C2 CompilerThread0" daemon [_thread_blocked, id=9044, stack(0x000000d5ec800000,0x000000d5ec900000)]
  0x0000022ea41d4000 JavaThread "Attach Listener" daemon [_thread_blocked, id=9672, stack(0x000000d5ec300000,0x000000d5ec800000)]
  0x0000022ea41d3800 JavaThread "Signal Dispatcher" daemon [_thread_blocked, id=148, stack(0x000000d5ebe00000,0x000000d5ec300000)]
  0x0000022ea3ab0800 JavaThread "Finalizer" daemon [_thread_blocked, id=10712, stack(0x000000d5eb900000,0x000000d5ebe00000)]
  0x0000022ea3aa3800 JavaThread "Reference Handler" daemon [_thread_blocked, id=10200, stack(0x000000d5eb400000,0x000000d5eb900000)]
  0x0000022ea3474800 JavaThread "main" [_thread_blocked, id=19040, stack(0x000000d5e8700000,0x000000d5e8800000)]

Other Threads:
  0x0000022ea3a9c800 VMThread "VM Thread" [stack: 0x000000d5eb300000,0x000000d5eb400000] [id=12040]
  0x0000022ea74e0800 WatcherThread [stack: 0x000000d5edb00000,0x000000d5edc00000] [id=14408]
  0x0000022ea57d1800 GCTaskThread "GC Thread#0" [stack: 0x000000d5e9f00000,0x000000d5ea000000] [id=16660]
  0x0000022ea57d2000 GCTaskThread "GC Thread#1" [stack: 0x000000d5ea000000,0x000000d5ea100000] [id=12768]
  0x0000022ea5a1a800 GCTaskThread "GC Thread#2" [stack: 0x000000d5ea100000,0x000000d5ea200000] [id=8552]
  0x0000022ea58c6800 GCTaskThread "GC Thread#3" [stack: 0x000000d5ea200000,0x000000d5ea300000] [id=10012]
  0x0000022ea3525000 GCTaskThread "GC Thread#4" [stack: 0x000000d5ea300000,0x000000d5ea400000] [id=4832]
  0x0000022ea3b8c000 GCTaskThread "GC Thread#5" [stack: 0x000000d5ea400000,0x000000d5ea500000] [id=4216]
  0x0000022ea5631000 GCTaskThread "GC Thread#6" [stack: 0x000000d5ea500000,0x000000d5ea600000] [id=2344]
  0x0000022ea6217000 GCTaskThread "GC Thread#7" [stack: 0x000000d5ea600000,0x000000d5ea700000] [id=12168]
  0x0000022ea6266800 ConcurrentGCThread "G1 Main Marker" [stack: 0x000000d5eb000000,0x000000d5eb100000] [id=1576]
  0x0000022ea6213800 ConcurrentGCThread "G1 Marker#0" [stack: 0x000000d5eb100000,0x000000d5eb200000] [id=2328]
  0x0000022ea6212800 ConcurrentGCThread "G1 Marker#1" [stack: 0x000000d5eb200000,0x000000d5eb300000] [id=15096]
  0x0000022ea5d64800 ConcurrentGCThread "G1 Refine#0" [stack: 0x000000d5eae00000,0x000000d5eaf00000] [id=14084]
  0x0000022ea3b3d800 ConcurrentGCThread "G1 Refine#1" [stack: 0x000000d5ead00000,0x000000d5eae00000] [id=14916]
  0x0000022ea3b1c000 ConcurrentGCThread "G1 Refine#2" [stack: 0x000000d5eac00000,0x000000d5ead00000] [id=17300]
  0x0000022ea60b9000 ConcurrentGCThread "G1 Refine#3" [stack: 0x000000d5eab00000,0x000000d5eac00000] [id=17092]
  0x0000022ea60b8800 ConcurrentGCThread "G1 Refine#4" [stack: 0x000000d5eaa00000,0x000000d5eab00000] [id=14860]
  0x0000022ea3520800 ConcurrentGCThread "G1 Refine#5" [stack: 0x000000d5ea900000,0x000000d5eaa00000] [id=7956]
  0x0000022ea5924000 ConcurrentGCThread "G1 Refine#6" [stack: 0x000000d5ea800000,0x000000d5ea900000] [id=16912]
  0x0000022ea5923800 ConcurrentGCThread "G1 Refine#7" [stack: 0x000000d5ea700000,0x000000d5ea800000] [id=5584]
  0x0000022ea5d65000 ConcurrentGCThread "G1 Young RemSet Sampling" [stack: 0x000000d5eaf00000,0x000000d5eb000000] [id=17680]

Threads with active compile tasks:
C2 CompilerThread213920       4       javax.swing.text.LabelView::setPropertiesFromAttributes (125 bytes)

VM state:not at safepoint (normal execution)

VM Mutex/Monitor currently owned by a thread: None

Heap address: 0x0000000700000000, size: 3072 MB, Compressed Oops mode: Zero based, Oop shift amount: 3
Narrow klass base: 0x0000000000000000, Narrow klass shift: 3
Compressed class space size: 1073741824 Address: 0x00000007c0000000

Heap:
 garbage-first heap   total 189440K, used 123973K [0x0000000700000000, 0x00000007001005c8, 0x00000007c0000000)
  region size 1024K, 57 young (58368K), 1 survivors (1024K)
 Metaspace       used 72641K, capacity 77702K, committed 77908K, reserved 1116160K
  class space    used 10193K, capacity 11087K, committed 11132K, reserved 1048576K
Heap Regions: E=young(eden), S=young(survivor), O=old, HS=humongous(starts), HC=humongous(continues), CS=collection set, F=free, A=archive, TS=gc time stamp, AC=allocation context, TAMS=top-at-mark-start (previous, next)
|   0|0x0000000700000000, 0x00000007000f60c8, 0x0000000700100000| 96%| O|  |TS  0|AC  0|TAMS 0x0000000700000000, 0x0000000700000000|
|   1|0x0000000700100000, 0x0000000700200000, 0x0000000700200000|100%|HS|  |TS  0|AC  0|TAMS 0x0000000700100000, 0x0000000700100000|
|   2|0x0000000700200000, 0x0000000700300000, 0x0000000700300000|100%|HC|  |TS  0|AC  0|TAMS 0x0000000700200000, 0x0000000700200000|
|   3|0x0000000700300000, 0x0000000700400000, 0x0000000700400000|100%|HS|  |TS  0|AC  0|TAMS 0x0000000700300000, 0x0000000700300000|
|   4|0x0000000700400000, 0x00000007004fffe8, 0x0000000700500000| 99%| O|  |TS  0|AC  0|TAMS 0x0000000700400000, 0x0000000700400000|
|   5|0x0000000700500000, 0x00000007005ffff8, 0x0000000700600000| 99%| O|  |TS  0|AC  0|TAMS 0x0000000700500000, 0x0000000700500000|
|   6|0x0000000700600000, 0x00000007006ffff8, 0x0000000700700000| 99%| O|  |TS  0|AC  0|TAMS 0x0000000700600000, 0x0000000700600000|
|   7|0x0000000700700000, 0x00000007007fffe8, 0x0000000700800000| 99%| O|  |TS  0|AC  0|TAMS 0x0000000700700000, 0x0000000700700000|
|   8|0x0000000700800000, 0x0000000700900000, 0x0000000700900000|100%| O|  |TS  0|AC  0|TAMS 0x0000000700800000, 0x0000000700800000|
|   9|0x0000000700900000, 0x00000007009f3d40, 0x0000000700a00000| 95%| O|  |TS  0|AC  0|TAMS 0x0000000700900000, 0x0000000700900000|
|  10|0x0000000700a00000, 0x0000000700afcd48, 0x0000000700b00000| 98%| O|  |TS  0|AC  0|TAMS 0x0000000700a00000, 0x0000000700a00000|
|  11|0x0000000700b00000, 0x0000000700c00000, 0x0000000700c00000|100%|HS|  |TS  0|AC  0|TAMS 0x0000000700b00000, 0x0000000700b00000|
|  12|0x0000000700c00000, 0x0000000700d00000, 0x0000000700d00000|100%|HC|  |TS  0|AC  0|TAMS 0x0000000700c00000, 0x0000000700c00000|
|  13|0x0000000700d00000, 0x0000000700df6d30, 0x0000000700e00000| 96%| O|  |TS  0|AC  0|TAMS 0x0000000700d00000, 0x0000000700d00000|
|  14|0x0000000700e00000, 0x0000000700effa98, 0x0000000700f00000| 99%| O|  |TS  0|AC  0|TAMS 0x0000000700e00000, 0x0000000700e00000|
|  15|0x0000000700f00000, 0x0000000700ff7da8, 0x0000000701000000| 96%| O|  |TS  0|AC  0|TAMS 0x0000000700f00000, 0x0000000700f00000|
|  16|0x0000000701000000, 0x00000007010ffff0, 0x0000000701100000| 99%| O|  |TS  0|AC  0|TAMS 0x0000000701000000, 0x0000000701000000|
|  17|0x0000000701100000, 0x00000007011ffe78, 0x0000000701200000| 99%| O|  |TS  0|AC  0|TAMS 0x0000000701100000, 0x0000000701100000|
|  18|0x0000000701200000, 0x00000007012ffe68, 0x0000000701300000| 99%| O|  |TS  0|AC  0|TAMS 0x0000000701200000, 0x0000000701200000|
|  19|0x0000000701300000, 0x00000007013fffa0, 0x0000000701400000| 99%| O|  |TS  0|AC  0|TAMS 0x0000000701300000, 0x0000000701300000|
|  20|0x0000000701400000, 0x00000007014ffff8, 0x0000000701500000| 99%| O|  |TS  0|AC  0|TAMS 0x0000000701400000, 0x0000000701400000|
|  21|0x0000000701500000, 0x00000007015ffff0, 0x0000000701600000| 99%| O|  |TS  0|AC  0|TAMS 0x0000000701500000, 0x0000000701500000|
|  22|0x0000000701600000, 0x00000007016ffec0, 0x0000000701700000| 99%| O|  |TS  0|AC  0|TAMS 0x0000000701600000, 0x0000000701600000|
|  23|0x0000000701700000, 0x00000007017fffc0, 0x0000000701800000| 99%| O|  |TS  0|AC  0|TAMS 0x0000000701700000, 0x0000000701700000|
|  24|0x0000000701800000, 0x00000007018ffff8, 0x0000000701900000| 99%| O|  |TS  0|AC  0|TAMS 0x0000000701800000, 0x0000000701800000|
|  25|0x0000000701900000, 0x00000007019ffff0, 0x0000000701a00000| 99%| O|  |TS  0|AC  0|TAMS 0x0000000701900000, 0x0000000701900000|
|  26|0x0000000701a00000, 0x0000000701affff8, 0x0000000701b00000| 99%| O|  |TS  0|AC  0|TAMS 0x0000000701a00000, 0x0000000701a00000|
|  27|0x0000000701b00000, 0x0000000701bffff0, 0x0000000701c00000| 99%| O|  |TS  0|AC  0|TAMS 0x0000000701b00000, 0x0000000701b00000|
|  28|0x0000000701c00000, 0x0000000701d00000, 0x0000000701d00000|100%| O|  |TS  0|AC  0|TAMS 0x0000000701c00000, 0x0000000701c00000|
|  29|0x0000000701d00000, 0x0000000701dffff8, 0x0000000701e00000| 99%| O|  |TS  0|AC  0|TAMS 0x0000000701d00000, 0x0000000701d00000|
|  30|0x0000000701e00000, 0x0000000701f00000, 0x0000000701f00000|100%| O|  |TS  0|AC  0|TAMS 0x0000000701e00000, 0x0000000701e00000|
|  31|0x0000000701f00000, 0x0000000701ffffc8, 0x0000000702000000| 99%| O|  |TS  0|AC  0|TAMS 0x0000000701f00000, 0x0000000701f00000|
|  32|0x0000000702000000, 0x00000007020fffd8, 0x0000000702100000| 99%| O|  |TS  0|AC  0|TAMS 0x0000000702000000, 0x0000000702000000|
|  33|0x0000000702100000, 0x00000007021ffff8, 0x0000000702200000| 99%| O|  |TS  0|AC  0|TAMS 0x0000000702100000, 0x0000000702100000|
|  34|0x0000000702200000, 0x00000007022fff88, 0x0000000702300000| 99%| O|  |TS  0|AC  0|TAMS 0x0000000702200000, 0x0000000702200000|
|  35|0x0000000702300000, 0x0000000702400000, 0x0000000702400000|100%| O|  |TS  0|AC  0|TAMS 0x0000000702300000, 0x0000000702300000|
|  36|0x0000000702400000, 0x0000000702500000, 0x0000000702500000|100%| O|  |TS  0|AC  0|TAMS 0x0000000702400000, 0x0000000702400000|
|  37|0x0000000702500000, 0x00000007025ffff0, 0x0000000702600000| 99%| O|  |TS  0|AC  0|TAMS 0x0000000702500000, 0x0000000702500000|
|  38|0x0000000702600000, 0x0000000702700000, 0x0000000702700000|100%| O|  |TS  0|AC  0|TAMS 0x0000000702600000, 0x0000000702600000|
|  39|0x0000000702700000, 0x0000000702800000, 0x0000000702800000|100%|HS|  |TS  0|AC  0|TAMS 0x0000000702700000, 0x0000000702700000|
|  40|0x0000000702800000, 0x0000000702900000, 0x0000000702900000|100%|HC|  |TS  0|AC  0|TAMS 0x0000000702800000, 0x0000000702800000|
|  41|0x0000000702900000, 0x0000000702a00000, 0x0000000702a00000|100%|HC|  |TS  0|AC  0|TAMS 0x0000000702900000, 0x0000000702900000|
|  42|0x0000000702a00000, 0x0000000702b00000, 0x0000000702b00000|100%|HC|  |TS  0|AC  0|TAMS 0x0000000702a00000, 0x0000000702a00000|
|  43|0x0000000702b00000, 0x0000000702c00000, 0x0000000702c00000|100%|HC|  |TS  0|AC  0|TAMS 0x0000000702b00000, 0x0000000702b00000|
|  44|0x0000000702c00000, 0x0000000702d00000, 0x0000000702d00000|100%|HC|  |TS  0|AC  0|TAMS 0x0000000702c00000, 0x0000000702c00000|
|  45|0x0000000702d00000, 0x0000000702e00000, 0x0000000702e00000|100%|HC|  |TS  0|AC  0|TAMS 0x0000000702d00000, 0x0000000702d00000|
|  46|0x0000000702e00000, 0x0000000702f00000, 0x0000000702f00000|100%|HC|  |TS  0|AC  0|TAMS 0x0000000702e00000, 0x0000000702e00000|
|  47|0x0000000702f00000, 0x0000000703000000, 0x0000000703000000|100%|HC|  |TS  0|AC  0|TAMS 0x0000000702f00000, 0x0000000702f00000|
|  48|0x0000000703000000, 0x0000000703100000, 0x0000000703100000|100%|HC|  |TS  0|AC  0|TAMS 0x0000000703000000, 0x0000000703000000|
|  49|0x0000000703100000, 0x0000000703200000, 0x0000000703200000|100%|HC|  |TS  0|AC  0|TAMS 0x0000000703100000, 0x0000000703100000|
|  50|0x0000000703200000, 0x0000000703300000, 0x0000000703300000|100%|HC|  |TS  0|AC  0|TAMS 0x0000000703200000, 0x0000000703200000|
|  51|0x0000000703300000, 0x0000000703400000, 0x0000000703400000|100%| O|  |TS  0|AC  0|TAMS 0x0000000703300000, 0x0000000703300000|
|  52|0x0000000703400000, 0x00000007034ffff0, 0x0000000703500000| 99%| O|  |TS  0|AC  0|TAMS 0x0000000703400000, 0x0000000703400000|
|  53|0x0000000703500000, 0x00000007035ffff0, 0x0000000703600000| 99%| O|  |TS  0|AC  0|TAMS 0x0000000703500000, 0x0000000703500000|
|  54|0x0000000703600000, 0x00000007036ff4e0, 0x0000000703700000| 99%| O|  |TS  0|AC  0|TAMS 0x0000000703600000, 0x0000000703600000|
|  55|0x0000000703700000, 0x0000000703800000, 0x0000000703800000|100%|HS|  |TS  0|AC  0|TAMS 0x0000000703700000, 0x0000000703700000|
|  56|0x0000000703800000, 0x00000007038ffff0, 0x0000000703900000| 99%| O|  |TS  0|AC  0|TAMS 0x0000000703800000, 0x0000000703800000|
|  57|0x0000000703900000, 0x0000000703a00000, 0x0000000703a00000|100%| O|  |TS  0|AC  0|TAMS 0x0000000703900000, 0x0000000703900000|
|  58|0x0000000703a00000, 0x0000000703b00000, 0x0000000703b00000|100%|HS|  |TS  0|AC  0|TAMS 0x0000000703a00000, 0x0000000703a00000|
|  59|0x0000000703b00000, 0x0000000703bfff08, 0x0000000703c00000| 99%| O|  |TS  0|AC  0|TAMS 0x0000000703b00000, 0x0000000703b00000|
|  60|0x0000000703c00000, 0x0000000703cff9c0, 0x0000000703d00000| 99%| O|  |TS  0|AC  0|TAMS 0x0000000703c00000, 0x0000000703c00000|
|  61|0x0000000703d00000, 0x0000000703e00000, 0x0000000703e00000|100%|HS|  |TS  0|AC  0|TAMS 0x0000000703d00000, 0x0000000703d00000|
|  62|0x0000000703e00000, 0x0000000703effff0, 0x0000000703f00000| 99%| O|  |TS  0|AC  0|TAMS 0x0000000703e00000, 0x0000000703e00000|
|  63|0x0000000703f00000, 0x0000000703fffc38, 0x0000000704000000| 99%| O|  |TS  0|AC  0|TAMS 0x0000000703f00000, 0x0000000703f00000|
|  64|0x0000000704000000, 0x00000007040fffd8, 0x0000000704100000| 99%| O|  |TS  0|AC  0|TAMS 0x0000000704000000, 0x0000000704000000|
|  65|0x0000000704100000, 0x000000070419ee38, 0x0000000704200000| 62%| O|  |TS  0|AC  0|TAMS 0x0000000704100000, 0x0000000704100000|
|  66|0x0000000704200000, 0x0000000704200000, 0x0000000704300000|  0%| F|  |TS  0|AC  0|TAMS 0x0000000704200000, 0x0000000704200000|
|  67|0x0000000704300000, 0x0000000704300000, 0x0000000704400000|  0%| F|  |TS  0|AC  0|TAMS 0x0000000704300000, 0x0000000704300000|
|  68|0x0000000704400000, 0x0000000704400000, 0x0000000704500000|  0%| F|  |TS  0|AC  0|TAMS 0x0000000704400000, 0x0000000704400000|
|  69|0x0000000704500000, 0x0000000704500000, 0x0000000704600000|  0%| F|  |TS  0|AC  0|TAMS 0x0000000704500000, 0x0000000704500000|
|  70|0x0000000704600000, 0x0000000704600000, 0x0000000704700000|  0%| F|  |TS  0|AC  0|TAMS 0x0000000704600000, 0x0000000704600000|
|  71|0x0000000704700000, 0x0000000704700000, 0x0000000704800000|  0%| F|  |TS  0|AC  0|TAMS 0x0000000704700000, 0x0000000704700000|
|  72|0x0000000704800000, 0x0000000704800000, 0x0000000704900000|  0%| F|  |TS  0|AC  0|TAMS 0x0000000704800000, 0x0000000704800000|
|  73|0x0000000704900000, 0x0000000704900000, 0x0000000704a00000|  0%| F|  |TS  0|AC  0|TAMS 0x0000000704900000, 0x0000000704900000|
|  74|0x0000000704a00000, 0x0000000704a00000, 0x0000000704b00000|  0%| F|  |TS  0|AC  0|TAMS 0x0000000704a00000, 0x0000000704a00000|
|  75|0x0000000704b00000, 0x0000000704b00000, 0x0000000704c00000|  0%| F|  |TS  0|AC  0|TAMS 0x0000000704b00000, 0x0000000704b00000|
|  76|0x0000000704c00000, 0x0000000704c00000, 0x0000000704d00000|  0%| F|  |TS  0|AC  0|TAMS 0x0000000704c00000, 0x0000000704c00000|
|  77|0x0000000704d00000, 0x0000000704d00000, 0x0000000704e00000|  0%| F|  |TS  0|AC  0|TAMS 0x0000000704d00000, 0x0000000704d00000|
|  78|0x0000000704e00000, 0x0000000704e00000, 0x0000000704f00000|  0%| F|  |TS  0|AC  0|TAMS 0x0000000704e00000, 0x0000000704e00000|
|  79|0x0000000704f00000, 0x0000000704f00000, 0x0000000705000000|  0%| F|  |TS  0|AC  0|TAMS 0x0000000704f00000, 0x0000000704f00000|
|  80|0x0000000705000000, 0x0000000705000000, 0x0000000705100000|  0%| F|  |TS  0|AC  0|TAMS 0x0000000705000000, 0x0000000705000000|
|  81|0x0000000705100000, 0x0000000705100000, 0x0000000705200000|  0%| F|  |TS  0|AC  0|TAMS 0x0000000705100000, 0x0000000705100000|
|  82|0x0000000705200000, 0x0000000705200000, 0x0000000705300000|  0%| F|  |TS  0|AC  0|TAMS 0x0000000705200000, 0x0000000705200000|
|  83|0x0000000705300000, 0x0000000705300000, 0x0000000705400000|  0%| F|  |TS  0|AC  0|TAMS 0x0000000705300000, 0x0000000705300000|
|  84|0x0000000705400000, 0x0000000705400000, 0x0000000705500000|  0%| F|  |TS  0|AC  0|TAMS 0x0000000705400000, 0x0000000705400000|
|  85|0x0000000705500000, 0x0000000705500000, 0x0000000705600000|  0%| F|  |TS  0|AC  0|TAMS 0x0000000705500000, 0x0000000705500000|
|  86|0x0000000705600000, 0x0000000705600000, 0x0000000705700000|  0%| F|  |TS  0|AC  0|TAMS 0x0000000705600000, 0x0000000705600000|
|  87|0x0000000705700000, 0x0000000705700000, 0x0000000705800000|  0%| F|  |TS  0|AC  0|TAMS 0x0000000705700000, 0x0000000705700000|
|  88|0x0000000705800000, 0x0000000705800000, 0x0000000705900000|  0%| F|  |TS  0|AC  0|TAMS 0x0000000705800000, 0x0000000705800000|
|  89|0x0000000705900000, 0x0000000705900000, 0x0000000705a00000|  0%| F|  |TS  0|AC  0|TAMS 0x0000000705900000, 0x0000000705900000|
|  90|0x0000000705a00000, 0x0000000705a00000, 0x0000000705b00000|  0%| F|  |TS  0|AC  0|TAMS 0x0000000705a00000, 0x0000000705a00000|
|  91|0x0000000705b00000, 0x0000000705b00000, 0x0000000705c00000|  0%| F|  |TS  0|AC  0|TAMS 0x0000000705b00000, 0x0000000705b00000|
|  92|0x0000000705c00000, 0x0000000705c00000, 0x0000000705d00000|  0%| F|  |TS  0|AC  0|TAMS 0x0000000705c00000, 0x0000000705c00000|
|  93|0x0000000705d00000, 0x0000000705d00000, 0x0000000705e00000|  0%| F|  |TS  0|AC  0|TAMS 0x0000000705d00000, 0x0000000705d00000|
|  94|0x0000000705e00000, 0x0000000705e00000, 0x0000000705f00000|  0%| F|  |TS  0|AC  0|TAMS 0x0000000705e00000, 0x0000000705e00000|
|  95|0x0000000705f00000, 0x0000000705f00000, 0x0000000706000000|  0%| F|  |TS  0|AC  0|TAMS 0x0000000705f00000, 0x0000000705f00000|
|  96|0x0000000706000000, 0x0000000706000000, 0x0000000706100000|  0%| F|  |TS  0|AC  0|TAMS 0x0000000706000000, 0x0000000706000000|
|  97|0x0000000706100000, 0x0000000706100000, 0x0000000706200000|  0%| F|  |TS  0|AC  0|TAMS 0x0000000706100000, 0x0000000706100000|
|  98|0x0000000706200000, 0x0000000706200000, 0x0000000706300000|  0%| F|  |TS  0|AC  0|TAMS 0x0000000706200000, 0x0000000706200000|
|  99|0x0000000706300000, 0x0000000706300000, 0x0000000706400000|  0%| F|  |TS  0|AC  0|TAMS 0x0000000706300000, 0x0000000706300000|
| 100|0x0000000706400000, 0x0000000706400000, 0x0000000706500000|  0%| F|  |TS  0|AC  0|TAMS 0x0000000706400000, 0x0000000706400000|
| 101|0x0000000706500000, 0x0000000706500000, 0x0000000706600000|  0%| F|  |TS  0|AC  0|TAMS 0x0000000706500000, 0x0000000706500000|
| 102|0x0000000706600000, 0x0000000706600000, 0x0000000706700000|  0%| F|  |TS  0|AC  0|TAMS 0x0000000706600000, 0x0000000706600000|
| 103|0x0000000706700000, 0x0000000706700000, 0x0000000706800000|  0%| F|  |TS  0|AC  0|TAMS 0x0000000706700000, 0x0000000706700000|
| 104|0x0000000706800000, 0x0000000706800000, 0x0000000706900000|  0%| F|  |TS  0|AC  0|TAMS 0x0000000706800000, 0x0000000706800000|
| 105|0x0000000706900000, 0x0000000706900000, 0x0000000706a00000|  0%| F|  |TS  0|AC  0|TAMS 0x0000000706900000, 0x0000000706900000|
| 106|0x0000000706a00000, 0x0000000706a00000, 0x0000000706b00000|  0%| F|  |TS  0|AC  0|TAMS 0x0000000706a00000, 0x0000000706a00000|
| 107|0x0000000706b00000, 0x0000000706b00000, 0x0000000706c00000|  0%| F|  |TS  0|AC  0|TAMS 0x0000000706b00000, 0x0000000706b00000|
| 108|0x0000000706c00000, 0x0000000706c00000, 0x0000000706d00000|  0%| F|  |TS  0|AC  0|TAMS 0x0000000706c00000, 0x0000000706c00000|
| 109|0x0000000706d00000, 0x0000000706d00000, 0x0000000706e00000|  0%| F|  |TS  0|AC  0|TAMS 0x0000000706d00000, 0x0000000706d00000|
| 110|0x0000000706e00000, 0x0000000706e00000, 0x0000000706f00000|  0%| F|  |TS  0|AC  0|TAMS 0x0000000706e00000, 0x0000000706e00000|
| 111|0x0000000706f00000, 0x0000000706f00000, 0x0000000707000000|  0%| F|  |TS  0|AC  0|TAMS 0x0000000706f00000, 0x0000000706f00000|
| 112|0x0000000707000000, 0x0000000707000000, 0x0000000707100000|  0%| F|  |TS  0|AC  0|TAMS 0x0000000707000000, 0x0000000707000000|
| 113|0x0000000707100000, 0x0000000707100000, 0x0000000707200000|  0%| F|  |TS  0|AC  0|TAMS 0x0000000707100000, 0x0000000707100000|
| 114|0x0000000707200000, 0x0000000707200000, 0x0000000707300000|  0%| F|  |TS  0|AC  0|TAMS 0x0000000707200000, 0x0000000707200000|
| 115|0x0000000707300000, 0x0000000707300000, 0x0000000707400000|  0%| F|  |TS  0|AC  0|TAMS 0x0000000707300000, 0x0000000707300000|
| 116|0x0000000707400000, 0x0000000707400000, 0x0000000707500000|  0%| F|  |TS  0|AC  0|TAMS 0x0000000707400000, 0x0000000707400000|
| 117|0x0000000707500000, 0x0000000707500000, 0x0000000707600000|  0%| F|  |TS  0|AC  0|TAMS 0x0000000707500000, 0x0000000707500000|
| 118|0x0000000707600000, 0x0000000707600000, 0x0000000707700000|  0%| F|  |TS  0|AC  0|TAMS 0x0000000707600000, 0x0000000707600000|
| 119|0x0000000707700000, 0x0000000707700000, 0x0000000707800000|  0%| F|  |TS  0|AC  0|TAMS 0x0000000707700000, 0x0000000707700000|
| 120|0x0000000707800000, 0x0000000707800000, 0x0000000707900000|  0%| F|  |TS  0|AC  0|TAMS 0x0000000707800000, 0x0000000707800000|
| 121|0x0000000707900000, 0x0000000707900000, 0x0000000707a00000|  0%| F|  |TS  0|AC  0|TAMS 0x0000000707900000, 0x0000000707900000|
| 122|0x0000000707a00000, 0x0000000707a00000, 0x0000000707b00000|  0%| F|  |TS  0|AC  0|TAMS 0x0000000707a00000, 0x0000000707a00000|
| 123|0x0000000707b00000, 0x0000000707b00000, 0x0000000707c00000|  0%| F|  |TS  0|AC  0|TAMS 0x0000000707b00000, 0x0000000707b00000|
| 124|0x0000000707c00000, 0x0000000707c9f228, 0x0000000707d00000| 62%| S|CS|TS  1|AC  0|TAMS 0x0000000707c00000, 0x0000000707c00000|
| 125|0x0000000707d00000, 0x0000000707d00000, 0x0000000707e00000|  0%| F|  |TS  1|AC  0|TAMS 0x0000000707d00000, 0x0000000707d00000|
| 126|0x0000000707e00000, 0x0000000707e00000, 0x0000000707f00000|  0%| F|  |TS  1|AC  0|TAMS 0x0000000707e00000, 0x0000000707e00000|
| 127|0x0000000707f00000, 0x0000000707f00000, 0x0000000708000000|  0%| F|  |TS  1|AC  0|TAMS 0x0000000707f00000, 0x0000000707f00000|
| 128|0x0000000708000000, 0x0000000708000000, 0x0000000708100000|  0%| F|  |TS  1|AC  0|TAMS 0x0000000708000000, 0x0000000708000000|
| 129|0x0000000708100000, 0x0000000708104b38, 0x0000000708200000|  1%| E|  |TS  1|AC  0|TAMS 0x0000000708100000, 0x0000000708100000|
| 130|0x0000000708200000, 0x0000000708300000, 0x0000000708300000|100%| E|CS|TS  1|AC  0|TAMS 0x0000000708200000, 0x0000000708200000|
| 131|0x0000000708300000, 0x0000000708400000, 0x0000000708400000|100%| E|CS|TS  1|AC  0|TAMS 0x0000000708300000, 0x0000000708300000|
| 132|0x0000000708400000, 0x0000000708500000, 0x0000000708500000|100%| E|CS|TS  1|AC  0|TAMS 0x0000000708400000, 0x0000000708400000|
| 133|0x0000000708500000, 0x0000000708600000, 0x0000000708600000|100%| E|CS|TS  1|AC  0|TAMS 0x0000000708500000, 0x0000000708500000|
| 134|0x0000000708600000, 0x0000000708700000, 0x0000000708700000|100%| E|CS|TS  1|AC  0|TAMS 0x0000000708600000, 0x0000000708600000|
| 135|0x0000000708700000, 0x0000000708800000, 0x0000000708800000|100%| E|CS|TS  1|AC  0|TAMS 0x0000000708700000, 0x0000000708700000|
| 136|0x0000000708800000, 0x0000000708900000, 0x0000000708900000|100%| E|CS|TS  1|AC  0|TAMS 0x0000000708800000, 0x0000000708800000|
| 137|0x0000000708900000, 0x0000000708a00000, 0x0000000708a00000|100%| E|CS|TS  1|AC  0|TAMS 0x0000000708900000, 0x0000000708900000|
| 138|0x0000000708a00000, 0x0000000708b00000, 0x0000000708b00000|100%| E|CS|TS  1|AC  0|TAMS 0x0000000708a00000, 0x0000000708a00000|
| 139|0x0000000708b00000, 0x0000000708c00000, 0x0000000708c00000|100%| E|CS|TS  1|AC  0|TAMS 0x0000000708b00000, 0x0000000708b00000|
| 140|0x0000000708c00000, 0x0000000708d00000, 0x0000000708d00000|100%| E|CS|TS  1|AC  0|TAMS 0x0000000708c00000, 0x0000000708c00000|
| 141|0x0000000708d00000, 0x0000000708e00000, 0x0000000708e00000|100%| E|CS|TS  1|AC  0|TAMS 0x0000000708d00000, 0x0000000708d00000|
| 142|0x0000000708e00000, 0x0000000708f00000, 0x0000000708f00000|100%| E|CS|TS  1|AC  0|TAMS 0x0000000708e00000, 0x0000000708e00000|
| 143|0x0000000708f00000, 0x0000000709000000, 0x0000000709000000|100%| E|CS|TS  1|AC  0|TAMS 0x0000000708f00000, 0x0000000708f00000|
| 144|0x0000000709000000, 0x0000000709100000, 0x0000000709100000|100%| E|CS|TS  1|AC  0|TAMS 0x0000000709000000, 0x0000000709000000|
| 145|0x0000000709100000, 0x0000000709200000, 0x0000000709200000|100%| E|CS|TS  1|AC  0|TAMS 0x0000000709100000, 0x0000000709100000|
| 146|0x0000000709200000, 0x0000000709300000, 0x0000000709300000|100%| E|CS|TS  1|AC  0|TAMS 0x0000000709200000, 0x0000000709200000|
| 147|0x0000000709300000, 0x0000000709400000, 0x0000000709400000|100%| E|CS|TS  1|AC  0|TAMS 0x0000000709300000, 0x0000000709300000|
| 148|0x0000000709400000, 0x0000000709500000, 0x0000000709500000|100%| E|CS|TS  1|AC  0|TAMS 0x0000000709400000, 0x0000000709400000|
| 149|0x0000000709500000, 0x0000000709600000, 0x0000000709600000|100%| E|CS|TS  1|AC  0|TAMS 0x0000000709500000, 0x0000000709500000|
| 150|0x0000000709600000, 0x0000000709700000, 0x0000000709700000|100%| E|CS|TS  1|AC  0|TAMS 0x0000000709600000, 0x0000000709600000|
| 151|0x0000000709700000, 0x0000000709800000, 0x0000000709800000|100%| E|CS|TS  1|AC  0|TAMS 0x0000000709700000, 0x0000000709700000|
| 152|0x0000000709800000, 0x0000000709900000, 0x0000000709900000|100%| E|CS|TS  1|AC  0|TAMS 0x0000000709800000, 0x0000000709800000|
| 153|0x0000000709900000, 0x0000000709a00000, 0x0000000709a00000|100%| E|CS|TS  1|AC  0|TAMS 0x0000000709900000, 0x0000000709900000|
| 154|0x0000000709a00000, 0x0000000709b00000, 0x0000000709b00000|100%| E|CS|TS  1|AC  0|TAMS 0x0000000709a00000, 0x0000000709a00000|
| 155|0x0000000709b00000, 0x0000000709c00000, 0x0000000709c00000|100%| E|CS|TS  1|AC  0|TAMS 0x0000000709b00000, 0x0000000709b00000|
| 156|0x0000000709c00000, 0x0000000709d00000, 0x0000000709d00000|100%| E|CS|TS  1|AC  0|TAMS 0x0000000709c00000, 0x0000000709c00000|
| 157|0x0000000709d00000, 0x0000000709e00000, 0x0000000709e00000|100%| E|CS|TS  1|AC  0|TAMS 0x0000000709d00000, 0x0000000709d00000|
| 158|0x0000000709e00000, 0x0000000709f00000, 0x0000000709f00000|100%| E|CS|TS  1|AC  0|TAMS 0x0000000709e00000, 0x0000000709e00000|
| 159|0x0000000709f00000, 0x000000070a000000, 0x000000070a000000|100%| E|CS|TS  1|AC  0|TAMS 0x0000000709f00000, 0x0000000709f00000|
| 160|0x000000070a000000, 0x000000070a100000, 0x000000070a100000|100%| E|CS|TS  1|AC  0|TAMS 0x000000070a000000, 0x000000070a000000|
| 161|0x000000070a100000, 0x000000070a200000, 0x000000070a200000|100%| E|CS|TS  1|AC  0|TAMS 0x000000070a100000, 0x000000070a100000|
| 162|0x000000070a200000, 0x000000070a300000, 0x000000070a300000|100%| E|CS|TS  1|AC  0|TAMS 0x000000070a200000, 0x000000070a200000|
| 163|0x000000070a300000, 0x000000070a400000, 0x000000070a400000|100%| E|CS|TS  1|AC  0|TAMS 0x000000070a300000, 0x000000070a300000|
| 164|0x000000070a400000, 0x000000070a500000, 0x000000070a500000|100%| E|CS|TS  1|AC  0|TAMS 0x000000070a400000, 0x000000070a400000|
| 165|0x000000070a500000, 0x000000070a600000, 0x000000070a600000|100%| E|CS|TS  1|AC  0|TAMS 0x000000070a500000, 0x000000070a500000|
| 166|0x000000070a600000, 0x000000070a700000, 0x000000070a700000|100%| E|CS|TS  1|AC  0|TAMS 0x000000070a600000, 0x000000070a600000|
| 167|0x000000070a700000, 0x000000070a800000, 0x000000070a800000|100%| E|CS|TS  1|AC  0|TAMS 0x000000070a700000, 0x000000070a700000|
| 168|0x000000070a800000, 0x000000070a900000, 0x000000070a900000|100%| E|CS|TS  1|AC  0|TAMS 0x000000070a800000, 0x000000070a800000|
| 169|0x000000070a900000, 0x000000070aa00000, 0x000000070aa00000|100%| E|CS|TS  1|AC  0|TAMS 0x000000070a900000, 0x000000070a900000|
| 170|0x000000070aa00000, 0x000000070ab00000, 0x000000070ab00000|100%| E|CS|TS  1|AC  0|TAMS 0x000000070aa00000, 0x000000070aa00000|
| 171|0x000000070ab00000, 0x000000070ac00000, 0x000000070ac00000|100%| E|CS|TS  1|AC  0|TAMS 0x000000070ab00000, 0x000000070ab00000|
| 172|0x000000070ac00000, 0x000000070ad00000, 0x000000070ad00000|100%| E|CS|TS  1|AC  0|TAMS 0x000000070ac00000, 0x000000070ac00000|
| 173|0x000000070ad00000, 0x000000070ae00000, 0x000000070ae00000|100%| E|CS|TS  1|AC  0|TAMS 0x000000070ad00000, 0x000000070ad00000|
| 174|0x000000070ae00000, 0x000000070af00000, 0x000000070af00000|100%| E|CS|TS  1|AC  0|TAMS 0x000000070ae00000, 0x000000070ae00000|
| 175|0x000000070af00000, 0x000000070b000000, 0x000000070b000000|100%| E|CS|TS  1|AC  0|TAMS 0x000000070af00000, 0x000000070af00000|
| 176|0x000000070b000000, 0x000000070b100000, 0x000000070b100000|100%| E|CS|TS  1|AC  0|TAMS 0x000000070b000000, 0x000000070b000000|
| 177|0x000000070b100000, 0x000000070b200000, 0x000000070b200000|100%| E|CS|TS  1|AC  0|TAMS 0x000000070b100000, 0x000000070b100000|
| 178|0x000000070b200000, 0x000000070b300000, 0x000000070b300000|100%| E|CS|TS  1|AC  0|TAMS 0x000000070b200000, 0x000000070b200000|
| 179|0x000000070b300000, 0x000000070b400000, 0x000000070b400000|100%| E|CS|TS  1|AC  0|TAMS 0x000000070b300000, 0x000000070b300000|
| 180|0x000000070b400000, 0x000000070b500000, 0x000000070b500000|100%| E|CS|TS  1|AC  0|TAMS 0x000000070b400000, 0x000000070b400000|
| 181|0x000000070b500000, 0x000000070b600000, 0x000000070b600000|100%| E|CS|TS  1|AC  0|TAMS 0x000000070b500000, 0x000000070b500000|
| 182|0x000000070b600000, 0x000000070b700000, 0x000000070b700000|100%| E|CS|TS  1|AC  0|TAMS 0x000000070b600000, 0x000000070b600000|
| 183|0x000000070b700000, 0x000000070b800000, 0x000000070b800000|100%| E|CS|TS  1|AC  0|TAMS 0x000000070b700000, 0x000000070b700000|
| 184|0x000000070b800000, 0x000000070b900000, 0x000000070b900000|100%| E|CS|TS  1|AC  0|TAMS 0x000000070b800000, 0x000000070b800000|

Card table byte_map: [0x0000022ebe3e0000,0x0000022ebe9e0000] byte_map_base: 0x0000022ebabe0000

Marking Bits (Prev, Next): (CMBitMap*) 0x0000022ea53d4750, (CMBitMap*) 0x0000022ea53d4788
 Prev Bits: [0x0000022ebefe0000, 0x0000022ec1fe0000)
 Next Bits: [0x0000022ec1fe0000, 0x0000022ec4fe0000)

Polling page: 0x0000022e9eed0000

CodeHeap 'non-profiled nmethods': size=120000Kb used=12271Kb max_used=12271Kb free=107728Kb
 bounds [0x0000022eb62b0000, 0x0000022eb6eb0000, 0x0000022ebd7e0000]
CodeHeap 'profiled nmethods': size=120000Kb used=34116Kb max_used=34312Kb free=85883Kb
 bounds [0x0000022eaed80000, 0x0000022eb0f20000, 0x0000022eb62b0000]
CodeHeap 'non-nmethods': size=5760Kb used=1763Kb max_used=1827Kb free=3996Kb
 bounds [0x0000022eae7e0000, 0x0000022eaea50000, 0x0000022eaed80000]
 total_blobs=19643 nmethods=12684 adapters=1102
 compilation: enabled

Compilation events (10 events):
Event: 36.724 Thread 0x0000022ea3ab6800 nmethod 13944 0x0000022eafa86790 code [0x0000022eafa869c0, 0x0000022eafa87530]
Event: 36.724 Thread 0x0000022ea3ab6800 13948       3       javax.swing.plaf.synth.SynthLookAndFeel::createUI (526 bytes)
Event: 36.724 Thread 0x0000022ea604a000 nmethod 13945 0x0000022eb6e9d910 code [0x0000022eb6e9daa0, 0x0000022eb6e9db38]
Event: 36.729 Thread 0x0000022ea3ab6800 nmethod 13948 0x0000022eafb61990 code [0x0000022eafb623e0, 0x0000022eafb68bc0]
Event: 36.729 Thread 0x0000022ea3ab6800 13946       3       com.jidesoft.swing.StyledLabel::updateUI (20 bytes)
Event: 36.730 Thread 0x0000022ea3ab6800 nmethod 13946 0x0000022eaf9a4110 code [0x0000022eaf9a4380, 0x0000022eaf9a49d0]
Event: 36.730 Thread 0x0000022ea3ab6800 13947       3       ui.utils.lnf.HSyntheticaStyledLabelUI::createUI (8 bytes)
Event: 36.730 Thread 0x0000022ea3ab6800 nmethod 13947 0x0000022eafa9d990 code [0x0000022eafa9dbe0, 0x0000022eafa9e560]
Event: 36.732 Thread 0x0000022ea3ab6800 13949       3       javax.swing.plaf.basic.BasicTextUI::updateBackground (164 bytes)
Event: 36.733 Thread 0x0000022ea3ab6800 nmethod 13949 0x0000022eafb5f910 code [0x0000022eafb5fc20, 0x0000022eafb615d0]

GC Heap History (10 events):
Event: 28.742 GC heap before
{Heap before GC invocations=25 (full 1):
 garbage-first heap   total 189440K, used 123823K [0x0000000700000000, 0x00000007001005c8, 0x00000007c0000000)
  region size 1024K, 60 young (61440K), 8 survivors (8192K)
 Metaspace       used 71656K, capacity 76622K, committed 76884K, reserved 1116160K
  class space    used 10150K, capacity 11047K, committed 11132K, reserved 1048576K
}
Event: 28.751 GC heap after
{Heap after GC invocations=26 (full 1):
 garbage-first heap   total 189440K, used 71323K [0x0000000700000000, 0x00000007001005c8, 0x00000007c0000000)
  region size 1024K, 2 young (2048K), 2 survivors (2048K)
 Metaspace       used 71656K, capacity 76622K, committed 76884K, reserved 1116160K
  class space    used 10150K, capacity 11047K, committed 11132K, reserved 1048576K
}
Event: 29.169 GC heap before
{Heap before GC invocations=26 (full 1):
 garbage-first heap   total 189440K, used 130715K [0x0000000700000000, 0x00000007001005c8, 0x00000007c0000000)
  region size 1024K, 60 young (61440K), 2 survivors (2048K)
 Metaspace       used 71822K, capacity 76814K, committed 77140K, reserved 1116160K
  class space    used 10150K, capacity 11047K, committed 11132K, reserved 1048576K
}
Event: 29.174 GC heap after
{Heap after GC invocations=27 (full 1):
 garbage-first heap   total 189440K, used 71599K [0x0000000700000000, 0x00000007001005c8, 0x00000007c0000000)
  region size 1024K, 2 young (2048K), 2 survivors (2048K)
 Metaspace       used 71822K, capacity 76814K, committed 77140K, reserved 1116160K
  class space    used 10150K, capacity 11047K, committed 11132K, reserved 1048576K
}
Event: 30.115 GC heap before
{Heap before GC invocations=27 (full 1):
 garbage-first heap   total 189440K, used 132015K [0x0000000700000000, 0x00000007001005c8, 0x00000007c0000000)
  region size 1024K, 60 young (61440K), 2 survivors (2048K)
 Metaspace       used 71952K, capacity 76878K, committed 77140K, reserved 1116160K
  class space    used 10151K, capacity 11047K, committed 11132K, reserved 1048576K
}
Event: 30.117 GC heap after
{Heap after GC invocations=28 (full 1):
 garbage-first heap   total 189440K, used 71369K [0x0000000700000000, 0x00000007001005c8, 0x00000007c0000000)
  region size 1024K, 2 young (2048K), 2 survivors (2048K)
 Metaspace       used 71952K, capacity 76878K, committed 77140K, reserved 1116160K
  class space    used 10151K, capacity 11047K, committed 11132K, reserved 1048576K
}
Event: 31.260 GC heap before
{Heap before GC invocations=28 (full 1):
 garbage-first heap   total 189440K, used 77513K [0x0000000700000000, 0x00000007001005c8, 0x00000007c0000000)
  region size 1024K, 9 young (9216K), 2 survivors (2048K)
 Metaspace       used 72037K, capacity 77006K, committed 77140K, reserved 1116160K
  class space    used 10151K, capacity 11047K, committed 11132K, reserved 1048576K
}
Event: 31.438 GC heap after
{Heap after GC invocations=29 (full 2):
 garbage-first heap   total 189440K, used 67016K [0x0000000700000000, 0x00000007001005c8, 0x00000007c0000000)
  region size 1024K, 0 young (0K), 0 survivors (0K)
 Metaspace       used 72037K, capacity 77006K, committed 77140K, reserved 1116160K
  class space    used 10151K, capacity 11047K, committed 11132K, reserved 1048576K
}
Event: 36.096 GC heap before
{Heap before GC invocations=29 (full 2):
 garbage-first heap   total 189440K, used 128456K [0x0000000700000000, 0x00000007001005c8, 0x00000007c0000000)
  region size 1024K, 60 young (61440K), 0 survivors (0K)
 Metaspace       used 72420K, capacity 77446K, committed 77652K, reserved 1116160K
  class space    used 10190K, capacity 11087K, committed 11132K, reserved 1048576K
}
Event: 36.098 GC heap after
{Heap after GC invocations=30 (full 2):
 garbage-first heap   total 189440K, used 67653K [0x0000000700000000, 0x00000007001005c8, 0x00000007c0000000)
  region size 1024K, 1 young (1024K), 1 survivors (1024K)
 Metaspace       used 72420K, capacity 77446K, committed 77652K, reserved 1116160K
  class space    used 10190K, capacity 11087K, committed 11132K, reserved 1048576K
}

Deoptimization events (10 events):
Event: 31.489 Thread 0x0000022ec860a000 Uncommon trap: reason=unstable_if action=reinterpret pc=0x0000022eb6add1ec method=sun.java2d.pipe.Region.getIntersectionXYXY(IIII)Lsun/java2d/pipe/Region; @ 39 c2
Event: 34.125 Thread 0x0000022ec860a000 Uncommon trap: reason=unstable_if action=reinterpret pc=0x0000022eb636157c method=java.lang.String.replace(CC)Ljava/lang/String; @ 9 c2
Event: 34.125 Thread 0x0000022ec860a000 Uncommon trap: reason=unstable_if action=reinterpret pc=0x0000022eb6d3386c method=javax.swing.plaf.synth.SynthLookAndFeel.createUI(Ljavax/swing/JComponent;)Ljavax/swing/plaf/ComponentUI; @ 492 c2
Event: 34.127 Thread 0x0000022ec860a000 Uncommon trap: reason=unstable_if action=reinterpret pc=0x0000022eb6817d34 method=sun.font.FontUtilities.isComplexText([CII)Z @ 13 c2
Event: 34.127 Thread 0x0000022ec860a000 Uncommon trap: reason=unstable_if action=reinterpret pc=0x0000022eb6565e6c method=javax.swing.text.GlyphView.getBreaker()Ljava/text/BreakIterator; @ 24 c2
Event: 34.133 Thread 0x0000022ec860a000 Uncommon trap: reason=unstable_if action=reinterpret pc=0x0000022eb62f9df4 method=java.util.Objects.equals(Ljava/lang/Object;Ljava/lang/Object;)Z @ 6 c2
Event: 34.135 Thread 0x0000022ec860a000 Uncommon trap: reason=bimorphic_or_optimized_type_check action=maybe_recompile pc=0x0000022eb6c3f50c method=java.awt.Container.addImpl(Ljava/awt/Component;Ljava/lang/Object;I)V @ 341 c2
Event: 34.136 Thread 0x0000022ec860a000 Uncommon trap: reason=unstable_if action=reinterpret pc=0x0000022eb6d9e23c method=javax.swing.JComponent.getBounds(Ljava/awt/Rectangle;)Ljava/awt/Rectangle; @ 1 c2
Event: 34.138 Thread 0x0000022ec860a000 Uncommon trap: reason=unstable_if action=reinterpret pc=0x0000022eb64086e0 method=javax.swing.JComponent.paintChildren(Ljava/awt/Graphics;)V @ 300 c2
Event: 34.665 Thread 0x0000022ec860a000 Uncommon trap: reason=bimorphic_or_optimized_type_check action=maybe_recompile pc=0x0000022eb6c3f50c method=java.awt.Container.addImpl(Ljava/awt/Component;Ljava/lang/Object;I)V @ 341 c2

Classes redefined (0 events):
No events

Internal exceptions (10 events):
Event: 28.568 Thread 0x0000022ec860a000 Exception <a 'de/concept/nlview/NlviewException'{0x0000000709aea998}> (0x0000000709aea998) thrown at [t:/workspace/hotspot/src/share/vm/prims/jni.cpp, line 604]
Event: 28.568 Thread 0x0000022ec860a000 Exception <a 'de/concept/nlview/NlviewException'{0x0000000709aeb6a8}> (0x0000000709aeb6a8) thrown at [t:/workspace/hotspot/src/share/vm/prims/jni.cpp, line 604]
Event: 28.611 Thread 0x0000022ec860a000 Exception <a 'de/concept/nlview/NlviewException'{0x0000000709afb1c0}> (0x0000000709afb1c0) thrown at [t:/workspace/hotspot/src/share/vm/prims/jni.cpp, line 604]
Event: 28.611 Thread 0x0000022ec860a000 Exception <a 'de/concept/nlview/NlviewException'{0x0000000709afb928}> (0x0000000709afb928) thrown at [t:/workspace/hotspot/src/share/vm/prims/jni.cpp, line 604]
Event: 28.611 Thread 0x0000022ec860a000 Exception <a 'de/concept/nlview/NlviewException'{0x0000000709afc3e0}> (0x0000000709afc3e0) thrown at [t:/workspace/hotspot/src/share/vm/prims/jni.cpp, line 604]
Event: 28.611 Thread 0x0000022ec860a000 Exception <a 'de/concept/nlview/NlviewException'{0x0000000709afcb60}> (0x0000000709afcb60) thrown at [t:/workspace/hotspot/src/share/vm/prims/jni.cpp, line 604]
Event: 29.181 Thread 0x0000022ec860a000 Implicit null exception at 0x0000022eb6cbf9fe to 0x0000022eb6cc0f2d
Event: 32.111 Thread 0x0000022ec860a000 Exception <a 'java/lang/NoSuchMethodError'{0x000000070b56d568}: java.lang.invoke.DirectMethodHandle$Holder.invokeSpecial(Ljava/lang/Object;Ljava/lang/Object;IILjava/lang/Object;ILjava/lang/Object;I)Ljava/lang/Object;> (0x000000070b56d568) thrown at [t:/wo
Event: 32.111 Thread 0x0000022ec860a000 Exception <a 'java/lang/NoSuchMethodError'{0x000000070b570cd8}: java.lang.invoke.DelegatingMethodHandle$Holder.reinvoke_L(Ljava/lang/Object;IILjava/lang/Object;ILjava/lang/Object;I)Ljava/lang/Object;> (0x000000070b570cd8) thrown at [t:/workspace/hotspot/s
Event: 32.112 Thread 0x0000022ec860a000 Exception <a 'java/lang/NoSuchMethodError'{0x000000070b5a09c8}: method resolution failed> (0x000000070b5a09c8) thrown at [t:/workspace/hotspot/src/share/vm/prims/methodHandles.cpp, line 1256]

Events (10 events):
Event: 36.722 Executing VM operation: RevokeBias done
Event: 36.722 Thread 0x0000022ed1929000 Thread exited: 0x0000022ed1929000
Event: 36.722 Executing VM operation: RevokeBias
Event: 36.722 Executing VM operation: RevokeBias done
Event: 36.735 loading class ui/xpeguajni/ap
Event: 36.735 loading class ui/xpeguajni/ap done
Event: 36.736 loading class ui/xpeguajni/H
Event: 36.736 loading class ui/xpeguajni/H done
Event: 36.736 loading class ui/xpeguajni/XPG_JModelJNI
Event: 36.736 loading class ui/xpeguajni/XPG_JModelJNI done


Dynamic libraries:
0x00007ff63a000000 - 0x00007ff63a030000 	D:\Vivado\2018.3\bin\unwrapped\win64.o\vivado.exe
0x00007ffd74fd0000 - 0x00007ffd751c5000 	C:\WINDOWS\SYSTEM32\ntdll.dll
0x00007ffd737d0000 - 0x00007ffd7388e000 	C:\WINDOWS\System32\KERNEL32.DLL
0x00007ffd726f0000 - 0x00007ffd729b8000 	C:\WINDOWS\System32\KERNELBASE.dll
0x00007ffd72ac0000 - 0x00007ffd72bc0000 	C:\WINDOWS\System32\ucrtbase.dll
0x00007ffd5eb20000 - 0x00007ffd5ebad000 	C:\WINDOWS\SYSTEM32\MSVCP140.dll
0x00007ffd6b500000 - 0x00007ffd6b514000 	D:\Vivado\2018.3\lib\win64.o\librdi_commonmain.dll
0x00007ffd6b3e0000 - 0x00007ffd6b3f4000 	D:\Vivado\2018.3\lib\win64.o\libboost_signals.dll
0x00007ffd5eb00000 - 0x00007ffd5eb1b000 	C:\WINDOWS\SYSTEM32\VCRUNTIME140.dll
0x00007ffd02860000 - 0x00007ffd036f4000 	D:\Vivado\2018.3\lib\win64.o\librdi_common.dll
0x00007ffd73500000 - 0x00007ffd736a0000 	C:\WINDOWS\System32\USER32.dll
0x00007ffd72dd0000 - 0x00007ffd72df2000 	C:\WINDOWS\System32\win32u.dll
0x00007ffd5eaf0000 - 0x00007ffd5eafc000 	C:\WINDOWS\SYSTEM32\VCRUNTIME140_1.dll
0x00007ffd56cf0000 - 0x00007ffd56d16000 	D:\Vivado\2018.3\lib\win64.o\libboost_filesystem.dll
0x00007ffd74de0000 - 0x00007ffd74e0a000 	C:\WINDOWS\System32\GDI32.dll
0x00007ffd74b50000 - 0x00007ffd74bfe000 	C:\WINDOWS\System32\ADVAPI32.dll
0x00007ffd72ea0000 - 0x00007ffd72fab000 	C:\WINDOWS\System32\gdi32full.dll
0x00007ffd73f70000 - 0x00007ffd7400e000 	C:\WINDOWS\System32\msvcrt.dll
0x00007ffd6b880000 - 0x00007ffd6b88a000 	D:\Vivado\2018.3\lib\win64.o\librdi_commonversion.dll
0x00007ffd72e00000 - 0x00007ffd72e9d000 	C:\WINDOWS\System32\msvcp_win.dll
0x00007ffd52590000 - 0x00007ffd526b1000 	D:\Vivado\2018.3\lib\win64.o\librdi_commonxillic.dll
0x00007ffd74100000 - 0x00007ffd74844000 	C:\WINDOWS\System32\SHELL32.dll
0x00007ffd73d20000 - 0x00007ffd73dbc000 	C:\WINDOWS\System32\sechost.dll
0x000000006d3b0000 - 0x000000006d4db000 	D:\Vivado\2018.3\lib\win64.o\tcl85t.dll
0x00007ffd74cb0000 - 0x00007ffd74dd5000 	C:\WINDOWS\System32\RPCRT4.dll
0x00007ffd0e1d0000 - 0x00007ffd0e53e000 	D:\Vivado\2018.3\lib\win64.o\libCOIN-all.dll
0x00007ffd74ec0000 - 0x00007ffd74f2b000 	C:\WINDOWS\System32\WS2_32.dll
0x00007ffd1c130000 - 0x00007ffd1c3e5000 	D:\Vivado\2018.3\lib\win64.o\libXil_lmgr11.dll
0x00007ffd68dd0000 - 0x00007ffd68de4000 	D:\Vivado\2018.3\lib\win64.o\libboost_date_time.dll
0x00007ffd74010000 - 0x00007ffd740eb000 	C:\WINDOWS\System32\COMDLG32.dll
0x00007ffd73890000 - 0x00007ffd73be4000 	C:\WINDOWS\System32\combase.dll
0x00007ffd528c0000 - 0x00007ffd5293f000 	D:\Vivado\2018.3\lib\win64.o\libboost_program_options.dll
0x00007ffd74c00000 - 0x00007ffd74cad000 	C:\WINDOWS\System32\shcore.dll
0x00007ffd38100000 - 0x00007ffd38214000 	D:\Vivado\2018.3\lib\win64.o\libboost_regex.dll
0x00007ffd6b6c0000 - 0x00007ffd6b6cb000 	D:\Vivado\2018.3\lib\win64.o\libboost_system.dll
0x00007ffd734a0000 - 0x00007ffd734f5000 	C:\WINDOWS\System32\SHLWAPI.dll
0x00007ffd56c50000 - 0x00007ffd56c71000 	D:\Vivado\2018.3\lib\win64.o\libboost_thread.dll
0x00007ffd6b3d0000 - 0x00007ffd6b3df000 	D:\Vivado\2018.3\lib\win64.o\libboost_xilinx.dll
0x00007ffd73bf0000 - 0x00007ffd73cbd000 	C:\WINDOWS\System32\OLEAUT32.dll
0x00007ffd4daf0000 - 0x00007ffd4db72000 	D:\Vivado\2018.3\lib\win64.o\libhdlpsolve.dll
0x00007ffd736a0000 - 0x00007ffd737ca000 	C:\WINDOWS\System32\ole32.dll
0x00007ffd375b0000 - 0x00007ffd37655000 	D:\Vivado\2018.3\lib\win64.o\libhdxml.dll
0x00007ffd72a50000 - 0x00007ffd72ab8000 	C:\WINDOWS\System32\WINTRUST.dll
0x00007ffd00e60000 - 0x00007ffd016ae600 	D:\Vivado\2018.3\lib\win64.o\libisl_iostreams.dll
0x00007ffd56c20000 - 0x00007ffd56c4e000 	D:\Vivado\2018.3\lib\win64.o\libisl_sysinfo.dll
0x00007ffd72c70000 - 0x00007ffd72dc6000 	C:\WINDOWS\System32\CRYPT32.dll
0x00007ffd4fd30000 - 0x00007ffd4fd95000 	D:\Vivado\2018.3\lib\win64.o\liblmx6.0.dll
0x00007ffd63c10000 - 0x00007ffd63c2a000 	D:\Vivado\2018.3\lib\win64.o\pthreadVC2.dll
0x00007ffd597b0000 - 0x00007ffd597cc000 	D:\Vivado\2018.3\lib\win64.o\librdiconfig.dll
0x00007ffd52980000 - 0x00007ffd529a1000 	D:\Vivado\2018.3\lib\win64.o\librdizlib.dll
0x0000000012000000 - 0x0000000012272000 	D:\Vivado\2018.3\lib\win64.o\xerces-c_3_1.dll
0x00007ffd5db20000 - 0x00007ffd5db3a000 	C:\WINDOWS\SYSTEM32\NETAPI32.dll
0x00007ffd5cb20000 - 0x00007ffd5cff6000 	C:\WINDOWS\SYSTEM32\WININET.dll
0x00007ffd62b90000 - 0x00007ffd62c9a000 	C:\WINDOWS\SYSTEM32\WINHTTP.dll
0x00007ffd61400000 - 0x00007ffd615ec000 	C:\WINDOWS\SYSTEM32\urlmon.dll
0x00007ffd56b70000 - 0x00007ffd56b79000 	C:\WINDOWS\SYSTEM32\WSOCK32.dll
0x00007ffcfb9a0000 - 0x00007ffcfc831000 	D:\Vivado\2018.3\lib\win64.o\gurobi65.dll
0x00007ffd52520000 - 0x00007ffd5254e000 	C:\WINDOWS\SYSTEM32\VCOMP140.DLL
0x00007ffd5f120000 - 0x00007ffd5f1d0000 	C:\WINDOWS\WinSxS\amd64_microsoft.windows.common-controls_6595b64144ccf1df_5.82.19041.1110_none_792d1c772443f647\COMCTL32.dll
0x00007ffd6ab90000 - 0x00007ffd6ab9d000 	D:\Vivado\2018.3\lib\win64.o\libboost_chrono.dll
0x00007ffd69d50000 - 0x00007ffd69d6d000 	C:\WINDOWS\SYSTEM32\dhcpcsvc.DLL
0x00007ffd59760000 - 0x00007ffd5977b000 	D:\Vivado\2018.3\lib\win64.o\libboost_iostreams.dll
0x00007ffd52470000 - 0x00007ffd52495000 	D:\Vivado\2018.3\lib\win64.o\libisl_iosutils.dll
0x00007ffd5ac80000 - 0x00007ffd5af31000 	C:\WINDOWS\SYSTEM32\iertutil.dll
0x00007ffd71c70000 - 0x00007ffd71c7c000 	C:\WINDOWS\SYSTEM32\netutils.dll
0x00007ffd5ab30000 - 0x00007ffd5ab58000 	C:\WINDOWS\SYSTEM32\srvcli.dll
0x00007ffd73cd0000 - 0x00007ffd73d00000 	C:\WINDOWS\System32\IMM32.DLL
0x00007ffd722e0000 - 0x00007ffd722f2000 	C:\WINDOWS\SYSTEM32\MSASN1.dll
0x00007ffd70610000 - 0x00007ffd70622000 	C:\WINDOWS\SYSTEM32\kernel.appcore.dll
0x00007ffd0dcd0000 - 0x00007ffd0e1c5000 	D:\Vivado\2018.3\lib\win64.o\librdi_commontasks.dll
0x00007ffd6a680000 - 0x00007ffd6a68a000 	C:\WINDOWS\SYSTEM32\VERSION.dll
0x00007ffd0d420000 - 0x00007ffd0d69f000 	D:\Vivado\2018.3\lib\win64.o\librdi_sio.dll
0x000000006c270000 - 0x000000006cc95000 	D:\Vivado\2018.3\tps\win64\jre9.0.4\bin\server\jvm.dll
0x00007ffd73cc0000 - 0x00007ffd73cc8000 	C:\WINDOWS\System32\PSAPI.DLL
0x00007ffd71b60000 - 0x00007ffd71b9b000 	C:\WINDOWS\SYSTEM32\IPHLPAPI.DLL
0x00007ffd5fc40000 - 0x00007ffd5fc67000 	C:\WINDOWS\SYSTEM32\WINMM.dll
0x00007ffd37010000 - 0x00007ffd370ff000 	C:\WINDOWS\SYSTEM32\MSVCR120.dll
0x00007ffd71ec0000 - 0x00007ffd71f2a000 	C:\WINDOWS\SYSTEM32\MSWSOCK.DLL
0x00007ffd70810000 - 0x00007ffd70fa4000 	C:\WINDOWS\SYSTEM32\windows.storage.dll
0x00007ffd72160000 - 0x00007ffd7218c000 	C:\WINDOWS\SYSTEM32\Wldp.dll
0x00007ffcf95d0000 - 0x00007ffcfb992000 	D:\Vivado\2018.3\lib\win64.o\librdi_tcltasks.dll
0x00007ffd06ef0000 - 0x00007ffd072cc000 	D:\Vivado\2018.3\lib\win64.o\librdi_bitstream.dll
0x00007ffd35040000 - 0x00007ffd351be000 	D:\Vivado\2018.3\lib\win64.o\librdi_board.dll
0x00007ffd418c0000 - 0x00007ffd4192a000 	D:\Vivado\2018.3\lib\win64.o\librdi_boarddep.dll
0x00007ffd36f30000 - 0x00007ffd3700c000 	D:\Vivado\2018.3\lib\win64.o\librdi_chipscope.dll
0x00007ffd0db80000 - 0x00007ffd0dcc8000 	D:\Vivado\2018.3\lib\win64.o\librdi_containers.dll
0x00007ffd1f100000 - 0x00007ffd1f2b9000 	D:\Vivado\2018.3\lib\win64.o\librdi_chipscopeimpl.dll
0x00007ffcf7cc0000 - 0x00007ffcf95c5000 	D:\Vivado\2018.3\lib\win64.o\librdi_constraints.dll
0x00007ffd00780000 - 0x00007ffd00e5a000 	D:\Vivado\2018.3\lib\win64.o\librdi_coregenipxact.dll
0x00007ffcf5ea0000 - 0x00007ffcf7cbf000 	D:\Vivado\2018.3\lib\win64.o\librdi_coregen.dll
0x00007ffd00460000 - 0x00007ffd0077b000 	D:\Vivado\2018.3\lib\win64.o\librdi_dlyest.dll
0x00007ffcf20a0000 - 0x00007ffcf5e9b000 	D:\Vivado\2018.3\lib\win64.o\librdi_designutils.dll
0x00007ffcfcb90000 - 0x00007ffcfd0f0000 	D:\Vivado\2018.3\lib\win64.o\librdi_drc.dll
0x00007ffd285a0000 - 0x00007ffd28662000 	D:\Vivado\2018.3\lib\win64.o\librdi_dsp.dll
0x00007ffd00180000 - 0x00007ffd0045a000 	D:\Vivado\2018.3\lib\win64.o\librdi_guitools.dll
0x00007ffd382d0000 - 0x00007ffd3832d000 	D:\Vivado\2018.3\lib\win64.o\librdi_hdf.dll
0x00007ffce0d00000 - 0x00007ffce133f000 	D:\Vivado\2018.3\lib\win64.o\librdi_filemgmt.dll
0x00007ffcdf340000 - 0x00007ffcdf955000 	D:\Vivado\2018.3\lib\win64.o\librdi_memdata.dll
0x00007ffd371c0000 - 0x00007ffd37231000 	D:\Vivado\2018.3\lib\win64.o\librdi_memoryarray.dll
0x00007ffcdf960000 - 0x00007ffce0cf1000 	D:\Vivado\2018.3\lib\win64.o\librdi_implflow.dll
0x00007ffcdb350000 - 0x00007ffcdb98b000 	D:\Vivado\2018.3\lib\win64.o\librdi_netlist.dll
0x00007ffd44d00000 - 0x00007ffd44d50000 	D:\Vivado\2018.3\lib\win64.o\librdi_pfi.dll
0x00007ffce1340000 - 0x00007ffcf2092000 	D:\Vivado\2018.3\lib\win64.o\librdi_device.dll
0x00007ffcdb990000 - 0x00007ffcdf33c000 	D:\Vivado\2018.3\lib\win64.o\librdi_mig.dll
0x00007ffcffcb0000 - 0x00007ffcfffb7000 	D:\Vivado\2018.3\lib\win64.o\librdi_platform.dll
0x00007ffcd8e30000 - 0x00007ffcdb344000 	D:\Vivado\2018.3\lib\win64.o\librdi_place.dll
0x00007ffcd81d0000 - 0x00007ffcd8726000 	D:\Vivado\2018.3\lib\win64.o\librdi_project.dll
0x00007ffcd8730000 - 0x00007ffcd8e25000 	D:\Vivado\2018.3\lib\win64.o\librdi_power.dll
0x00007ffcd7ad0000 - 0x00007ffcd81c3000 	D:\Vivado\2018.3\lib\win64.o\librdi_psta.dll
0x00007ffd1bf80000 - 0x00007ffd1c058000 	D:\Vivado\2018.3\lib\win64.o\librdi_runsbase.dll
0x00007ffcd7010000 - 0x00007ffcd73e7000 	D:\Vivado\2018.3\lib\win64.o\librdi_runs.dll
0x00007ffcd73f0000 - 0x00007ffcd7ac9000 	D:\Vivado\2018.3\lib\win64.o\librdi_rsb.dll
0x00007ffd0d1f0000 - 0x00007ffd0d418000 	D:\Vivado\2018.3\lib\win64.o\librdi_simdata.dll
0x00007ffcd6280000 - 0x00007ffcd700d000 	D:\Vivado\2018.3\lib\win64.o\librdi_timing.dll
0x00007ffd06d90000 - 0x00007ffd06ee4000 	D:\Vivado\2018.3\lib\win64.o\librdi_advchipscopeimpl.dll
0x00007ffd3ebd0000 - 0x00007ffd3ec1c000 	D:\Vivado\2018.3\lib\win64.o\libboost_serialization.dll
0x00007ffd1e7c0000 - 0x00007ffd1e878000 	D:\Vivado\2018.3\lib\win64.o\librdi_hip_devdesign.dll
0x00007ffd36210000 - 0x00007ffd362bb000 	D:\Vivado\2018.3\lib\win64.o\librdi_ipconfig_readwrite.dll
0x00007ffd51920000 - 0x00007ffd51958000 	D:\Vivado\2018.3\lib\win64.o\librdi_noc_frameworks.dll
0x00007ffcd5730000 - 0x00007ffcd6277000 	D:\Vivado\2018.3\lib\win64.o\libverific.dll
0x00007ffd21240000 - 0x00007ffd212de000 	D:\Vivado\2018.3\lib\win64.o\libise.dll
0x00007ffcd5370000 - 0x00007ffcd5725000 	D:\Vivado\2018.3\lib\win64.o\librdi_hip_config.dll
0x00007ffd38ca0000 - 0x00007ffd38ce9000 	D:\Vivado\2018.3\lib\win64.o\librdi_wavedata_SimpleApi.dll
0x00007ffcd4830000 - 0x00007ffcd4d7e000 	D:\Vivado\2018.3\lib\win64.o\librdi_xdm.dll
0x00007ffcd4d80000 - 0x00007ffcd5364000 	D:\Vivado\2018.3\lib\win64.o\librdi_wavedata.dll
0x00007ffd24ee0000 - 0x00007ffd24f43000 	D:\Vivado\2018.3\lib\win64.o\librdi_hip_mathengine.dll
0x00007ffcd3820000 - 0x00007ffcd4822000 	D:\Vivado\2018.3\lib\win64.o\librdi_route.dll
0x00007ffcd18d0000 - 0x00007ffcd3812000 	D:\Vivado\2018.3\lib\win64.o\librdi_synth.dll

VM Arguments:
jvm_args: -Dsun.java2d.pmoffscreen=false -Dsun.java2d.xrender=false -Dsun.java2d.d3d=false -Dsun.awt.nopixfmt=true -Dsun.java2d.dpiaware=true -Dsun.java2d.uiScale.enabled=false -Xverify:none -Dswing.aatext=true -XX:-UsePerfData -Djdk.map.althashing.threshold=512 -XX:StringTableSize=4072 --add-opens=java.base/java.nio=ALL-UNNAMED --add-opens=java.desktop/sun.swing=ALL-UNNAMED --add-opens=java.desktop/javax.swing=ALL-UNNAMED --add-opens=java.desktop/javax.swing.tree=ALL-UNNAMED --add-opens=java.desktop/javax.swing.plaf.basic=ALL-UNNAMED --add-opens=java.desktop/javax.swing.plaf.synth=ALL-UNNAMED --add-opens=java.desktop/com.sun.awt=ALL-UNNAMED -XX:NewSize=60m -XX:MaxNewSize=60m -Xms128m -Xmx3072m -Xss5m 
java_command: <unknown>
java_class_path (initial): D:/Vivado/2018.3\lib\classes\alloy.jar;D:/Vivado/2018.3\lib\classes\autopilot.scelaborator.jar;D:/Vivado/2018.3\lib\classes\autopilot.sourceprocessor.jar;D:/Vivado/2018.3\lib\classes\autopilot.tbprocessor.jar;D:/Vivado/2018.3\lib\classes\batik-anim.jar;D:/Vivado/2018.3\lib\classes\batik-awt-util.jar;D:/Vivado/2018.3\lib\classes\batik-bridge.jar;D:/Vivado/2018.3\lib\classes\batik-codec.jar;D:/Vivado/2018.3\lib\classes\batik-css.jar;D:/Vivado/2018.3\lib\classes\batik-dom.jar;D:/Vivado/2018.3\lib\classes\batik-ext.jar;D:/Vivado/2018.3\lib\classes\batik-gui-util.jar;D:/Vivado/2018.3\lib\classes\batik-gvt.jar;D:/Vivado/2018.3\lib\classes\batik-parser.jar;D:/Vivado/2018.3\lib\classes\batik-script.jar;D:/Vivado/2018.3\lib\classes\batik-svg-dom.jar;D:/Vivado/2018.3\lib\classes\batik-swing.jar;D:/Vivado/2018.3\lib\classes\batik-transcoder.jar;D:/Vivado/2018.3\lib\classes\batik-util.jar;D:/Vivado/2018.3\lib\classes\batik-xml.jar;D:/Vivado/2018.3\lib\classes\com.ibm.icu_4.4.2.v20110208.jar;D:/Vivado/2018.3\lib\classes\commons-collections4-4.1.jar;D:/Vivado/2018.3\lib\classes\commons-math-2.2.jar;D:/Vivado/2018.3\lib\classes\dom4j-1.6.1.jar;D:/Vivado/2018.3\lib\classes\guava-18.0.jar;D:/Vivado/2018.3\lib\classes\help.jar;D:/Vivado/2018.3\lib\classes\hsqldb.jar;D:/Vivado/2018.3\lib\classes\jargs.jar;D:/Vivado/2018.3\lib\classes\jaxb-api-2.3.0.jar;D:/Vivado/2018.3\lib\classes\jh.jar;D:/Vivado/2018.3\lib\classes\jide-action.jar;D:/Vivado/2018.3\lib\classes\jide-charts.jar;D:/Vivado/2018.3\lib\classes\jide-common.jar;D:/Vivado/2018.3\lib\classes\jide-components.jar;D:/Vivado/2018.3\lib\classes\jide-dashboard.jar;D:/Vivado/2018.3\lib\classes\jide-data.jar;D:/Vivado/2018.3\lib\classes\jide-dialogs.jar;D:/Vivado/2018.3\lib\classes\jide-diff.jar;D:/Vivado/2018.3\lib\classes\jide-dock.jar;D:/Vivado/2018.3\lib\classes\jide-editor.jar;D:/Vivado/2018.3\lib\classes\jide-gantt.jar;D:/Vivado/2018.3\lib\classes\jide-grids.jar;D:/Vivado/2018.3\lib\classes\jide-pivot
Launcher Type: generic

Logging:
Log output configuration:
#0: stdout all=warning uptime,level,tags
#1: stderr all=off uptime,level,tags

Environment Variables:
JAVA_HOME=C:\Program Files\Java
CLASSPATH=;C:\Program Files\Java\lib\dt.jar;C:\Program Files\Java\lib\tools.jar
PATH=D:/Vivado/2018.3/bin;D:/Vivado/2018.3/lib/win64.o;D:/Vivado/2018.3/tps/win64/jre9.0.4/bin/server;D:/Vivado/2018.3/tps/win64/jre9.0.4/bin;D:/Vivado/2018.3/ids_lite/ISE/bin/nt64;D:/Vivado/2018.3/ids_lite/ISE/lib/nt64;D:\programTools\runtime\win64;D:\programTools\bin\;C:\Program Files\Common Files\Oracle\Java\javapath;C:\Program Files (x86)\Common Files\Oracle\Java\javapath;C:\Windows\system32;C:\Windows;C:\Windows\System32\Wbem;C:\Windows\System32\WindowsPowerShell\v1.0\;C:\Windows\System32\OpenSSH\;C:\Program Files (x86)\NVIDIA Corporation\PhysX\Common;D:\MYSQL\bin;D:\Graphviz\bin;D:\Download\apache-maven-3.8.1\bin;D:\programTools\protoc-3.6.1-win32\bin;D:\programTools\apache-tomcat-8.5.73\lib;D:\programTools\apache-tomcat-8.5.73\bin;C:\Program Files\Java\bin;C:\Program Files\Java\jre\bin;C:\Program Files (x86)\dotnet\;D:\programTools\Matlab\runtime\win64;D:\programTools\Matlab\bin;C:\Program Files\Git\cmd;C:\Users\finger\AppData\Local\Programs\Python\Python39\Scripts\;C:\Users\finger\AppData\Local\Programs\Python\Python39\;D:\Scripts\;D:\;C:\Users\finger\AppData\Local\Microsoft\WindowsApps;D:\Vscode\Microsoft VS Code\bin;C:\Program Files\Bandizip\;D:\ChromeCoreDownloads\PyCharm 2021.1.2\bin;;D:\programTools\CLion 2021.2.3\bin;C:\Program Files\CodeBlocks\MinGW\bin;C:\Users\finger\.dotnet\tools;D:/Vivado/2018.3\tps\mingw\6.2.0\win64.o\nt\bin;D:/Vivado/2018.3\tps\mingw\6.2.0\win64.o\nt\libexec\gcc\x86_64-w64-mingw32\6.2.0
USERNAME=»ÆÖ¸±ó
OS=Windows_NT
PROCESSOR_IDENTIFIER=Intel64 Family 6 Model 142 Stepping 12, GenuineIntel



---------------  S Y S T E M  ---------------

OS: Windows 10 , 64 bit Build 19041 (10.0.19041.1645)

CPU:total 8 (initial active 8) (4 cores per cpu, 2 threads per core) family 6 model 142 stepping 12, cmov, cx8, fxsr, mmx, sse, sse2, sse3, ssse3, sse4.1, sse4.2, popcnt, avx, avx2, aes, clmul, erms, 3dnowpref, lzcnt, ht, tsc, tscinvbit, bmi1, bmi2, adx, fma

Memory: 4k page, physical 16601588k(3581176k free), swap 22015444k(3461232k free)

vm_info: Java HotSpot(TM) 64-Bit Server VM (9.0.4+11) for windows-amd64 JRE (9.0.4+11), built on Dec 20 2017 02:18:54 by "mach5one" with MS VC++ 12.0 (VS2013)

END.
