#
# A fatal error has been detected by the Java Runtime Environment:
#
#  EXCEPTION_ACCESS_VIOLATION (0xc0000005) at pc=0x00007ffcf6c3eb16, pid=6636, tid=3008
#
# JRE version: Java(TM) SE Runtime Environment (9.0+11) (build 9.0.4+11)
# Java VM: Java HotSpot(TM) 64-Bit Server VM (9.0.4+11, mixed mode, tiered, compressed oops, g1 gc, windows-amd64)
# Problematic frame:
# C  [librdi_coregen.dll+0xd9eb16]
#
# No core dump will be written. Minidumps are not enabled by default on client versions of Windows
#
# If you would like to submit a bug report, please visit:
#   http://bugreport.java.com/bugreport/crash.jsp
# The crash happened outside the Java Virtual Machine in native code.
# See problematic frame for where to report the bug.
#

---------------  S U M M A R Y ------------

Command Line: -Dsun.java2d.pmoffscreen=false -Dsun.java2d.xrender=false -Dsun.java2d.d3d=false -Dsun.awt.nopixfmt=true -Dsun.java2d.dpiaware=true -Dsun.java2d.uiScale.enabled=false -Xverify:none -Dswing.aatext=true -XX:-UsePerfData -Djdk.map.althashing.threshold=512 -XX:StringTableSize=4072 --add-opens=java.base/java.nio=ALL-UNNAMED --add-opens=java.desktop/sun.swing=ALL-UNNAMED --add-opens=java.desktop/javax.swing=ALL-UNNAMED --add-opens=java.desktop/javax.swing.tree=ALL-UNNAMED --add-opens=java.desktop/javax.swing.plaf.basic=ALL-UNNAMED --add-opens=java.desktop/javax.swing.plaf.synth=ALL-UNNAMED --add-opens=java.desktop/com.sun.awt=ALL-UNNAMED -XX:NewSize=60m -XX:MaxNewSize=60m -Xms128m -Xmx3072m -Xss5m 

Host: Intel(R) Core(TM) i7-10510U CPU @ 1.80GHz, 8 cores, 15G,  Windows 10 , 64 bit Build 19041 (10.0.19041.1645)
Time: Sun May 15 21:45:16 2022 ?D1¨²¡À¨º¡Á?¨º¡À?? elapsed time: 22 seconds (0d 0h 0m 22s)

---------------  T H R E A D  ---------------

Current thread (0x0000029d3c0f9000):  JavaThread "AWT-EventQueue-1" [_thread_in_native, id=3008, stack(0x000000a9ad300000,0x000000a9ad800000)]

Stack: [0x000000a9ad300000,0x000000a9ad800000],  sp=0x000000a9ad7fc7d0,  free space=5105k
Native frames: (J=compiled Java code, j=interpreted, Vv=VM code, C=native code)
C  [librdi_coregen.dll+0xd9eb16]
C  [librdi_coregen.dll+0xda143f]
C  [librdi_coregen.dll+0xe05d2f]
C  [librdi_coregen.dll+0xe0439b]
C  0x0000029d230f921c

Java frames: (J=compiled Java code, j=interpreted, Vv=VM code)
j  ui.xpeguajni.XPG_JModelJNI.new_XPG_JTop(JLui/xpeguajni/ap;)J+0
j  ui.xpeguajni.ad.<init>(Lui/xpeguajni/ap;)V+6
j  ui.xpeguajni.XPG_JModel.<init>(JJ)V+10
j  ui.b.f.r.cRf()Lui/data/coregen/a/cZ;+22
j  ui.b.f.r.cY()Ljava/awt/Component;+89
j  ui.b.f.r.h(Lui/views/cn;)V+34
j  ui.b.f.r.<init>(Ljava/awt/Component;Lui/views/cn;Lui/project/r;Lui/data/coregen/bh;ZLui/data/common/a/q;Lui/frmwork/T;Z)V+125
j  ui.views.S.a.b.a(Ljava/awt/Component;Lui/frmwork/T;Lui/data/coregen/bh;Z)V+23
j  ui.views.S.a.p.gtX()V+43
j  ui.views.S.a.p.taskEnded(I)V+42
j  ui.views.x.a.y.b(I)V+37
j  ui.views.S.a.p.b(I)V+13
j  ui.b.c.bx.y()V+200
j  ui.b.c.bG.finished()V+4
j  ui.frmwork.x.run()V+11
J 10326 c1 java.awt.event.InvocationEvent.dispatch()V java.desktop@9.0.4 (69 bytes) @ 0x0000029d24f0eeac [0x0000029d24f0eca0+0x000000000000020c]
J 10432 c1 java.awt.EventQueue.dispatchEventImpl(Ljava/awt/AWTEvent;Ljava/lang/Object;)V java.desktop@9.0.4 (136 bytes) @ 0x0000029d24f78984 [0x0000029d24f76fc0+0x00000000000019c4]
J 10430 c1 java.awt.EventQueue$3.run()Ljava/lang/Void; java.desktop@9.0.4 (60 bytes) @ 0x0000029d24f6e1a4 [0x0000029d24f6dfa0+0x0000000000000204]
J 10429 c1 java.awt.EventQueue$3.run()Ljava/lang/Object; java.desktop@9.0.4 (5 bytes) @ 0x0000029d24f6dbb4 [0x0000029d24f6db40+0x0000000000000074]
v  ~StubRoutines::call_stub
J 2981  java.security.AccessController.doPrivileged(Ljava/security/PrivilegedAction;Ljava/security/AccessControlContext;)Ljava/lang/Object; java.base@9.0.4 (0 bytes) @ 0x0000029d2ad4dcc6 [0x0000029d2ad4dc60+0x0000000000000066]
J 10367 c1 java.awt.EventQueue.dispatchEvent(Ljava/awt/AWTEvent;)V java.desktop@9.0.4 (80 bytes) @ 0x0000029d24f4d69c [0x0000029d24f4cd20+0x000000000000097c]
J 10256 c1 ui.frmwork.b.d.dispatchEvent(Ljava/awt/AWTEvent;)V (34 bytes) @ 0x0000029d24ee59e4 [0x0000029d24ee5920+0x00000000000000c4]
J 10437 c1 java.awt.EventDispatchThread.pumpOneEventForFilters(I)V java.desktop@9.0.4 (218 bytes) @ 0x0000029d24f73e94 [0x0000029d24f72ac0+0x00000000000013d4]
j  java.awt.EventDispatchThread.pumpEventsForFilter(ILjava/awt/Conditional;Ljava/awt/EventFilter;)V+35 java.desktop@9.0.4
j  java.awt.EventDispatchThread.pumpEventsForHierarchy(ILjava/awt/Conditional;Ljava/awt/Component;)V+11 java.desktop@9.0.4
j  java.awt.EventDispatchThread.pumpEvents(ILjava/awt/Conditional;)V+4 java.desktop@9.0.4
j  java.awt.EventDispatchThread.pumpEvents(Ljava/awt/Conditional;)V+3 java.desktop@9.0.4
j  java.awt.EventDispatchThread.run()V+9 java.desktop@9.0.4
v  ~StubRoutines::call_stub

siginfo: EXCEPTION_ACCESS_VIOLATION (0xc0000005), reading address 0x00000000000001f0


Register to memory mapping:

RIP=0x00007ffcf6c3eb16 librdi_coregen.dll
RAX=0x0000000000000010 is an unknown value
RBX=0x000000a9ad7fc878 is pointing into the stack for thread: 0x0000029d3c0f9000
RCX=0x00000000000001f0 is an unknown value
RDX=0x000000a9ad7fc878 is pointing into the stack for thread: 0x0000029d3c0f9000
RSP=0x000000a9ad7fc7d0 is pointing into the stack for thread: 0x0000029d3c0f9000
RBP=0x000000a9ad7fca30 is pointing into the stack for thread: 0x0000029d3c0f9000
RSI=0x00000000000001f0 is an unknown value
RDI=0x000000a9ad7fc868 is pointing into the stack for thread: 0x0000029d3c0f9000
R8 =0x0000000000000000 is an unknown value
R9 =0x000000a9ad7fc868 is pointing into the stack for thread: 0x0000029d3c0f9000
R10=0x0000000000000000 is an unknown value
R11=0xc4a4000c00080002 is an unknown value
R12=0x0000000000000000 is an unknown value
R13={method} {0x0000029d49438368} 'new_XPG_JTop' '(JLui/xpeguajni/ap;)J' in 'ui/xpeguajni/XPG_JModelJNI'
R14=0x000000a9ad7fca60 is pointing into the stack for thread: 0x0000029d3c0f9000
R15=0x0000029d3c0f9000 is a thread


Registers:
RAX=0x0000000000000010, RBX=0x000000a9ad7fc878, RCX=0x00000000000001f0, RDX=0x000000a9ad7fc878
RSP=0x000000a9ad7fc7d0, RBP=0x000000a9ad7fca30, RSI=0x00000000000001f0, RDI=0x000000a9ad7fc868
R8 =0x0000000000000000, R9 =0x000000a9ad7fc868, R10=0x0000000000000000, R11=0xc4a4000c00080002
R12=0x0000000000000000, R13=0x0000029d49438360, R14=0x000000a9ad7fca60, R15=0x0000029d3c0f9000
RIP=0x00007ffcf6c3eb16, EFLAGS=0x0000000000010202

Top of Stack: (sp=0x000000a9ad7fc7d0)
0x000000a9ad7fc7d0:   0000000000000000 0000000000000000
0x000000a9ad7fc7e0:   0000000000000000 0000029d1c546e80
0x000000a9ad7fc7f0:   000000000000002f 0000000000000100
0x000000a9ad7fc800:   fffffffffffffffe 0000000000000100
0x000000a9ad7fc810:   0000029d230eb110 00007ffcf6c4143f
0x000000a9ad7fc820:   000000a9ad7fc980 0000029d482f7600
0x000000a9ad7fc830:   0000000040000021 0000029d3c0f9000
0x000000a9ad7fc840:   0000029d3c0f9010 000000a9ad7fca60
0x000000a9ad7fc850:   0000029d49438360 0000000000000000
0x000000a9ad7fc860:   0000029d230eb110 0000029d482f7600
0x000000a9ad7fc870:   fffffffffffffffe 00007ffd72acfde6
0x000000a9ad7fc880:   0000000000000000 0000000000000020
0x000000a9ad7fc890:   0000029d3c0f9000 0000ebefff4f198e
0x000000a9ad7fc8a0:   0000029d230eb110 00007ffcf6ca5d2f
0x000000a9ad7fc8b0:   0000000000000020 000000006c7b535c
0x000000a9ad7fc8c0:   0000029d3c0f9000 000000a9ad7fca60 

Instructions: (pc=0x00007ffcf6c3eb16)
0x00007ffcf6c3eaf6:   48 c7 44 24 30 fe ff ff ff 48 89 5c 24 58 48 89
0x00007ffcf6c3eb06:   74 24 60 49 8b f9 45 0f b6 d0 48 8b da 48 8b f1
0x00007ffcf6c3eb16:   4c 8b 19 49 8b 43 08 4d 8b cb 41 b0 01 80 78 19
0x00007ffcf6c3eb26:   00 75 35 48 8b 17 0f 1f 40 00 4c 8b c8 45 84 d2 



---------------  P R O C E S S  ---------------

Java Threads: ( => current thread )
  0x0000029d45f2e000 JavaThread "Code Inspector" [_thread_in_native, id=19108, stack(0x000000a9b1c00000,0x000000a9b2100000)]
  0x0000029d45f29800 JavaThread "Monitor File Timestamp Swing Worker" [_thread_blocked, id=17312, stack(0x000000a9b2b00000,0x000000a9b3000000)]
  0x0000029d45f2c800 JavaThread "Timer-1" [_thread_blocked, id=17072, stack(0x000000a9b2600000,0x000000a9b2b00000)]
  0x0000029d45f26800 JavaThread "Image Animator 0" daemon [_thread_blocked, id=20404, stack(0x000000a9b2100000,0x000000a9b2600000)]
  0x0000029d45f28800 JavaThread "SyntheticaAnimation 50" daemon [_thread_blocked, id=2628, stack(0x000000a9b1700000,0x000000a9b1c00000)]
  0x0000029d45f2b800 JavaThread "Monitor File Timestamp Swing Worker" [_thread_blocked, id=18680, stack(0x000000a9b1200000,0x000000a9b1700000)]
  0x0000029d45f2d000 JavaThread "Timer-0" [_thread_blocked, id=14956, stack(0x000000a9b0d00000,0x000000a9b1200000)]
  0x0000029d3ee2e800 JavaThread "Image Fetcher 3" daemon [_thread_blocked, id=15688, stack(0x000000a9b0800000,0x000000a9b0d00000)]
  0x0000029d3ee31800 JavaThread "hw_ila_monitor" [_thread_blocked, id=18624, stack(0x000000a9b0300000,0x000000a9b0800000)]
  0x0000029d3ee30000 JavaThread "Update Runs Swing Worker" [_thread_blocked, id=15228, stack(0x000000a9afe00000,0x000000a9b0300000)]
  0x0000029d3ee2d800 JavaThread "Refresh Filesets Swing Worker" [_thread_blocked, id=19016, stack(0x000000a9ad800000,0x000000a9add00000)]
  0x0000029d3ee2c000 JavaThread "SyntheticaAnimation 70" daemon [_thread_blocked, id=17192, stack(0x000000a9af900000,0x000000a9afe00000)]
  0x0000029d3ee2d000 JavaThread "SyntheticaAnimation 25" daemon [_thread_blocked, id=3320, stack(0x000000a9aef00000,0x000000a9af400000)]
  0x0000029d10fe5000 JavaThread "SyntheticaAnimation 50" daemon [_thread_blocked, id=4896, stack(0x000000a9aea00000,0x000000a9aef00000)]
  0x0000029d10fe4000 JavaThread "Monitor HEventQueue" [_thread_blocked, id=20376, stack(0x000000a9ae500000,0x000000a9aea00000)]
  0x0000029d10fe2000 JavaThread "Batik CleanerThread" daemon [_thread_blocked, id=2152, stack(0x000000a9add00000,0x000000a9ae200000)]
  0x0000029d10fe2800 JavaThread "SyntheticaCleanerThread" daemon [_thread_blocked, id=10316, stack(0x000000a9ac900000,0x000000a9ace00000)]
=>0x0000029d3c0f9000 JavaThread "AWT-EventQueue-1" [_thread_in_native, id=3008, stack(0x000000a9ad300000,0x000000a9ad800000)]
  0x0000029d3c9b7800 JavaThread "Process Messages" [_thread_blocked, id=12320, stack(0x000000a9ace00000,0x000000a9ad300000)]
  0x0000029d3c792800 JavaThread "Thread-1" [_thread_in_native, id=15768, stack(0x000000a9a5c00000,0x000000a9a7000000)]
  0x0000029d3c09c800 JavaThread "TimerQueue" daemon [_thread_blocked, id=2540, stack(0x000000a9abf00000,0x000000a9ac400000)]
  0x0000029d1b2db800 JavaThread "AWT-Windows" daemon [_thread_in_native, id=19400, stack(0x000000a9aba00000,0x000000a9abf00000)]
  0x0000029d1b47b000 JavaThread "AWT-Shutdown" [_thread_blocked, id=4520, stack(0x000000a9ab500000,0x000000a9aba00000)]
  0x0000029d1b47a800 JavaThread "Java2D Disposer" daemon [_thread_blocked, id=14636, stack(0x000000a9ab000000,0x000000a9ab500000)]
  0x0000029d1ad14000 JavaThread "Service Thread" daemon [_thread_blocked, id=16552, stack(0x000000a9aaa00000,0x000000a9aaf00000)]
  0x0000029d1c400000 JavaThread "Common-Cleaner" daemon [_thread_blocked, id=2536, stack(0x000000a9aa500000,0x000000a9aaa00000)]
  0x0000029d1c3d1000 JavaThread "Sweeper thread" daemon [_thread_blocked, id=8536, stack(0x000000a9aa000000,0x000000a9aa500000)]
  0x0000029d1c3d0000 JavaThread "C1 CompilerThread3" daemon [_thread_blocked, id=1628, stack(0x000000a9a9f00000,0x000000a9aa000000)]
  0x0000029d1c011800 JavaThread "C2 CompilerThread2" daemon [_thread_blocked, id=12592, stack(0x000000a9a9e00000,0x000000a9a9f00000)]
  0x0000029d1c010800 JavaThread "C2 CompilerThread1" daemon [_thread_blocked, id=7848, stack(0x000000a9a9d00000,0x000000a9a9e00000)]
  0x0000029d1c00f000 JavaThread "C2 CompilerThread0" daemon [_thread_blocked, id=2100, stack(0x000000a9a9c00000,0x000000a9a9d00000)]
  0x0000029d1972f800 JavaThread "Attach Listener" daemon [_thread_blocked, id=15552, stack(0x000000a9a9700000,0x000000a9a9c00000)]
  0x0000029d14f09800 JavaThread "Signal Dispatcher" daemon [_thread_blocked, id=5544, stack(0x000000a9a9200000,0x000000a9a9700000)]
  0x0000029d1c3cf000 JavaThread "Finalizer" daemon [_thread_blocked, id=1460, stack(0x000000a9a8d00000,0x000000a9a9200000)]
  0x0000029d1c3cd800 JavaThread "Reference Handler" daemon [_thread_blocked, id=7736, stack(0x000000a9a8800000,0x000000a9a8d00000)]
  0x0000029d1c59e800 JavaThread "main" [_thread_blocked, id=12904, stack(0x000000a9a5b00000,0x000000a9a5c00000)]

Other Threads:
  0x0000029d1c3c3800 VMThread "VM Thread" [stack: 0x000000a9a8700000,0x000000a9a8800000] [id=8940]
  0x0000029d1ad16000 WatcherThread [stack: 0x000000a9aaf00000,0x000000a9ab000000] [id=18120]
  0x0000029d1720e800 GCTaskThread "GC Thread#0" [stack: 0x000000a9a7300000,0x000000a9a7400000] [id=16916]
  0x0000029d1972a800 GCTaskThread "GC Thread#1" [stack: 0x000000a9a7400000,0x000000a9a7500000] [id=676]
  0x0000029d169b0800 GCTaskThread "GC Thread#2" [stack: 0x000000a9a7500000,0x000000a9a7600000] [id=12808]
  0x0000029d1c009800 GCTaskThread "GC Thread#3" [stack: 0x000000a9a7600000,0x000000a9a7700000] [id=19184]
  0x0000029d195fb000 GCTaskThread "GC Thread#4" [stack: 0x000000a9a7700000,0x000000a9a7800000] [id=2160]
  0x0000029d1c50d800 GCTaskThread "GC Thread#5" [stack: 0x000000a9a7800000,0x000000a9a7900000] [id=8496]
  0x0000029d16bc7800 GCTaskThread "GC Thread#6" [stack: 0x000000a9a7900000,0x000000a9a7a00000] [id=13908]
  0x0000029d16bc8800 GCTaskThread "GC Thread#7" [stack: 0x000000a9a7a00000,0x000000a9a7b00000] [id=10452]
  0x0000029d19a1d800 ConcurrentGCThread "G1 Main Marker" [stack: 0x000000a9a8400000,0x000000a9a8500000] [id=11488]
  0x0000029d19ace800 ConcurrentGCThread "G1 Marker#0" [stack: 0x000000a9a8500000,0x000000a9a8600000] [id=7152]
  0x0000029d19ad0000 ConcurrentGCThread "G1 Marker#1" [stack: 0x000000a9a8600000,0x000000a9a8700000] [id=9112]
  0x0000029d19a4e800 ConcurrentGCThread "G1 Refine#0" [stack: 0x000000a9a8200000,0x000000a9a8300000] [id=15484]
  0x0000029d19a4c800 ConcurrentGCThread "G1 Refine#1" [stack: 0x000000a9a8100000,0x000000a9a8200000] [id=18112]
  0x0000029d19a4b800 ConcurrentGCThread "G1 Refine#2" [stack: 0x000000a9a8000000,0x000000a9a8100000] [id=16084]
  0x0000029d19a49800 ConcurrentGCThread "G1 Refine#3" [stack: 0x000000a9a7f00000,0x000000a9a8000000] [id=2908]
  0x0000029d198bd000 ConcurrentGCThread "G1 Refine#4" [stack: 0x000000a9a7e00000,0x000000a9a7f00000] [id=13804]
  0x0000029d198b9800 ConcurrentGCThread "G1 Refine#5" [stack: 0x000000a9a7d00000,0x000000a9a7e00000] [id=6260]
  0x0000029d1c107000 ConcurrentGCThread "G1 Refine#6" [stack: 0x000000a9a7c00000,0x000000a9a7d00000] [id=13592]
  0x0000029d1c106800 ConcurrentGCThread "G1 Refine#7" [stack: 0x000000a9a7b00000,0x000000a9a7c00000] [id=20420]
  0x0000029d19a51000 ConcurrentGCThread "G1 Young RemSet Sampling" [stack: 0x000000a9a8300000,0x000000a9a8400000] [id=6088]

Threads with active compile tasks:

VM state:not at safepoint (normal execution)

VM Mutex/Monitor currently owned by a thread: None

Heap address: 0x0000000700000000, size: 3072 MB, Compressed Oops mode: Zero based, Oop shift amount: 3
Narrow klass base: 0x0000000000000000, Narrow klass shift: 3
Compressed class space size: 1073741824 Address: 0x00000007c0000000

Heap:
 garbage-first heap   total 193536K, used 93423K [0x0000000700000000, 0x00000007001005e8, 0x00000007c0000000)
  region size 1024K, 32 young (32768K), 4 survivors (4096K)
 Metaspace       used 69458K, capacity 74190K, committed 74440K, reserved 1114112K
  class space    used 9777K, capacity 10625K, committed 10696K, reserved 1048576K
Heap Regions: E=young(eden), S=young(survivor), O=old, HS=humongous(starts), HC=humongous(continues), CS=collection set, F=free, A=archive, TS=gc time stamp, AC=allocation context, TAMS=top-at-mark-start (previous, next)
|   0|0x0000000700000000, 0x00000007000f0748, 0x0000000700100000| 93%| O|  |TS  0|AC  0|TAMS 0x0000000700000000, 0x0000000700000000|
|   1|0x0000000700100000, 0x0000000700200000, 0x0000000700200000|100%|HS|  |TS  0|AC  0|TAMS 0x0000000700100000, 0x0000000700100000|
|   2|0x0000000700200000, 0x0000000700300000, 0x0000000700300000|100%|HC|  |TS  0|AC  0|TAMS 0x0000000700200000, 0x0000000700200000|
|   3|0x0000000700300000, 0x0000000700400000, 0x0000000700400000|100%|HS|  |TS  0|AC  0|TAMS 0x0000000700300000, 0x0000000700300000|
|   4|0x0000000700400000, 0x00000007004fffb0, 0x0000000700500000| 99%| O|  |TS  0|AC  0|TAMS 0x0000000700400000, 0x0000000700400000|
|   5|0x0000000700500000, 0x00000007005fffa0, 0x0000000700600000| 99%| O|  |TS  0|AC  0|TAMS 0x0000000700500000, 0x0000000700500000|
|   6|0x0000000700600000, 0x00000007006ffff8, 0x0000000700700000| 99%| O|  |TS  0|AC  0|TAMS 0x0000000700600000, 0x0000000700600000|
|   7|0x0000000700700000, 0x00000007007f7fa8, 0x0000000700800000| 96%| O|  |TS  0|AC  0|TAMS 0x0000000700700000, 0x0000000700700000|
|   8|0x0000000700800000, 0x0000000700900000, 0x0000000700900000|100%| O|  |TS  0|AC  0|TAMS 0x0000000700800000, 0x0000000700800000|
|   9|0x0000000700900000, 0x00000007009ffff0, 0x0000000700a00000| 99%| O|  |TS  0|AC  0|TAMS 0x0000000700900000, 0x0000000700900000|
|  10|0x0000000700a00000, 0x0000000700affff8, 0x0000000700b00000| 99%| O|  |TS  0|AC  0|TAMS 0x0000000700a00000, 0x0000000700a00000|
|  11|0x0000000700b00000, 0x0000000700c00000, 0x0000000700c00000|100%|HS|  |TS  0|AC  0|TAMS 0x0000000700b00000, 0x0000000700b00000|
|  12|0x0000000700c00000, 0x0000000700d00000, 0x0000000700d00000|100%|HC|  |TS  0|AC  0|TAMS 0x0000000700c00000, 0x0000000700c00000|
|  13|0x0000000700d00000, 0x0000000700dfec38, 0x0000000700e00000| 99%| O|  |TS  0|AC  0|TAMS 0x0000000700d00000, 0x0000000700d00000|
|  14|0x0000000700e00000, 0x0000000700eff938, 0x0000000700f00000| 99%| O|  |TS  0|AC  0|TAMS 0x0000000700e00000, 0x0000000700e00000|
|  15|0x0000000700f00000, 0x0000000700ffe380, 0x0000000701000000| 99%| O|  |TS  0|AC  0|TAMS 0x0000000700f00000, 0x0000000700f00000|
|  16|0x0000000701000000, 0x00000007010ed7a8, 0x0000000701100000| 92%| O|  |TS  0|AC  0|TAMS 0x0000000701000000, 0x0000000701000000|
|  17|0x0000000701100000, 0x00000007011fffd8, 0x0000000701200000| 99%| O|  |TS  0|AC  0|TAMS 0x0000000701100000, 0x0000000701100000|
|  18|0x0000000701200000, 0x00000007012fffc0, 0x0000000701300000| 99%| O|  |TS  0|AC  0|TAMS 0x0000000701200000, 0x0000000701200000|
|  19|0x0000000701300000, 0x00000007013ffee8, 0x0000000701400000| 99%| O|  |TS  0|AC  0|TAMS 0x0000000701300000, 0x0000000701300000|
|  20|0x0000000701400000, 0x00000007014ffff0, 0x0000000701500000| 99%| O|  |TS  0|AC  0|TAMS 0x0000000701400000, 0x0000000701400000|
|  21|0x0000000701500000, 0x0000000701600000, 0x0000000701600000|100%| O|  |TS  0|AC  0|TAMS 0x0000000701500000, 0x0000000701500000|
|  22|0x0000000701600000, 0x00000007016ffff8, 0x0000000701700000| 99%| O|  |TS  0|AC  0|TAMS 0x0000000701600000, 0x0000000701600000|
|  23|0x0000000701700000, 0x00000007017fffe8, 0x0000000701800000| 99%| O|  |TS  0|AC  0|TAMS 0x0000000701700000, 0x0000000701700000|
|  24|0x0000000701800000, 0x0000000701900000, 0x0000000701900000|100%| O|  |TS  0|AC  0|TAMS 0x0000000701800000, 0x0000000701800000|
|  25|0x0000000701900000, 0x00000007019ff998, 0x0000000701a00000| 99%| O|  |TS  0|AC  0|TAMS 0x0000000701900000, 0x0000000701900000|
|  26|0x0000000701a00000, 0x0000000701affff8, 0x0000000701b00000| 99%| O|  |TS  0|AC  0|TAMS 0x0000000701a00000, 0x0000000701a00000|
|  27|0x0000000701b00000, 0x0000000701bffff0, 0x0000000701c00000| 99%| O|  |TS  0|AC  0|TAMS 0x0000000701b00000, 0x0000000701b00000|
|  28|0x0000000701c00000, 0x0000000701d00000, 0x0000000701d00000|100%| O|  |TS  0|AC  0|TAMS 0x0000000701c00000, 0x0000000701c00000|
|  29|0x0000000701d00000, 0x0000000701dffff8, 0x0000000701e00000| 99%| O|  |TS  0|AC  0|TAMS 0x0000000701d00000, 0x0000000701d00000|
|  30|0x0000000701e00000, 0x0000000701efd850, 0x0000000701f00000| 99%| O|  |TS  0|AC  0|TAMS 0x0000000701e00000, 0x0000000701e00000|
|  31|0x0000000701f00000, 0x0000000701fffff8, 0x0000000702000000| 99%| O|  |TS  0|AC  0|TAMS 0x0000000701f00000, 0x0000000701f00000|
|  32|0x0000000702000000, 0x00000007020fe298, 0x0000000702100000| 99%| O|  |TS  0|AC  0|TAMS 0x0000000702000000, 0x0000000702000000|
|  33|0x0000000702100000, 0x00000007021ffff8, 0x0000000702200000| 99%| O|  |TS  0|AC  0|TAMS 0x0000000702100000, 0x0000000702100000|
|  34|0x0000000702200000, 0x00000007022ffff0, 0x0000000702300000| 99%| O|  |TS  0|AC  0|TAMS 0x0000000702200000, 0x0000000702200000|
|  35|0x0000000702300000, 0x00000007023fffb0, 0x0000000702400000| 99%| O|  |TS  0|AC  0|TAMS 0x0000000702300000, 0x0000000702300000|
|  36|0x0000000702400000, 0x0000000702500000, 0x0000000702500000|100%| O|  |TS  0|AC  0|TAMS 0x0000000702400000, 0x0000000702400000|
|  37|0x0000000702500000, 0x00000007025fffe8, 0x0000000702600000| 99%| O|  |TS  0|AC  0|TAMS 0x0000000702500000, 0x0000000702500000|
|  38|0x0000000702600000, 0x00000007026ff378, 0x0000000702700000| 99%| O|  |TS  0|AC  0|TAMS 0x0000000702600000, 0x0000000702600000|
|  39|0x0000000702700000, 0x0000000702800000, 0x0000000702800000|100%|HS|  |TS  0|AC  0|TAMS 0x0000000702700000, 0x0000000702700000|
|  40|0x0000000702800000, 0x0000000702900000, 0x0000000702900000|100%|HC|  |TS  0|AC  0|TAMS 0x0000000702800000, 0x0000000702800000|
|  41|0x0000000702900000, 0x0000000702a00000, 0x0000000702a00000|100%|HC|  |TS  0|AC  0|TAMS 0x0000000702900000, 0x0000000702900000|
|  42|0x0000000702a00000, 0x0000000702b00000, 0x0000000702b00000|100%|HC|  |TS  0|AC  0|TAMS 0x0000000702a00000, 0x0000000702a00000|
|  43|0x0000000702b00000, 0x0000000702c00000, 0x0000000702c00000|100%|HC|  |TS  0|AC  0|TAMS 0x0000000702b00000, 0x0000000702b00000|
|  44|0x0000000702c00000, 0x0000000702d00000, 0x0000000702d00000|100%|HC|  |TS  0|AC  0|TAMS 0x0000000702c00000, 0x0000000702c00000|
|  45|0x0000000702d00000, 0x0000000702e00000, 0x0000000702e00000|100%|HC|  |TS  0|AC  0|TAMS 0x0000000702d00000, 0x0000000702d00000|
|  46|0x0000000702e00000, 0x0000000702f00000, 0x0000000702f00000|100%|HC|  |TS  0|AC  0|TAMS 0x0000000702e00000, 0x0000000702e00000|
|  47|0x0000000702f00000, 0x0000000703000000, 0x0000000703000000|100%|HC|  |TS  0|AC  0|TAMS 0x0000000702f00000, 0x0000000702f00000|
|  48|0x0000000703000000, 0x0000000703100000, 0x0000000703100000|100%|HC|  |TS  0|AC  0|TAMS 0x0000000703000000, 0x0000000703000000|
|  49|0x0000000703100000, 0x0000000703200000, 0x0000000703200000|100%|HC|  |TS  0|AC  0|TAMS 0x0000000703100000, 0x0000000703100000|
|  50|0x0000000703200000, 0x0000000703300000, 0x0000000703300000|100%|HC|  |TS  0|AC  0|TAMS 0x0000000703200000, 0x0000000703200000|
|  51|0x0000000703300000, 0x00000007033fffe8, 0x0000000703400000| 99%| O|  |TS  0|AC  0|TAMS 0x0000000703300000, 0x0000000703300000|
|  52|0x0000000703400000, 0x00000007034ffe98, 0x0000000703500000| 99%| O|  |TS  0|AC  0|TAMS 0x0000000703400000, 0x0000000703400000|
|  53|0x0000000703500000, 0x00000007035fffe8, 0x0000000703600000| 99%| O|  |TS  0|AC  0|TAMS 0x0000000703500000, 0x0000000703500000|
|  54|0x0000000703600000, 0x00000007036ff9b0, 0x0000000703700000| 99%| O|  |TS  0|AC  0|TAMS 0x0000000703600000, 0x0000000703600000|
|  55|0x0000000703700000, 0x00000007037fffd8, 0x0000000703800000| 99%| O|  |TS  0|AC  0|TAMS 0x0000000703700000, 0x0000000703700000|
|  56|0x0000000703800000, 0x0000000703900000, 0x0000000703900000|100%|HS|  |TS  0|AC  0|TAMS 0x0000000703800000, 0x0000000703800000|
|  57|0x0000000703900000, 0x00000007039588b0, 0x0000000703a00000| 34%| O|  |TS  0|AC  0|TAMS 0x0000000703900000, 0x0000000703900000|
|  58|0x0000000703a00000, 0x0000000703b00000, 0x0000000703b00000|100%| O|  |TS 17|AC  0|TAMS 0x0000000703a00000, 0x0000000703a00000|
|  59|0x0000000703b00000, 0x0000000703c00000, 0x0000000703c00000|100%|HS|  |TS  0|AC  0|TAMS 0x0000000703b00000, 0x0000000703b00000|
|  60|0x0000000703c00000, 0x0000000703c00000, 0x0000000703d00000|  0%| F|  |TS 17|AC  0|TAMS 0x0000000703c00000, 0x0000000703c00000|
|  61|0x0000000703d00000, 0x0000000703d3a000, 0x0000000703e00000| 22%| O|  |TS 17|AC  0|TAMS 0x0000000703d00000, 0x0000000703d00000|
|  62|0x0000000703e00000, 0x0000000703f00000, 0x0000000703f00000|100%|HS|  |TS  0|AC  0|TAMS 0x0000000703e00000, 0x0000000703e00000|
|  63|0x0000000703f00000, 0x0000000703f00000, 0x0000000704000000|  0%| F|  |TS  0|AC  0|TAMS 0x0000000703f00000, 0x0000000703f00000|
|  64|0x0000000704000000, 0x0000000704000000, 0x0000000704100000|  0%| F|  |TS  0|AC  0|TAMS 0x0000000704000000, 0x0000000704000000|
|  65|0x0000000704100000, 0x0000000704100000, 0x0000000704200000|  0%| F|  |TS  0|AC  0|TAMS 0x0000000704100000, 0x0000000704100000|
|  66|0x0000000704200000, 0x0000000704200000, 0x0000000704300000|  0%| F|  |TS  0|AC  0|TAMS 0x0000000704200000, 0x0000000704200000|
|  67|0x0000000704300000, 0x0000000704300000, 0x0000000704400000|  0%| F|  |TS  0|AC  0|TAMS 0x0000000704300000, 0x0000000704300000|
|  68|0x0000000704400000, 0x0000000704400000, 0x0000000704500000|  0%| F|  |TS  0|AC  0|TAMS 0x0000000704400000, 0x0000000704400000|
|  69|0x0000000704500000, 0x0000000704500000, 0x0000000704600000|  0%| F|  |TS  0|AC  0|TAMS 0x0000000704500000, 0x0000000704500000|
|  70|0x0000000704600000, 0x0000000704600000, 0x0000000704700000|  0%| F|  |TS  0|AC  0|TAMS 0x0000000704600000, 0x0000000704600000|
|  71|0x0000000704700000, 0x0000000704700000, 0x0000000704800000|  0%| F|  |TS  0|AC  0|TAMS 0x0000000704700000, 0x0000000704700000|
|  72|0x0000000704800000, 0x0000000704800000, 0x0000000704900000|  0%| F|  |TS  0|AC  0|TAMS 0x0000000704800000, 0x0000000704800000|
|  73|0x0000000704900000, 0x0000000704900000, 0x0000000704a00000|  0%| F|  |TS  0|AC  0|TAMS 0x0000000704900000, 0x0000000704900000|
|  74|0x0000000704a00000, 0x0000000704a00000, 0x0000000704b00000|  0%| F|  |TS  0|AC  0|TAMS 0x0000000704a00000, 0x0000000704a00000|
|  75|0x0000000704b00000, 0x0000000704b00000, 0x0000000704c00000|  0%| F|  |TS  0|AC  0|TAMS 0x0000000704b00000, 0x0000000704b00000|
|  76|0x0000000704c00000, 0x0000000704c00000, 0x0000000704d00000|  0%| F|  |TS  0|AC  0|TAMS 0x0000000704c00000, 0x0000000704c00000|
|  77|0x0000000704d00000, 0x0000000704d00000, 0x0000000704e00000|  0%| F|  |TS  0|AC  0|TAMS 0x0000000704d00000, 0x0000000704d00000|
|  78|0x0000000704e00000, 0x0000000704e00000, 0x0000000704f00000|  0%| F|  |TS  0|AC  0|TAMS 0x0000000704e00000, 0x0000000704e00000|
|  79|0x0000000704f00000, 0x0000000704f00000, 0x0000000705000000|  0%| F|  |TS  0|AC  0|TAMS 0x0000000704f00000, 0x0000000704f00000|
|  80|0x0000000705000000, 0x0000000705000000, 0x0000000705100000|  0%| F|  |TS  0|AC  0|TAMS 0x0000000705000000, 0x0000000705000000|
|  81|0x0000000705100000, 0x0000000705100000, 0x0000000705200000|  0%| F|  |TS  0|AC  0|TAMS 0x0000000705100000, 0x0000000705100000|
|  82|0x0000000705200000, 0x0000000705200000, 0x0000000705300000|  0%| F|  |TS  0|AC  0|TAMS 0x0000000705200000, 0x0000000705200000|
|  83|0x0000000705300000, 0x0000000705300000, 0x0000000705400000|  0%| F|  |TS  0|AC  0|TAMS 0x0000000705300000, 0x0000000705300000|
|  84|0x0000000705400000, 0x0000000705400000, 0x0000000705500000|  0%| F|  |TS  0|AC  0|TAMS 0x0000000705400000, 0x0000000705400000|
|  85|0x0000000705500000, 0x0000000705500000, 0x0000000705600000|  0%| F|  |TS  0|AC  0|TAMS 0x0000000705500000, 0x0000000705500000|
|  86|0x0000000705600000, 0x0000000705600000, 0x0000000705700000|  0%| F|  |TS  0|AC  0|TAMS 0x0000000705600000, 0x0000000705600000|
|  87|0x0000000705700000, 0x0000000705700000, 0x0000000705800000|  0%| F|  |TS  0|AC  0|TAMS 0x0000000705700000, 0x0000000705700000|
|  88|0x0000000705800000, 0x0000000705800000, 0x0000000705900000|  0%| F|  |TS  0|AC  0|TAMS 0x0000000705800000, 0x0000000705800000|
|  89|0x0000000705900000, 0x0000000705900000, 0x0000000705a00000|  0%| F|  |TS  0|AC  0|TAMS 0x0000000705900000, 0x0000000705900000|
|  90|0x0000000705a00000, 0x0000000705a00000, 0x0000000705b00000|  0%| F|  |TS  0|AC  0|TAMS 0x0000000705a00000, 0x0000000705a00000|
|  91|0x0000000705b00000, 0x0000000705b00000, 0x0000000705c00000|  0%| F|  |TS  0|AC  0|TAMS 0x0000000705b00000, 0x0000000705b00000|
|  92|0x0000000705c00000, 0x0000000705c00000, 0x0000000705d00000|  0%| F|  |TS 13|AC  0|TAMS 0x0000000705c00000, 0x0000000705c00000|
|  93|0x0000000705d00000, 0x0000000705d00000, 0x0000000705e00000|  0%| F|  |TS 13|AC  0|TAMS 0x0000000705d00000, 0x0000000705d00000|
|  94|0x0000000705e00000, 0x0000000705e00000, 0x0000000705f00000|  0%| F|  |TS 13|AC  0|TAMS 0x0000000705e00000, 0x0000000705e00000|
|  95|0x0000000705f00000, 0x0000000705f00000, 0x0000000706000000|  0%| F|  |TS 11|AC  0|TAMS 0x0000000705f00000, 0x0000000705f00000|
|  96|0x0000000706000000, 0x0000000706000000, 0x0000000706100000|  0%| F|  |TS 11|AC  0|TAMS 0x0000000706000000, 0x0000000706000000|
|  97|0x0000000706100000, 0x0000000706100000, 0x0000000706200000|  0%| F|  |TS 13|AC  0|TAMS 0x0000000706100000, 0x0000000706100000|
|  98|0x0000000706200000, 0x0000000706200000, 0x0000000706300000|  0%| F|  |TS 13|AC  0|TAMS 0x0000000706200000, 0x0000000706200000|
|  99|0x0000000706300000, 0x0000000706300000, 0x0000000706400000|  0%| F|  |TS 11|AC  0|TAMS 0x0000000706300000, 0x0000000706300000|
| 100|0x0000000706400000, 0x0000000706400000, 0x0000000706500000|  0%| F|  |TS 11|AC  0|TAMS 0x0000000706400000, 0x0000000706400000|
| 101|0x0000000706500000, 0x0000000706500000, 0x0000000706600000|  0%| F|  |TS 11|AC  0|TAMS 0x0000000706500000, 0x0000000706500000|
| 102|0x0000000706600000, 0x0000000706600000, 0x0000000706700000|  0%| F|  |TS 11|AC  0|TAMS 0x0000000706600000, 0x0000000706600000|
| 103|0x0000000706700000, 0x0000000706700000, 0x0000000706800000|  0%| F|  |TS 11|AC  0|TAMS 0x0000000706700000, 0x0000000706700000|
| 104|0x0000000706800000, 0x0000000706800000, 0x0000000706900000|  0%| F|  |TS 11|AC  0|TAMS 0x0000000706800000, 0x0000000706800000|
| 105|0x0000000706900000, 0x0000000706900000, 0x0000000706a00000|  0%| F|  |TS 11|AC  0|TAMS 0x0000000706900000, 0x0000000706900000|
| 106|0x0000000706a00000, 0x0000000706a00000, 0x0000000706b00000|  0%| F|  |TS 11|AC  0|TAMS 0x0000000706a00000, 0x0000000706a00000|
| 107|0x0000000706b00000, 0x0000000706b00000, 0x0000000706c00000|  0%| F|  |TS 11|AC  0|TAMS 0x0000000706b00000, 0x0000000706b00000|
| 108|0x0000000706c00000, 0x0000000706c00000, 0x0000000706d00000|  0%| F|  |TS 11|AC  0|TAMS 0x0000000706c00000, 0x0000000706c00000|
| 109|0x0000000706d00000, 0x0000000706d00000, 0x0000000706e00000|  0%| F|  |TS 11|AC  0|TAMS 0x0000000706d00000, 0x0000000706d00000|
| 110|0x0000000706e00000, 0x0000000706e00000, 0x0000000706f00000|  0%| F|  |TS 11|AC  0|TAMS 0x0000000706e00000, 0x0000000706e00000|
| 111|0x0000000706f00000, 0x0000000706f00000, 0x0000000707000000|  0%| F|  |TS 11|AC  0|TAMS 0x0000000706f00000, 0x0000000706f00000|
| 112|0x0000000707000000, 0x0000000707000000, 0x0000000707100000|  0%| F|  |TS 11|AC  0|TAMS 0x0000000707000000, 0x0000000707000000|
| 113|0x0000000707100000, 0x0000000707100000, 0x0000000707200000|  0%| F|  |TS 11|AC  0|TAMS 0x0000000707100000, 0x0000000707100000|
| 114|0x0000000707200000, 0x0000000707200000, 0x0000000707300000|  0%| F|  |TS 11|AC  0|TAMS 0x0000000707200000, 0x0000000707200000|
| 115|0x0000000707300000, 0x0000000707300000, 0x0000000707400000|  0%| F|  |TS 11|AC  0|TAMS 0x0000000707300000, 0x0000000707300000|
| 116|0x0000000707400000, 0x0000000707400000, 0x0000000707500000|  0%| F|  |TS 11|AC  0|TAMS 0x0000000707400000, 0x0000000707400000|
| 117|0x0000000707500000, 0x0000000707500000, 0x0000000707600000|  0%| F|  |TS 11|AC  0|TAMS 0x0000000707500000, 0x0000000707500000|
| 118|0x0000000707600000, 0x0000000707600000, 0x0000000707700000|  0%| F|  |TS 11|AC  0|TAMS 0x0000000707600000, 0x0000000707600000|
| 119|0x0000000707700000, 0x0000000707700000, 0x0000000707800000|  0%| F|  |TS 11|AC  0|TAMS 0x0000000707700000, 0x0000000707700000|
| 120|0x0000000707800000, 0x0000000707800000, 0x0000000707900000|  0%| F|  |TS 11|AC  0|TAMS 0x0000000707800000, 0x0000000707800000|
| 121|0x0000000707900000, 0x0000000707900000, 0x0000000707a00000|  0%| F|  |TS 11|AC  0|TAMS 0x0000000707900000, 0x0000000707900000|
| 122|0x0000000707a00000, 0x0000000707a00000, 0x0000000707b00000|  0%| F|  |TS 11|AC  0|TAMS 0x0000000707a00000, 0x0000000707a00000|
| 123|0x0000000707b00000, 0x0000000707b00000, 0x0000000707c00000|  0%| F|  |TS 11|AC  0|TAMS 0x0000000707b00000, 0x0000000707b00000|
| 124|0x0000000707c00000, 0x0000000707c00000, 0x0000000707d00000|  0%| F|  |TS 17|AC  0|TAMS 0x0000000707c00000, 0x0000000707c00000|
| 125|0x0000000707d00000, 0x0000000707d00000, 0x0000000707e00000|  0%| F|  |TS 17|AC  0|TAMS 0x0000000707d00000, 0x0000000707d00000|
| 126|0x0000000707e00000, 0x0000000707e00000, 0x0000000707f00000|  0%| F|  |TS 17|AC  0|TAMS 0x0000000707e00000, 0x0000000707e00000|
| 127|0x0000000707f00000, 0x0000000707f00000, 0x0000000708000000|  0%| F|  |TS 17|AC  0|TAMS 0x0000000707f00000, 0x0000000707f00000|
| 128|0x0000000708000000, 0x0000000708000000, 0x0000000708100000|  0%| F|  |TS 17|AC  0|TAMS 0x0000000708000000, 0x0000000708000000|
| 129|0x0000000708100000, 0x0000000708100000, 0x0000000708200000|  0%| F|  |TS 15|AC  0|TAMS 0x0000000708100000, 0x0000000708100000|
| 130|0x0000000708200000, 0x00000007082dcf98, 0x0000000708300000| 86%| S|CS|TS 17|AC  0|TAMS 0x0000000708200000, 0x0000000708200000|
| 131|0x0000000708300000, 0x0000000708400000, 0x0000000708400000|100%| S|CS|TS 17|AC  0|TAMS 0x0000000708300000, 0x0000000708300000|
| 132|0x0000000708400000, 0x0000000708500000, 0x0000000708500000|100%| S|CS|TS 17|AC  0|TAMS 0x0000000708400000, 0x0000000708400000|
| 133|0x0000000708500000, 0x0000000708600000, 0x0000000708600000|100%| S|CS|TS 17|AC  0|TAMS 0x0000000708500000, 0x0000000708500000|
| 134|0x0000000708600000, 0x0000000708600000, 0x0000000708700000|  0%| F|  |TS 17|AC  0|TAMS 0x0000000708600000, 0x0000000708600000|
| 135|0x0000000708700000, 0x0000000708700000, 0x0000000708800000|  0%| F|  |TS 17|AC  0|TAMS 0x0000000708700000, 0x0000000708700000|
| 136|0x0000000708800000, 0x0000000708800000, 0x0000000708900000|  0%| F|  |TS 17|AC  0|TAMS 0x0000000708800000, 0x0000000708800000|
| 137|0x0000000708900000, 0x0000000708900000, 0x0000000708a00000|  0%| F|  |TS 17|AC  0|TAMS 0x0000000708900000, 0x0000000708900000|
| 138|0x0000000708a00000, 0x0000000708a00000, 0x0000000708b00000|  0%| F|  |TS 17|AC  0|TAMS 0x0000000708a00000, 0x0000000708a00000|
| 139|0x0000000708b00000, 0x0000000708b00000, 0x0000000708c00000|  0%| F|  |TS 17|AC  0|TAMS 0x0000000708b00000, 0x0000000708b00000|
| 140|0x0000000708c00000, 0x0000000708c00000, 0x0000000708d00000|  0%| F|  |TS 17|AC  0|TAMS 0x0000000708c00000, 0x0000000708c00000|
| 141|0x0000000708d00000, 0x0000000708d00000, 0x0000000708e00000|  0%| F|  |TS 17|AC  0|TAMS 0x0000000708d00000, 0x0000000708d00000|
| 142|0x0000000708e00000, 0x0000000708e00000, 0x0000000708f00000|  0%| F|  |TS 17|AC  0|TAMS 0x0000000708e00000, 0x0000000708e00000|
| 143|0x0000000708f00000, 0x0000000708f00000, 0x0000000709000000|  0%| F|  |TS 17|AC  0|TAMS 0x0000000708f00000, 0x0000000708f00000|
| 144|0x0000000709000000, 0x0000000709000000, 0x0000000709100000|  0%| F|  |TS 17|AC  0|TAMS 0x0000000709000000, 0x0000000709000000|
| 145|0x0000000709100000, 0x0000000709100000, 0x0000000709200000|  0%| F|  |TS 17|AC  0|TAMS 0x0000000709100000, 0x0000000709100000|
| 146|0x0000000709200000, 0x0000000709200000, 0x0000000709300000|  0%| F|  |TS 17|AC  0|TAMS 0x0000000709200000, 0x0000000709200000|
| 147|0x0000000709300000, 0x0000000709300000, 0x0000000709400000|  0%| F|  |TS 17|AC  0|TAMS 0x0000000709300000, 0x0000000709300000|
| 148|0x0000000709400000, 0x0000000709400000, 0x0000000709500000|  0%| F|  |TS 17|AC  0|TAMS 0x0000000709400000, 0x0000000709400000|
| 149|0x0000000709500000, 0x0000000709500000, 0x0000000709600000|  0%| F|  |TS 17|AC  0|TAMS 0x0000000709500000, 0x0000000709500000|
| 150|0x0000000709600000, 0x0000000709600000, 0x0000000709700000|  0%| F|  |TS 17|AC  0|TAMS 0x0000000709600000, 0x0000000709600000|
| 151|0x0000000709700000, 0x0000000709700000, 0x0000000709800000|  0%| F|  |TS 17|AC  0|TAMS 0x0000000709700000, 0x0000000709700000|
| 152|0x0000000709800000, 0x0000000709800000, 0x0000000709900000|  0%| F|  |TS 17|AC  0|TAMS 0x0000000709800000, 0x0000000709800000|
| 153|0x0000000709900000, 0x0000000709900000, 0x0000000709a00000|  0%| F|  |TS 17|AC  0|TAMS 0x0000000709900000, 0x0000000709900000|
| 154|0x0000000709a00000, 0x0000000709a00000, 0x0000000709b00000|  0%| F|  |TS 17|AC  0|TAMS 0x0000000709a00000, 0x0000000709a00000|
| 155|0x0000000709b00000, 0x0000000709b00000, 0x0000000709c00000|  0%| F|  |TS 17|AC  0|TAMS 0x0000000709b00000, 0x0000000709b00000|
| 156|0x0000000709c00000, 0x0000000709c00000, 0x0000000709d00000|  0%| F|  |TS 17|AC  0|TAMS 0x0000000709c00000, 0x0000000709c00000|
| 157|0x0000000709d00000, 0x0000000709d00000, 0x0000000709e00000|  0%| F|  |TS 17|AC  0|TAMS 0x0000000709d00000, 0x0000000709d00000|
| 158|0x0000000709e00000, 0x0000000709e00000, 0x0000000709f00000|  0%| F|  |TS 17|AC  0|TAMS 0x0000000709e00000, 0x0000000709e00000|
| 159|0x0000000709f00000, 0x0000000709f00000, 0x000000070a000000|  0%| F|  |TS 17|AC  0|TAMS 0x0000000709f00000, 0x0000000709f00000|
| 160|0x000000070a000000, 0x000000070a000000, 0x000000070a100000|  0%| F|  |TS 17|AC  0|TAMS 0x000000070a000000, 0x000000070a000000|
| 161|0x000000070a100000, 0x000000070a105148, 0x000000070a200000|  1%| E|  |TS 17|AC  0|TAMS 0x000000070a100000, 0x000000070a100000|
| 162|0x000000070a200000, 0x000000070a300000, 0x000000070a300000|100%| E|CS|TS 17|AC  0|TAMS 0x000000070a200000, 0x000000070a200000|
| 163|0x000000070a300000, 0x000000070a400000, 0x000000070a400000|100%| E|CS|TS 17|AC  0|TAMS 0x000000070a300000, 0x000000070a300000|
| 164|0x000000070a400000, 0x000000070a500000, 0x000000070a500000|100%| E|CS|TS 17|AC  0|TAMS 0x000000070a400000, 0x000000070a400000|
| 165|0x000000070a500000, 0x000000070a600000, 0x000000070a600000|100%| E|CS|TS 17|AC  0|TAMS 0x000000070a500000, 0x000000070a500000|
| 166|0x000000070a600000, 0x000000070a700000, 0x000000070a700000|100%| E|CS|TS 17|AC  0|TAMS 0x000000070a600000, 0x000000070a600000|
| 167|0x000000070a700000, 0x000000070a800000, 0x000000070a800000|100%| E|CS|TS 17|AC  0|TAMS 0x000000070a700000, 0x000000070a700000|
| 168|0x000000070a800000, 0x000000070a900000, 0x000000070a900000|100%| E|CS|TS 17|AC  0|TAMS 0x000000070a800000, 0x000000070a800000|
| 169|0x000000070a900000, 0x000000070aa00000, 0x000000070aa00000|100%| E|CS|TS 17|AC  0|TAMS 0x000000070a900000, 0x000000070a900000|
| 170|0x000000070aa00000, 0x000000070ab00000, 0x000000070ab00000|100%| E|CS|TS 17|AC  0|TAMS 0x000000070aa00000, 0x000000070aa00000|
| 171|0x000000070ab00000, 0x000000070ac00000, 0x000000070ac00000|100%| E|CS|TS 17|AC  0|TAMS 0x000000070ab00000, 0x000000070ab00000|
| 172|0x000000070ac00000, 0x000000070ad00000, 0x000000070ad00000|100%| E|CS|TS 17|AC  0|TAMS 0x000000070ac00000, 0x000000070ac00000|
| 173|0x000000070ad00000, 0x000000070ae00000, 0x000000070ae00000|100%| E|CS|TS 17|AC  0|TAMS 0x000000070ad00000, 0x000000070ad00000|
| 174|0x000000070ae00000, 0x000000070af00000, 0x000000070af00000|100%| E|CS|TS 17|AC  0|TAMS 0x000000070ae00000, 0x000000070ae00000|
| 175|0x000000070af00000, 0x000000070b000000, 0x000000070b000000|100%| E|CS|TS 17|AC  0|TAMS 0x000000070af00000, 0x000000070af00000|
| 176|0x000000070b000000, 0x000000070b100000, 0x000000070b100000|100%| E|CS|TS 17|AC  0|TAMS 0x000000070b000000, 0x000000070b000000|
| 177|0x000000070b100000, 0x000000070b200000, 0x000000070b200000|100%| E|CS|TS 17|AC  0|TAMS 0x000000070b100000, 0x000000070b100000|
| 178|0x000000070b200000, 0x000000070b300000, 0x000000070b300000|100%| E|CS|TS 17|AC  0|TAMS 0x000000070b200000, 0x000000070b200000|
| 179|0x000000070b300000, 0x000000070b400000, 0x000000070b400000|100%| E|CS|TS 17|AC  0|TAMS 0x000000070b300000, 0x000000070b300000|
| 180|0x000000070b400000, 0x000000070b500000, 0x000000070b500000|100%| E|CS|TS 17|AC  0|TAMS 0x000000070b400000, 0x000000070b400000|
| 181|0x000000070b500000, 0x000000070b600000, 0x000000070b600000|100%| E|CS|TS 17|AC  0|TAMS 0x000000070b500000, 0x000000070b500000|
| 182|0x000000070b600000, 0x000000070b700000, 0x000000070b700000|100%| E|CS|TS 17|AC  0|TAMS 0x000000070b600000, 0x000000070b600000|
| 183|0x000000070b700000, 0x000000070b800000, 0x000000070b800000|100%| E|CS|TS 17|AC  0|TAMS 0x000000070b700000, 0x000000070b700000|
| 184|0x000000070b800000, 0x000000070b900000, 0x000000070b900000|100%| E|CS|TS 17|AC  0|TAMS 0x000000070b800000, 0x000000070b800000|
| 185|0x000000070b900000, 0x000000070ba00000, 0x000000070ba00000|100%| E|CS|TS 17|AC  0|TAMS 0x000000070b900000, 0x000000070b900000|
| 186|0x000000070ba00000, 0x000000070bb00000, 0x000000070bb00000|100%| E|CS|TS 17|AC  0|TAMS 0x000000070ba00000, 0x000000070ba00000|
| 187|0x000000070bb00000, 0x000000070bc00000, 0x000000070bc00000|100%| E|CS|TS 17|AC  0|TAMS 0x000000070bb00000, 0x000000070bb00000|
| 188|0x000000070bc00000, 0x000000070bd00000, 0x000000070bd00000|100%| E|CS|TS 17|AC  0|TAMS 0x000000070bc00000, 0x000000070bc00000|

Card table byte_map: [0x0000029d320e0000,0x0000029d326e0000] byte_map_base: 0x0000029d2e8e0000

Marking Bits (Prev, Next): (CMBitMap*) 0x0000029d19a1cd30, (CMBitMap*) 0x0000029d19a1cd68
 Prev Bits: [0x0000029d32ce0000, 0x0000029d35ce0000)
 Next Bits: [0x0000029d35ce0000, 0x0000029d38ce0000)

Polling page: 0x0000029d129f0000

CodeHeap 'non-profiled nmethods': size=120000Kb used=10585Kb max_used=10585Kb free=109414Kb
 bounds [0x0000029d2abb0000, 0x0000029d2b610000, 0x0000029d320e0000]
CodeHeap 'profiled nmethods': size=120000Kb used=30263Kb max_used=30263Kb free=89736Kb
 bounds [0x0000029d23680000, 0x0000029d25430000, 0x0000029d2abb0000]
CodeHeap 'non-nmethods': size=5760Kb used=1718Kb max_used=1764Kb free=4041Kb
 bounds [0x0000029d230e0000, 0x0000029d23350000, 0x0000029d23680000]
 total_blobs=18030 nmethods=11626 adapters=1032
 compilation: enabled

Compilation events (10 events):
Event: 22.896 Thread 0x0000029d1c3d0000 12782       3       javax.swing.text.DefaultCaret::setDot (9 bytes)
Event: 22.896 Thread 0x0000029d1c3d0000 nmethod 12782 0x0000029d2541f490 code [0x0000029d2541f640, 0x0000029d2541f850]
Event: 22.896 Thread 0x0000029d1c3d0000 12781       3       javax.swing.text.DefaultCaret::changeCaretPosition (80 bytes)
Event: 22.897 Thread 0x0000029d1c3d0000 nmethod 12781 0x0000029d2541f910 code [0x0000029d2541fc40, 0x0000029d25421280]
Event: 22.897 Thread 0x0000029d1c3d0000 12780       1       ui.utils.o.w.Y::f (5 bytes)
Event: 22.897 Thread 0x0000029d1c3d0000 nmethod 12780 0x0000029d2b606410 code [0x0000029d2b6065c0, 0x0000029d2b6066b8]
Event: 22.897 Thread 0x0000029d1c3d0000 12783       3       ui.b.c.Q::a (11 bytes)
Event: 22.898 Thread 0x0000029d1c3d0000 nmethod 12783 0x0000029d25421910 code [0x0000029d25421ac0, 0x0000029d25421cd0]
Event: 22.898 Thread 0x0000029d1c3d0000 12784       3       com.jidesoft.swing.JideButton::setText (10 bytes)
Event: 22.898 Thread 0x0000029d1c3d0000 nmethod 12784 0x0000029d25421d90 code [0x0000029d25421f60, 0x0000029d25422140]

GC Heap History (10 events):
Event: 19.339 GC heap before
{Heap before GC invocations=21 (full 1):
 garbage-first heap   total 160768K, used 121546K [0x0000000700000000, 0x00000007001004e8, 0x00000007c0000000)
  region size 1024K, 60 young (61440K), 2 survivors (2048K)
 Metaspace       used 66214K, capacity 70254K, committed 70472K, reserved 1110016K
  class space    used 9305K, capacity 10049K, committed 10056K, reserved 1048576K
}
Event: 19.342 GC heap after
{Heap after GC invocations=22 (full 1):
 garbage-first heap   total 160768K, used 62134K [0x0000000700000000, 0x00000007001004e8, 0x00000007c0000000)
  region size 1024K, 2 young (2048K), 2 survivors (2048K)
 Metaspace       used 66214K, capacity 70254K, committed 70472K, reserved 1110016K
  class space    used 9305K, capacity 10049K, committed 10056K, reserved 1048576K
}
Event: 20.263 GC heap before
{Heap before GC invocations=22 (full 1):
 garbage-first heap   total 160768K, used 121526K [0x0000000700000000, 0x00000007001004e8, 0x00000007c0000000)
  region size 1024K, 60 young (61440K), 2 survivors (2048K)
 Metaspace       used 68180K, capacity 72452K, committed 72648K, reserved 1112064K
  class space    used 9628K, capacity 10402K, committed 10440K, reserved 1048576K
}
Event: 20.276 GC heap after
{Heap after GC invocations=23 (full 1):
 garbage-first heap   total 193536K, used 65228K [0x0000000700000000, 0x00000007001005e8, 0x00000007c0000000)
  region size 1024K, 5 young (5120K), 5 survivors (5120K)
 Metaspace       used 68180K, capacity 72452K, committed 72648K, reserved 1112064K
  class space    used 9628K, capacity 10402K, committed 10440K, reserved 1048576K
}
Event: 21.389 GC heap before
{Heap before GC invocations=23 (full 1):
 garbage-first heap   total 193536K, used 121548K [0x0000000700000000, 0x00000007001005e8, 0x00000007c0000000)
  region size 1024K, 60 young (61440K), 5 survivors (5120K)
 Metaspace       used 68733K, capacity 73480K, committed 73544K, reserved 1112064K
  class space    used 9727K, capacity 10560K, committed 10568K, reserved 1048576K
}
Event: 21.395 GC heap after
{Heap after GC invocations=24 (full 1):
 garbage-first heap   total 193536K, used 64878K [0x0000000700000000, 0x00000007001005e8, 0x00000007c0000000)
  region size 1024K, 4 young (4096K), 4 survivors (4096K)
 Metaspace       used 68733K, capacity 73480K, committed 73544K, reserved 1112064K
  class space    used 9727K, capacity 10560K, committed 10568K, reserved 1048576K
}
Event: 21.760 GC heap before
{Heap before GC invocations=24 (full 1):
 garbage-first heap   total 193536K, used 122222K [0x0000000700000000, 0x00000007001005e8, 0x00000007c0000000)
  region size 1024K, 60 young (61440K), 4 survivors (4096K)
 Metaspace       used 68785K, capacity 73480K, committed 73544K, reserved 1112064K
  class space    used 9727K, capacity 10560K, committed 10568K, reserved 1048576K
}
Event: 21.765 GC heap after
{Heap after GC invocations=25 (full 1):
 garbage-first heap   total 193536K, used 65644K [0x0000000700000000, 0x00000007001005e8, 0x00000007c0000000)
  region size 1024K, 5 young (5120K), 5 survivors (5120K)
 Metaspace       used 68785K, capacity 73480K, committed 73544K, reserved 1112064K
  class space    used 9727K, capacity 10560K, committed 10568K, reserved 1048576K
}
Event: 22.616 GC heap before
{Heap before GC invocations=25 (full 1):
 garbage-first heap   total 193536K, used 122988K [0x0000000700000000, 0x00000007001005e8, 0x00000007c0000000)
  region size 1024K, 60 young (61440K), 5 survivors (5120K)
 Metaspace       used 69046K, capacity 73800K, committed 74056K, reserved 1112064K
  class space    used 9737K, capacity 10560K, committed 10568K, reserved 1048576K
}
Event: 22.620 GC heap after
{Heap after GC invocations=26 (full 1):
 garbage-first heap   total 193536K, used 65775K [0x0000000700000000, 0x00000007001005e8, 0x00000007c0000000)
  region size 1024K, 4 young (4096K), 4 survivors (4096K)
 Metaspace       used 69046K, capacity 73800K, committed 74056K, reserved 1112064K
  class space    used 9737K, capacity 10560K, committed 10568K, reserved 1048576K
}

Deoptimization events (10 events):
Event: 21.526 Thread 0x0000029d3c0f9000 Uncommon trap: reason=class_check action=maybe_recompile pc=0x0000029d2b4d61f0 method=de.javasoft.plaf.synthetica.StyleFactory.getStyle(Ljavax/swing/JComponent;Ljavax/swing/plaf/synth/Region;Ljavax/swing/plaf/synth/SynthStyle;Z)Ljavax/swing/plaf/synth/Syn
Event: 21.526 Thread 0x0000029d3c0f9000 Uncommon trap: reason=class_check action=maybe_recompile pc=0x0000029d2b4d61f0 method=de.javasoft.plaf.synthetica.StyleFactory.getStyle(Ljavax/swing/JComponent;Ljavax/swing/plaf/synth/Region;Ljavax/swing/plaf/synth/SynthStyle;Z)Ljavax/swing/plaf/synth/Syn
Event: 21.543 Thread 0x0000029d3c0f9000 Uncommon trap: reason=predicate action=maybe_recompile pc=0x0000029d2b50a650 method=com.jidesoft.editor.SyntaxUtils.regionMatches(ZLjavax/swing/text/Segment;I[C)Z @ 51 c2
Event: 21.543 Thread 0x0000029d3c0f9000 Uncommon trap: reason=predicate action=maybe_recompile pc=0x0000029d2b4c7bc8 method=com.jidesoft.editor.SyntaxUtils.regionMatches(ZLjavax/swing/text/Segment;I[C)Z @ 51 c2
Event: 21.557 Thread 0x0000029d3c0f9000 Uncommon trap: reason=bimorphic_or_optimized_type_check action=maybe_recompile pc=0x0000029d2b4a2830 method=java.awt.Container.addImpl(Ljava/awt/Component;Ljava/lang/Object;I)V @ 341 c2
Event: 21.878 Thread 0x0000029d3c0f9000 Uncommon trap: reason=bimorphic_or_optimized_type_check action=maybe_recompile pc=0x0000029d2b379550 method=java.util.ArrayList.addAll(Ljava/util/Collection;)Z @ 1 c2
Event: 22.647 Thread 0x0000029d3c0f9000 Uncommon trap: reason=array_check action=maybe_recompile pc=0x0000029d2b5d5914 method=java.util.AbstractCollection.toArray([Ljava/lang/Object;)[Ljava/lang/Object; @ 116 c2
Event: 22.647 Thread 0x0000029d3c0f9000 Uncommon trap: reason=array_check action=maybe_recompile pc=0x0000029d2b5d5914 method=java.util.AbstractCollection.toArray([Ljava/lang/Object;)[Ljava/lang/Object; @ 116 c2
Event: 22.647 Thread 0x0000029d3c0f9000 Uncommon trap: reason=array_check action=maybe_recompile pc=0x0000029d2b5d5914 method=java.util.AbstractCollection.toArray([Ljava/lang/Object;)[Ljava/lang/Object; @ 116 c2
Event: 22.676 Thread 0x0000029d3c0f9000 Uncommon trap: reason=array_check action=maybe_recompile pc=0x0000029d2b5d5914 method=java.util.AbstractCollection.toArray([Ljava/lang/Object;)[Ljava/lang/Object; @ 116 c2

Classes redefined (0 events):
No events

Internal exceptions (10 events):
Event: 20.515 Thread 0x0000029d3c0f9000 Exception <a 'java/lang/NoSuchMethodError'{0x000000070a0f1bb0}: java.lang.invoke.DelegatingMethodHandle$Holder.reinvoke_L(Ljava/lang/Object;Ljava/lang/Object;IILjava/lang/Object;Ljava/lang/Object;Ljava/lang/Object;Ljava/lang/Object;Ljava/lang/Object;Ljava
Event: 20.522 Thread 0x0000029d3c0f9000 Exception <a 'java/lang/NoSuchMethodError'{0x0000000709e107a0}: java.lang.invoke.DirectMethodHandle$Holder.invokeSpecial(Ljava/lang/Object;Ljava/lang/Object;IILjava/lang/Object;Ljava/lang/Object;Ljava/lang/Object;Ljava/lang/Object;Ljava/lang/Object;Ljava/
Event: 20.522 Thread 0x0000029d3c0f9000 Exception <a 'java/lang/NoSuchMethodError'{0x0000000709e15828}: java.lang.invoke.DelegatingMethodHandle$Holder.reinvoke_L(Ljava/lang/Object;IILjava/lang/Object;Ljava/lang/Object;Ljava/lang/Object;Ljava/lang/Object;Ljava/lang/Object;Ljava/lang/Object;Ljava
Event: 20.526 Thread 0x0000029d3c0f9000 Exception <a 'java/lang/NoSuchMethodError'{0x0000000709ee7130}: java.lang.invoke.DirectMethodHandle$Holder.invokeSpecial(Ljava/lang/Object;Ljava/lang/Object;Ljava/lang/Object;Ljava/lang/Object;Ljava/lang/Object;Ljava/lang/Object;Ljava/lang/Object;Ljava/la
Event: 20.529 Thread 0x0000029d3c0f9000 Exception <a 'java/lang/NoSuchMethodError'{0x0000000709d98178}: java.lang.invoke.DirectMethodHandle$Holder.invokeSpecial(Ljava/lang/Object;Ljava/lang/Object;IIILjava/lang/Object;IIII)Ljava/lang/Object;> (0x0000000709d98178) thrown at [t:/workspace/hotspot
Event: 20.529 Thread 0x0000029d3c0f9000 Exception <a 'java/lang/NoSuchMethodError'{0x0000000709d9b758}: java.lang.invoke.DelegatingMethodHandle$Holder.reinvoke_L(Ljava/lang/Object;IIILjava/lang/Object;IIII)Ljava/lang/Object;> (0x0000000709d9b758) thrown at [t:/workspace/hotspot/src/share/vm/int
Event: 20.531 Thread 0x0000029d3c0f9000 Exception <a 'java/lang/NoSuchMethodError'{0x0000000709df2bb0}: method resolution failed> (0x0000000709df2bb0) thrown at [t:/workspace/hotspot/src/share/vm/prims/methodHandles.cpp, line 1256]
Event: 20.531 Thread 0x0000029d3c0f9000 Exception <a 'java/lang/NoSuchMethodError'{0x0000000709df6210}: java.lang.invoke.DelegatingMethodHandle$Holder.reinvoke_L(Ljava/lang/Object;Ljava/lang/Object;IIII)Ljava/lang/Object;> (0x0000000709df6210) thrown at [t:/workspace/hotspot/src/share/vm/interp
Event: 20.612 Thread 0x0000029d3ee2e800 Exception <a 'java/lang/InterruptedException'{0x000000070990d978}: sleep interrupted> (0x000000070990d978) thrown at [t:/workspace/hotspot/src/share/vm/prims/jvm.cpp, line 2984]
Event: 20.616 Thread 0x0000029d3ee2e800 Exception <a 'java/lang/InterruptedException'{0x000000070991c1d0}: sleep interrupted> (0x000000070991c1d0) thrown at [t:/workspace/hotspot/src/share/vm/prims/jvm.cpp, line 2984]

Events (10 events):
Event: 22.897 loading class ui/b/f/y
Event: 22.897 loading class ui/b/f/y done
Event: 22.898 loading class ui/b/f/z
Event: 22.898 loading class ui/b/f/z done
Event: 22.899 loading class ui/xpeguajni/ap
Event: 22.899 loading class ui/xpeguajni/ap done
Event: 22.899 loading class ui/xpeguajni/H
Event: 22.899 loading class ui/xpeguajni/H done
Event: 22.900 loading class ui/xpeguajni/XPG_JModelJNI
Event: 22.900 loading class ui/xpeguajni/XPG_JModelJNI done


Dynamic libraries:
0x00007ff63a000000 - 0x00007ff63a030000 	D:\Vivado\2018.3\bin\unwrapped\win64.o\vivado.exe
0x00007ffd74fd0000 - 0x00007ffd751c5000 	C:\WINDOWS\SYSTEM32\ntdll.dll
0x00007ffd737d0000 - 0x00007ffd7388e000 	C:\WINDOWS\System32\KERNEL32.DLL
0x00007ffd726f0000 - 0x00007ffd729b8000 	C:\WINDOWS\System32\KERNELBASE.dll
0x00007ffd72ac0000 - 0x00007ffd72bc0000 	C:\WINDOWS\System32\ucrtbase.dll
0x00007ffd5eb20000 - 0x00007ffd5ebad000 	C:\WINDOWS\SYSTEM32\MSVCP140.dll
0x00007ffd6b500000 - 0x00007ffd6b514000 	D:\Vivado\2018.3\lib\win64.o\libboost_signals.dll
0x00007ffd6b3e0000 - 0x00007ffd6b3f4000 	D:\Vivado\2018.3\lib\win64.o\librdi_commonmain.dll
0x00007ffd5eb00000 - 0x00007ffd5eb1b000 	C:\WINDOWS\SYSTEM32\VCRUNTIME140.dll
0x00007ffd02860000 - 0x00007ffd036f4000 	D:\Vivado\2018.3\lib\win64.o\librdi_common.dll
0x00007ffd5eaf0000 - 0x00007ffd5eafc000 	C:\WINDOWS\SYSTEM32\VCRUNTIME140_1.dll
0x00007ffd56cf0000 - 0x00007ffd56d16000 	D:\Vivado\2018.3\lib\win64.o\libboost_filesystem.dll
0x00007ffd73500000 - 0x00007ffd736a0000 	C:\WINDOWS\System32\USER32.dll
0x00007ffd74b50000 - 0x00007ffd74bfe000 	C:\WINDOWS\System32\ADVAPI32.dll
0x00007ffd6b880000 - 0x00007ffd6b88a000 	D:\Vivado\2018.3\lib\win64.o\librdi_commonversion.dll
0x00007ffd72dd0000 - 0x00007ffd72df2000 	C:\WINDOWS\System32\win32u.dll
0x00007ffd73f70000 - 0x00007ffd7400e000 	C:\WINDOWS\System32\msvcrt.dll
0x00007ffd74de0000 - 0x00007ffd74e0a000 	C:\WINDOWS\System32\GDI32.dll
0x00007ffd73d20000 - 0x00007ffd73dbc000 	C:\WINDOWS\System32\sechost.dll
0x00007ffd52590000 - 0x00007ffd526b1000 	D:\Vivado\2018.3\lib\win64.o\librdi_commonxillic.dll
0x00007ffd72ea0000 - 0x00007ffd72fab000 	C:\WINDOWS\System32\gdi32full.dll
0x00007ffd74cb0000 - 0x00007ffd74dd5000 	C:\WINDOWS\System32\RPCRT4.dll
0x000000006d3b0000 - 0x000000006d4db000 	D:\Vivado\2018.3\lib\win64.o\tcl85t.dll
0x00007ffd72e00000 - 0x00007ffd72e9d000 	C:\WINDOWS\System32\msvcp_win.dll
0x00007ffd74ec0000 - 0x00007ffd74f2b000 	C:\WINDOWS\System32\WS2_32.dll
0x00007ffd74100000 - 0x00007ffd74844000 	C:\WINDOWS\System32\SHELL32.dll
0x00007ffd0e1d0000 - 0x00007ffd0e53e000 	D:\Vivado\2018.3\lib\win64.o\libCOIN-all.dll
0x00007ffd68dd0000 - 0x00007ffd68de4000 	D:\Vivado\2018.3\lib\win64.o\libboost_date_time.dll
0x00007ffd1c130000 - 0x00007ffd1c3e5000 	D:\Vivado\2018.3\lib\win64.o\libXil_lmgr11.dll
0x00007ffd74010000 - 0x00007ffd740eb000 	C:\WINDOWS\System32\COMDLG32.dll
0x00007ffd73890000 - 0x00007ffd73be4000 	C:\WINDOWS\System32\combase.dll
0x00007ffd528c0000 - 0x00007ffd5293f000 	D:\Vivado\2018.3\lib\win64.o\libboost_program_options.dll
0x00007ffd38100000 - 0x00007ffd38214000 	D:\Vivado\2018.3\lib\win64.o\libboost_regex.dll
0x00007ffd74c00000 - 0x00007ffd74cad000 	C:\WINDOWS\System32\shcore.dll
0x00007ffd6b6c0000 - 0x00007ffd6b6cb000 	D:\Vivado\2018.3\lib\win64.o\libboost_system.dll
0x00007ffd56c50000 - 0x00007ffd56c71000 	D:\Vivado\2018.3\lib\win64.o\libboost_thread.dll
0x00007ffd734a0000 - 0x00007ffd734f5000 	C:\WINDOWS\System32\SHLWAPI.dll
0x00007ffd6b3d0000 - 0x00007ffd6b3df000 	D:\Vivado\2018.3\lib\win64.o\libboost_xilinx.dll
0x00007ffd4daf0000 - 0x00007ffd4db72000 	D:\Vivado\2018.3\lib\win64.o\libhdlpsolve.dll
0x00007ffd375b0000 - 0x00007ffd37655000 	D:\Vivado\2018.3\lib\win64.o\libhdxml.dll
0x00007ffd73bf0000 - 0x00007ffd73cbd000 	C:\WINDOWS\System32\OLEAUT32.dll
0x00007ffd736a0000 - 0x00007ffd737ca000 	C:\WINDOWS\System32\ole32.dll
0x00007ffd72a50000 - 0x00007ffd72ab8000 	C:\WINDOWS\System32\WINTRUST.dll
0x00007ffd00e60000 - 0x00007ffd016ae600 	D:\Vivado\2018.3\lib\win64.o\libisl_iostreams.dll
0x00007ffd56c20000 - 0x00007ffd56c4e000 	D:\Vivado\2018.3\lib\win64.o\libisl_sysinfo.dll
0x00007ffd4fd30000 - 0x00007ffd4fd95000 	D:\Vivado\2018.3\lib\win64.o\liblmx6.0.dll
0x00007ffd72c70000 - 0x00007ffd72dc6000 	C:\WINDOWS\System32\CRYPT32.dll
0x00007ffd63c10000 - 0x00007ffd63c2a000 	D:\Vivado\2018.3\lib\win64.o\pthreadVC2.dll
0x00007ffd597b0000 - 0x00007ffd597cc000 	D:\Vivado\2018.3\lib\win64.o\librdiconfig.dll
0x00007ffd52980000 - 0x00007ffd529a1000 	D:\Vivado\2018.3\lib\win64.o\librdizlib.dll
0x0000000012000000 - 0x0000000012272000 	D:\Vivado\2018.3\lib\win64.o\xerces-c_3_1.dll
0x00007ffd5db20000 - 0x00007ffd5db3a000 	C:\WINDOWS\SYSTEM32\NETAPI32.dll
0x00007ffd5cb20000 - 0x00007ffd5cff6000 	C:\WINDOWS\SYSTEM32\WININET.dll
0x00007ffd61400000 - 0x00007ffd615ec000 	C:\WINDOWS\SYSTEM32\urlmon.dll
0x00007ffd62b90000 - 0x00007ffd62c9a000 	C:\WINDOWS\SYSTEM32\WINHTTP.dll
0x00007ffd52520000 - 0x00007ffd5254e000 	C:\WINDOWS\SYSTEM32\VCOMP140.DLL
0x00007ffd56b70000 - 0x00007ffd56b79000 	C:\WINDOWS\SYSTEM32\WSOCK32.dll
0x00007ffcfb9a0000 - 0x00007ffcfc831000 	D:\Vivado\2018.3\lib\win64.o\gurobi65.dll
0x00007ffd5f120000 - 0x00007ffd5f1d0000 	C:\WINDOWS\WinSxS\amd64_microsoft.windows.common-controls_6595b64144ccf1df_5.82.19041.1110_none_792d1c772443f647\COMCTL32.dll
0x00007ffd6ab90000 - 0x00007ffd6ab9d000 	D:\Vivado\2018.3\lib\win64.o\libboost_chrono.dll
0x00007ffd69d50000 - 0x00007ffd69d6d000 	C:\WINDOWS\SYSTEM32\dhcpcsvc.DLL
0x00007ffd59760000 - 0x00007ffd5977b000 	D:\Vivado\2018.3\lib\win64.o\libboost_iostreams.dll
0x00007ffd52470000 - 0x00007ffd52495000 	D:\Vivado\2018.3\lib\win64.o\libisl_iosutils.dll
0x00007ffd5ac80000 - 0x00007ffd5af31000 	C:\WINDOWS\SYSTEM32\iertutil.dll
0x00007ffd5ab30000 - 0x00007ffd5ab58000 	C:\WINDOWS\SYSTEM32\srvcli.dll
0x00007ffd71c70000 - 0x00007ffd71c7c000 	C:\WINDOWS\SYSTEM32\netutils.dll
0x00007ffd73cd0000 - 0x00007ffd73d00000 	C:\WINDOWS\System32\IMM32.DLL
0x00007ffd722e0000 - 0x00007ffd722f2000 	C:\WINDOWS\SYSTEM32\MSASN1.dll
0x00007ffd70610000 - 0x00007ffd70622000 	C:\WINDOWS\SYSTEM32\kernel.appcore.dll
0x00007ffd0dcd0000 - 0x00007ffd0e1c5000 	D:\Vivado\2018.3\lib\win64.o\librdi_commontasks.dll
0x00007ffd6a680000 - 0x00007ffd6a68a000 	C:\WINDOWS\SYSTEM32\VERSION.dll
0x000000006c270000 - 0x000000006cc95000 	D:\Vivado\2018.3\tps\win64\jre9.0.4\bin\server\jvm.dll
0x00007ffd0d420000 - 0x00007ffd0d69f000 	D:\Vivado\2018.3\lib\win64.o\librdi_sio.dll
0x00007ffd73cc0000 - 0x00007ffd73cc8000 	C:\WINDOWS\System32\PSAPI.DLL
0x00007ffd5fc40000 - 0x00007ffd5fc67000 	C:\WINDOWS\SYSTEM32\WINMM.dll
0x00007ffd71b60000 - 0x00007ffd71b9b000 	C:\WINDOWS\SYSTEM32\IPHLPAPI.DLL
0x00007ffd37010000 - 0x00007ffd370ff000 	C:\WINDOWS\SYSTEM32\MSVCR120.dll
0x00007ffd71ec0000 - 0x00007ffd71f2a000 	C:\WINDOWS\SYSTEM32\MSWSOCK.DLL
0x00007ffd70810000 - 0x00007ffd70fa4000 	C:\WINDOWS\SYSTEM32\windows.storage.dll
0x00007ffd72160000 - 0x00007ffd7218c000 	C:\WINDOWS\SYSTEM32\Wldp.dll
0x00007ffcf95d0000 - 0x00007ffcfb992000 	D:\Vivado\2018.3\lib\win64.o\librdi_tcltasks.dll
0x00007ffd418c0000 - 0x00007ffd4192a000 	D:\Vivado\2018.3\lib\win64.o\librdi_boarddep.dll
0x00007ffd06ef0000 - 0x00007ffd072cc000 	D:\Vivado\2018.3\lib\win64.o\librdi_bitstream.dll
0x00007ffd35040000 - 0x00007ffd351be000 	D:\Vivado\2018.3\lib\win64.o\librdi_board.dll
0x00007ffd36f30000 - 0x00007ffd3700c000 	D:\Vivado\2018.3\lib\win64.o\librdi_chipscope.dll
0x00007ffd1f100000 - 0x00007ffd1f2b9000 	D:\Vivado\2018.3\lib\win64.o\librdi_chipscopeimpl.dll
0x00007ffd0db80000 - 0x00007ffd0dcc8000 	D:\Vivado\2018.3\lib\win64.o\librdi_containers.dll
0x00007ffcf7cc0000 - 0x00007ffcf95c5000 	D:\Vivado\2018.3\lib\win64.o\librdi_constraints.dll
0x00007ffcf5ea0000 - 0x00007ffcf7cbf000 	D:\Vivado\2018.3\lib\win64.o\librdi_coregen.dll
0x00007ffd00780000 - 0x00007ffd00e5a000 	D:\Vivado\2018.3\lib\win64.o\librdi_coregenipxact.dll
0x00007ffd00460000 - 0x00007ffd0077b000 	D:\Vivado\2018.3\lib\win64.o\librdi_dlyest.dll
0x00007ffcfcb90000 - 0x00007ffcfd0f0000 	D:\Vivado\2018.3\lib\win64.o\librdi_drc.dll
0x00007ffcf20a0000 - 0x00007ffcf5e9b000 	D:\Vivado\2018.3\lib\win64.o\librdi_designutils.dll
0x00007ffd285a0000 - 0x00007ffd28662000 	D:\Vivado\2018.3\lib\win64.o\librdi_dsp.dll
0x00007ffce0d00000 - 0x00007ffce133f000 	D:\Vivado\2018.3\lib\win64.o\librdi_filemgmt.dll
0x00007ffd00180000 - 0x00007ffd0045a000 	D:\Vivado\2018.3\lib\win64.o\librdi_guitools.dll
0x00007ffd382d0000 - 0x00007ffd3832d000 	D:\Vivado\2018.3\lib\win64.o\librdi_hdf.dll
0x00007ffcdf340000 - 0x00007ffcdf955000 	D:\Vivado\2018.3\lib\win64.o\librdi_memdata.dll
0x00007ffd371c0000 - 0x00007ffd37231000 	D:\Vivado\2018.3\lib\win64.o\librdi_memoryarray.dll
0x00007ffcdf960000 - 0x00007ffce0cf1000 	D:\Vivado\2018.3\lib\win64.o\librdi_implflow.dll
0x00007ffcdb350000 - 0x00007ffcdb98b000 	D:\Vivado\2018.3\lib\win64.o\librdi_netlist.dll
0x00007ffd44d00000 - 0x00007ffd44d50000 	D:\Vivado\2018.3\lib\win64.o\librdi_pfi.dll
0x00007ffcdb990000 - 0x00007ffcdf33c000 	D:\Vivado\2018.3\lib\win64.o\librdi_mig.dll
0x00007ffce1340000 - 0x00007ffcf2092000 	D:\Vivado\2018.3\lib\win64.o\librdi_device.dll
0x00007ffcffcb0000 - 0x00007ffcfffb7000 	D:\Vivado\2018.3\lib\win64.o\librdi_platform.dll
0x00007ffcd8e30000 - 0x00007ffcdb344000 	D:\Vivado\2018.3\lib\win64.o\librdi_place.dll
0x00007ffcd8730000 - 0x00007ffcd8e25000 	D:\Vivado\2018.3\lib\win64.o\librdi_power.dll
0x00007ffcd81d0000 - 0x00007ffcd8726000 	D:\Vivado\2018.3\lib\win64.o\librdi_project.dll
0x00007ffcd7ad0000 - 0x00007ffcd81c3000 	D:\Vivado\2018.3\lib\win64.o\librdi_psta.dll
0x00007ffcd73f0000 - 0x00007ffcd7ac9000 	D:\Vivado\2018.3\lib\win64.o\librdi_rsb.dll
0x00007ffd1bf80000 - 0x00007ffd1c058000 	D:\Vivado\2018.3\lib\win64.o\librdi_runsbase.dll
0x00007ffcd7010000 - 0x00007ffcd73e7000 	D:\Vivado\2018.3\lib\win64.o\librdi_runs.dll
0x00007ffd0d1f0000 - 0x00007ffd0d418000 	D:\Vivado\2018.3\lib\win64.o\librdi_simdata.dll
0x00007ffcd6280000 - 0x00007ffcd700d000 	D:\Vivado\2018.3\lib\win64.o\librdi_timing.dll
0x00007ffd06d90000 - 0x00007ffd06ee4000 	D:\Vivado\2018.3\lib\win64.o\librdi_advchipscopeimpl.dll
0x00007ffd3ebd0000 - 0x00007ffd3ec1c000 	D:\Vivado\2018.3\lib\win64.o\libboost_serialization.dll
0x00007ffd1e7c0000 - 0x00007ffd1e878000 	D:\Vivado\2018.3\lib\win64.o\librdi_hip_devdesign.dll
0x00007ffd36210000 - 0x00007ffd362bb000 	D:\Vivado\2018.3\lib\win64.o\librdi_ipconfig_readwrite.dll
0x00007ffd51920000 - 0x00007ffd51958000 	D:\Vivado\2018.3\lib\win64.o\librdi_noc_frameworks.dll
0x00007ffcd5730000 - 0x00007ffcd6277000 	D:\Vivado\2018.3\lib\win64.o\libverific.dll
0x00007ffd21240000 - 0x00007ffd212de000 	D:\Vivado\2018.3\lib\win64.o\libise.dll
0x00007ffcd5370000 - 0x00007ffcd5725000 	D:\Vivado\2018.3\lib\win64.o\librdi_hip_config.dll
0x00007ffcd4e20000 - 0x00007ffcd536e000 	D:\Vivado\2018.3\lib\win64.o\librdi_xdm.dll
0x00007ffd38ca0000 - 0x00007ffd38ce9000 	D:\Vivado\2018.3\lib\win64.o\librdi_wavedata_SimpleApi.dll
0x00007ffcd4830000 - 0x00007ffcd4e14000 	D:\Vivado\2018.3\lib\win64.o\librdi_wavedata.dll
0x00007ffd24ee0000 - 0x00007ffd24f43000 	D:\Vivado\2018.3\lib\win64.o\librdi_hip_mathengine.dll
0x00007ffcd3820000 - 0x00007ffcd4822000 	D:\Vivado\2018.3\lib\win64.o\librdi_route.dll
0x00007ffcd18d0000 - 0x00007ffcd3812000 	D:\Vivado\2018.3\lib\win64.o\librdi_synth.dll

VM Arguments:
jvm_args: -Dsun.java2d.pmoffscreen=false -Dsun.java2d.xrender=false -Dsun.java2d.d3d=false -Dsun.awt.nopixfmt=true -Dsun.java2d.dpiaware=true -Dsun.java2d.uiScale.enabled=false -Xverify:none -Dswing.aatext=true -XX:-UsePerfData -Djdk.map.althashing.threshold=512 -XX:StringTableSize=4072 --add-opens=java.base/java.nio=ALL-UNNAMED --add-opens=java.desktop/sun.swing=ALL-UNNAMED --add-opens=java.desktop/javax.swing=ALL-UNNAMED --add-opens=java.desktop/javax.swing.tree=ALL-UNNAMED --add-opens=java.desktop/javax.swing.plaf.basic=ALL-UNNAMED --add-opens=java.desktop/javax.swing.plaf.synth=ALL-UNNAMED --add-opens=java.desktop/com.sun.awt=ALL-UNNAMED -XX:NewSize=60m -XX:MaxNewSize=60m -Xms128m -Xmx3072m -Xss5m 
java_command: <unknown>
java_class_path (initial): D:/Vivado/2018.3\lib\classes\alloy.jar;D:/Vivado/2018.3\lib\classes\autopilot.scelaborator.jar;D:/Vivado/2018.3\lib\classes\autopilot.sourceprocessor.jar;D:/Vivado/2018.3\lib\classes\autopilot.tbprocessor.jar;D:/Vivado/2018.3\lib\classes\batik-anim.jar;D:/Vivado/2018.3\lib\classes\batik-awt-util.jar;D:/Vivado/2018.3\lib\classes\batik-bridge.jar;D:/Vivado/2018.3\lib\classes\batik-codec.jar;D:/Vivado/2018.3\lib\classes\batik-css.jar;D:/Vivado/2018.3\lib\classes\batik-dom.jar;D:/Vivado/2018.3\lib\classes\batik-ext.jar;D:/Vivado/2018.3\lib\classes\batik-gui-util.jar;D:/Vivado/2018.3\lib\classes\batik-gvt.jar;D:/Vivado/2018.3\lib\classes\batik-parser.jar;D:/Vivado/2018.3\lib\classes\batik-script.jar;D:/Vivado/2018.3\lib\classes\batik-svg-dom.jar;D:/Vivado/2018.3\lib\classes\batik-swing.jar;D:/Vivado/2018.3\lib\classes\batik-transcoder.jar;D:/Vivado/2018.3\lib\classes\batik-util.jar;D:/Vivado/2018.3\lib\classes\batik-xml.jar;D:/Vivado/2018.3\lib\classes\com.ibm.icu_4.4.2.v20110208.jar;D:/Vivado/2018.3\lib\classes\commons-collections4-4.1.jar;D:/Vivado/2018.3\lib\classes\commons-math-2.2.jar;D:/Vivado/2018.3\lib\classes\dom4j-1.6.1.jar;D:/Vivado/2018.3\lib\classes\guava-18.0.jar;D:/Vivado/2018.3\lib\classes\help.jar;D:/Vivado/2018.3\lib\classes\hsqldb.jar;D:/Vivado/2018.3\lib\classes\jargs.jar;D:/Vivado/2018.3\lib\classes\jaxb-api-2.3.0.jar;D:/Vivado/2018.3\lib\classes\jh.jar;D:/Vivado/2018.3\lib\classes\jide-action.jar;D:/Vivado/2018.3\lib\classes\jide-charts.jar;D:/Vivado/2018.3\lib\classes\jide-common.jar;D:/Vivado/2018.3\lib\classes\jide-components.jar;D:/Vivado/2018.3\lib\classes\jide-dashboard.jar;D:/Vivado/2018.3\lib\classes\jide-data.jar;D:/Vivado/2018.3\lib\classes\jide-dialogs.jar;D:/Vivado/2018.3\lib\classes\jide-diff.jar;D:/Vivado/2018.3\lib\classes\jide-dock.jar;D:/Vivado/2018.3\lib\classes\jide-editor.jar;D:/Vivado/2018.3\lib\classes\jide-gantt.jar;D:/Vivado/2018.3\lib\classes\jide-grids.jar;D:/Vivado/2018.3\lib\classes\jide-pivot
Launcher Type: generic

Logging:
Log output configuration:
#0: stdout all=warning uptime,level,tags
#1: stderr all=off uptime,level,tags

Environment Variables:
JAVA_HOME=C:\Program Files\Java
CLASSPATH=;C:\Program Files\Java\lib\dt.jar;C:\Program Files\Java\lib\tools.jar
PATH=D:/Vivado/2018.3/bin;D:/Vivado/2018.3/lib/win64.o;D:/Vivado/2018.3/tps/win64/jre9.0.4/bin/server;D:/Vivado/2018.3/tps/win64/jre9.0.4/bin;D:/Vivado/2018.3/ids_lite/ISE/bin/nt64;D:/Vivado/2018.3/ids_lite/ISE/lib/nt64;D:\programTools\runtime\win64;D:\programTools\bin\;C:\Program Files\Common Files\Oracle\Java\javapath;C:\Program Files (x86)\Common Files\Oracle\Java\javapath;C:\Windows\system32;C:\Windows;C:\Windows\System32\Wbem;C:\Windows\System32\WindowsPowerShell\v1.0\;C:\Windows\System32\OpenSSH\;C:\Program Files (x86)\NVIDIA Corporation\PhysX\Common;D:\MYSQL\bin;D:\Graphviz\bin;D:\Download\apache-maven-3.8.1\bin;D:\programTools\protoc-3.6.1-win32\bin;D:\programTools\apache-tomcat-8.5.73\lib;D:\programTools\apache-tomcat-8.5.73\bin;C:\Program Files\Java\bin;C:\Program Files\Java\jre\bin;C:\Program Files (x86)\dotnet\;D:\programTools\Matlab\runtime\win64;D:\programTools\Matlab\bin;C:\Program Files\Git\cmd;C:\Users\finger\AppData\Local\Programs\Python\Python39\Scripts\;C:\Users\finger\AppData\Local\Programs\Python\Python39\;D:\Scripts\;D:\;C:\Users\finger\AppData\Local\Microsoft\WindowsApps;D:\Vscode\Microsoft VS Code\bin;C:\Program Files\Bandizip\;D:\ChromeCoreDownloads\PyCharm 2021.1.2\bin;;D:\programTools\CLion 2021.2.3\bin;C:\Program Files\CodeBlocks\MinGW\bin;C:\Users\finger\.dotnet\tools;D:/Vivado/2018.3\tps\mingw\6.2.0\win64.o\nt\bin;D:/Vivado/2018.3\tps\mingw\6.2.0\win64.o\nt\libexec\gcc\x86_64-w64-mingw32\6.2.0
USERNAME=»ÆÖ¸±ó
OS=Windows_NT
PROCESSOR_IDENTIFIER=Intel64 Family 6 Model 142 Stepping 12, GenuineIntel



---------------  S Y S T E M  ---------------

OS: Windows 10 , 64 bit Build 19041 (10.0.19041.1645)

CPU:total 8 (initial active 8) (4 cores per cpu, 2 threads per core) family 6 model 142 stepping 12, cmov, cx8, fxsr, mmx, sse, sse2, sse3, ssse3, sse4.1, sse4.2, popcnt, avx, avx2, aes, clmul, erms, 3dnowpref, lzcnt, ht, tsc, tscinvbit, bmi1, bmi2, adx, fma

Memory: 4k page, physical 16601588k(6992148k free), swap 21320180k(9165052k free)

vm_info: Java HotSpot(TM) 64-Bit Server VM (9.0.4+11) for windows-amd64 JRE (9.0.4+11), built on Dec 20 2017 02:18:54 by "mach5one" with MS VC++ 12.0 (VS2013)

END.
