Copyright 1986-2018 Xilinx, Inc. All Rights Reserved.
------------------------------------------------------------------------------------
| Tool Version : Vivado v.2018.3 (win64) Build 2405991 Thu Dec  6 23:38:27 MST 2018
| Date         : Sun May 15 21:46:55 2022
| Host         : LAPTOP-NMF7S97L running 64-bit major release  (build 9200)
| Command      : upgrade_ip
| Device       : xc7a12ticsg325-1L
------------------------------------------------------------------------------------

Upgrade Log for IP 'blk_mem_gen_0'

1. Summary
----------

SUCCESS in the conversion of blk_mem_gen_0 (xilinx.com:ip:blk_mem_gen:8.4 (Rev. 2)) to Vivado generation flows.






Copyright 1986-2018 Xilinx, Inc. All Rights Reserved.
------------------------------------------------------------------------------------
| Tool Version : Vivado v.2018.3 (win64) Build 2405991 Thu Dec  6 23:38:27 MST 2018
| Date         : Sun May 15 21:43:02 2022
| Host         : LAPTOP-NMF7S97L running 64-bit major release  (build 9200)
| Command      : upgrade_ip
| Device       : xc7a12ticsg325-1L
------------------------------------------------------------------------------------

Upgrade Log for IP 'blk_mem'

1. Summary
----------

SUCCESS in the conversion of blk_mem (xilinx.com:ip:blk_mem_gen:8.4 (Rev. 2)) to Vivado generation flows.

