#-----------------------------------------------------------
# Vivado v2018.3 (64-bit)
# SW Build 2405991 on Thu Dec  6 23:38:27 MST 2018
# IP Build 2404404 on Fri Dec  7 01:43:56 MST 2018
# Start of session at: Tue Jun 28 16:28:15 2022
# Process ID: 3000
# Current directory: C:/Users/finger/Desktop/200111527_»ÆÖ¸±ó_file/cache
# Command line: vivado.exe -gui_launcher_event rodinguilauncherevent5904 C:\Users\finger\Desktop\200111527_»ÆÖ¸±ó_file\cache\cache.xpr
# Log file: C:/Users/finger/Desktop/200111527_»ÆÖ¸±ó_file/cache/vivado.log
# Journal file: C:/Users/finger/Desktop/200111527_»ÆÖ¸±ó_file/cache\vivado.jou
#-----------------------------------------------------------
start_gui
open_project C:/Users/finger/Desktop/200111527_»ÆÖ¸±ó_file/cache/cache.xpr
INFO: [Project 1-313] Project file moved from 'C:/Users/finger/Desktop/cache' since last save.
Scanning sources...
Finished scanning sources
INFO: [IP_Flow 19-234] Refreshing IP repositories
INFO: [IP_Flow 19-1704] No user IP repositories specified
INFO: [IP_Flow 19-2313] Loaded Vivado IP repository 'D:/Vivado/2018.3/data/ip'.
open_project: Time (s): cpu = 00:00:14 ; elapsed = 00:00:05 . Memory (MB): peak = 673.703 ; gain = 69.961
update_compile_order -fileset sources_1
INFO: [Device 21-403] Loading part xc7a12ticsg325-1L
WARNING: [IP_Flow 19-4067] Ignoring invalid widget type specified checkbox.Providing a default widget
WARNING: [IP_Flow 19-4067] Ignoring invalid widget type specified checkbox.Providing a default widget
exit
INFO: [Common 17-206] Exiting Vivado at Tue Jun 28 17:21:09 2022...
