#-----------------------------------------------------------
# Vivado v2018.3 (64-bit)
# SW Build 2405991 on Thu Dec  6 23:38:27 MST 2018
# IP Build 2404404 on Fri Dec  7 01:43:56 MST 2018
# Start of session at: Sun May 15 21:41:27 2022
# Process ID: 15916
# Current directory: C:/Users/finger/Desktop/cache
# Command line: vivado.exe -gui_launcher_event rodinguilauncherevent5976 C:\Users\finger\Desktop\cache\cache.xpr
# Log file: C:/Users/finger/Desktop/cache/vivado.log
# Journal file: C:/Users/finger/Desktop/cache\vivado.jou
#-----------------------------------------------------------
start_gui
open_project -part xc7a12ticsg325-1L C:/Users/finger/Desktop/cache/cache.xpr
INFO: [Project 1-313] Project file moved from 'D:/cache' since last save.
Scanning sources...
Finished scanning sources
INFO: [Project 1-573] Overriding 'synth_1' run's part, 'xc7vx485tffg1157-1', with new part: 'xc7a12ticsg325-1L'.
INFO: [Project 1-573] Overriding 'blk_mem_synth_1' run's part, 'xc7vx485tffg1157-1', with new part: 'xc7a12ticsg325-1L'.
INFO: [Project 1-573] Overriding 'blk_mem_gen_0_synth_1' run's part, 'xc7vx485tffg1157-1', with new part: 'xc7a12ticsg325-1L'.
INFO: [Project 1-573] Overriding 'impl_1' run's part, 'xc7vx485tffg1157-1', with new part: 'xc7a12ticsg325-1L'.
INFO: [Project 1-573] Overriding 'blk_mem_impl_1' run's part, 'xc7vx485tffg1157-1', with new part: 'xc7a12ticsg325-1L'.
INFO: [Project 1-573] Overriding 'blk_mem_gen_0_impl_1' run's part, 'xc7vx485tffg1157-1', with new part: 'xc7a12ticsg325-1L'.
INFO: [Project 1-563] Overriding project part, 'xc7vx485tffg1157-1', with new part: 'xc7a12ticsg325-1L'.
INFO: [IP_Flow 19-234] Refreshing IP repositories
INFO: [IP_Flow 19-1704] No user IP repositories specified
INFO: [IP_Flow 19-2313] Loaded Vivado IP repository 'D:/Vivado/2018.3/data/ip'.
WARNING: [IP_Flow 19-2162] IP 'blk_mem' is locked:
* Current project part 'xc7a12ticsg325-1L' and the part 'xc7vx485tffg1157-1' used to customize the IP 'blk_mem' do not match.
Please select 'Report IP Status' from the 'Tools/Report' menu or run Tcl command 'report_ip_status' for more information.
WARNING: [IP_Flow 19-2162] IP 'blk_mem_gen_0' is locked:
* Current project part 'xc7a12ticsg325-1L' and the part 'xc7vx485tffg1157-1' used to customize the IP 'blk_mem_gen_0' do not match.
Please select 'Report IP Status' from the 'Tools/Report' menu or run Tcl command 'report_ip_status' for more information.
open_project: Time (s): cpu = 00:00:18 ; elapsed = 00:00:08 . Memory (MB): peak = 673.789 ; gain = 65.094
update_compile_order -fileset sources_1
upgrade_ip -srcset blk_mem -vlnv xilinx.com:ip:blk_mem_gen:8.4 [get_ips  blk_mem] -log ip_upgrade.log
Upgrading 'blk_mem'
INFO: [Project 1-386] Moving file 'C:/Users/finger/Desktop/cache/cache.srcs/sources_1/ip/blk_mem/blk_mem.xci' from fileset 'blk_mem' to fileset 'sources_1'.
INFO: [Device 21-403] Loading part xc7a12ticsg325-1L
INFO: [IP_Flow 19-3420] Updated blk_mem to use current project options
INFO: [IP_Flow 19-1686] Generating 'Instantiation Template' target for IP 'blk_mem'...
INFO: [Coretcl 2-1525] Wrote upgrade log to 'C:/Users/finger/Desktop/cache/ip_upgrade.log'.
upgrade_ip: Time (s): cpu = 00:00:18 ; elapsed = 00:00:19 . Memory (MB): peak = 928.801 ; gain = 234.770
export_ip_user_files -of_objects [get_ips blk_mem] -no_script -sync -force -quiet
update_compile_order -fileset sources_1
exit
INFO: [Common 17-206] Exiting Vivado at Sun May 15 21:43:59 2022...
