srcscan starts
INFO: analyzing module cache (VERI-9002)
C:/Users/finger/AppData/Local/Temp/VivadoEditorAssist6694040148531905973.tmp(33): WARNING: syntax error near wire (VERI-1137)
C:/Users/finger/AppData/Local/Temp/VivadoEditorAssist6694040148531905973.tmp(33): ERROR: Verilog 2000 keyword wire used in incorrect context (VERI-2344)
C:/Users/finger/AppData/Local/Temp/VivadoEditorAssist6694040148531905973.tmp(36): WARNING: syntax error near wire (VERI-1137)
C:/Users/finger/AppData/Local/Temp/VivadoEditorAssist6694040148531905973.tmp(36): ERROR: Verilog 2000 keyword wire used in incorrect context (VERI-2344)
C:/Users/finger/AppData/Local/Temp/VivadoEditorAssist6694040148531905973.tmp(55): INFO: undeclared symbol cache_index, assumed default net type wire (VERI-9004)
C:/Users/finger/AppData/Local/Temp/VivadoEditorAssist6694040148531905973.tmp(56): INFO: undeclared symbol cache_line_r, assumed default net type wire (VERI-9004)
C:/Users/finger/AppData/Local/Temp/VivadoEditorAssist6694040148531905973.tmp(57): INFO: undeclared symbol cache_line, assumed default net type wire (VERI-9004)
C:/Users/finger/AppData/Local/Temp/VivadoEditorAssist6694040148531905973.tmp(73): WARNING: syntax error near ) (VERI-1137)
C:/Users/finger/AppData/Local/Temp/VivadoEditorAssist6694040148531905973.tmp(74): WARNING: syntax error near ; (VERI-1137)
C:/Users/finger/AppData/Local/Temp/VivadoEditorAssist6694040148531905973.tmp(73): WARNING: empty statement in sequential block (VERI-1988)
C:/Users/finger/AppData/Local/Temp/VivadoEditorAssist6694040148531905973.tmp(76): WARNING: syntax error near ; (VERI-1137)
C:/Users/finger/AppData/Local/Temp/VivadoEditorAssist6694040148531905973.tmp(75): WARNING: empty statement in sequential block (VERI-1988)
C:/Users/finger/AppData/Local/Temp/VivadoEditorAssist6694040148531905973.tmp(80): WARNING: syntax error near ) (VERI-1137)
C:/Users/finger/AppData/Local/Temp/VivadoEditorAssist6694040148531905973.tmp(81): WARNING: syntax error near ; (VERI-1137)
C:/Users/finger/AppData/Local/Temp/VivadoEditorAssist6694040148531905973.tmp(80): WARNING: empty statement in sequential block (VERI-1988)
C:/Users/finger/AppData/Local/Temp/VivadoEditorAssist6694040148531905973.tmp(83): WARNING: syntax error near ; (VERI-1137)
C:/Users/finger/AppData/Local/Temp/VivadoEditorAssist6694040148531905973.tmp(82): WARNING: empty statement in sequential block (VERI-1988)
C:/Users/finger/AppData/Local/Temp/VivadoEditorAssist6694040148531905973.tmp(87): WARNING: syntax error near ) (VERI-1137)
C:/Users/finger/AppData/Local/Temp/VivadoEditorAssist6694040148531905973.tmp(88): WARNING: syntax error near ; (VERI-1137)
C:/Users/finger/AppData/Local/Temp/VivadoEditorAssist6694040148531905973.tmp(87): WARNING: empty statement in sequential block (VERI-1988)
C:/Users/finger/AppData/Local/Temp/VivadoEditorAssist6694040148531905973.tmp(90): WARNING: syntax error near ; (VERI-1137)
C:/Users/finger/AppData/Local/Temp/VivadoEditorAssist6694040148531905973.tmp(89): WARNING: empty statement in sequential block (VERI-1988)
C:/Users/finger/AppData/Local/Temp/VivadoEditorAssist6694040148531905973.tmp(100): WARNING: syntax error near ) (VERI-1137)
C:/Users/finger/AppData/Local/Temp/VivadoEditorAssist6694040148531905973.tmp(112): WARNING: syntax error near end (VERI-1137)
C:/Users/finger/AppData/Local/Temp/VivadoEditorAssist6694040148531905973.tmp(112): ERROR: Verilog 2000 keyword end used in incorrect context (VERI-2344)
C:/Users/finger/AppData/Local/Temp/VivadoEditorAssist6694040148531905973.tmp(116): WARNING: syntax error near end (VERI-1137)
C:/Users/finger/AppData/Local/Temp/VivadoEditorAssist6694040148531905973.tmp(116): ERROR: Verilog 2000 keyword end used in incorrect context (VERI-2344)
C:/Users/finger/AppData/Local/Temp/VivadoEditorAssist6694040148531905973.tmp(120): WARNING: syntax error near end (VERI-1137)
C:/Users/finger/AppData/Local/Temp/VivadoEditorAssist6694040148531905973.tmp(120): ERROR: Verilog 2000 keyword end used in incorrect context (VERI-2344)
C:/Users/finger/AppData/Local/Temp/VivadoEditorAssist6694040148531905973.tmp(42): ERROR: 'tag_from_cache' is not declared (VERI-1128)
C:/Users/finger/AppData/Local/Temp/VivadoEditorAssist6694040148531905973.tmp(42): ERROR: 'tag_from_cpu' is not declared (VERI-1128)
C:/Users/finger/AppData/Local/Temp/VivadoEditorAssist6694040148531905973.tmp(42): ERROR: 'valid_bit' is not declared (VERI-1128)
C:/Users/finger/AppData/Local/Temp/VivadoEditorAssist6694040148531905973.tmp(45): ERROR: 'offset' is not declared (VERI-1128)
C:/Users/finger/AppData/Local/Temp/VivadoEditorAssist6694040148531905973.tmp(45): ERROR: cannot index into non-array type wire for 'cache_line' (VERI-1011)
C:/Users/finger/AppData/Local/Temp/VivadoEditorAssist6694040148531905973.tmp(46): ERROR: 'offset' is not declared (VERI-1128)
C:/Users/finger/AppData/Local/Temp/VivadoEditorAssist6694040148531905973.tmp(46): ERROR: cannot index into non-array type wire for 'cache_line' (VERI-1011)
C:/Users/finger/AppData/Local/Temp/VivadoEditorAssist6694040148531905973.tmp(47): ERROR: 'offset' is not declared (VERI-1128)
C:/Users/finger/AppData/Local/Temp/VivadoEditorAssist6694040148531905973.tmp(47): ERROR: cannot index into non-array type wire for 'cache_line' (VERI-1011)
C:/Users/finger/AppData/Local/Temp/VivadoEditorAssist6694040148531905973.tmp(47): ERROR: cannot index into non-array type wire for 'cache_line' (VERI-1011)
C:/Users/finger/AppData/Local/Temp/VivadoEditorAssist6694040148531905973.tmp(49): ERROR: 'hit' is not declared (VERI-1128)
INFO: analyzing module mem_wrap (VERI-9002)
INFO: analyzing module driver (VERI-9002)
srcscan exits with return value 0
